Log file open, 03/11/18 10:20:23
LogWindows: Failed to load 'aqProf.dll' (GetLastError=126)
LogWindows: File 'aqProf.dll' does not exist
LogWindows: Failed to load 'VSPerf140.dll' (GetLastError=126)
LogWindows: File 'VSPerf140.dll' does not exist
LogWindows: Failed to load 'VtuneApi.dll' (GetLastError=126)
LogWindows: File 'VtuneApi.dll' does not exist
LogWindows: Failed to load 'VtuneApi32e.dll' (GetLastError=126)
LogWindows: File 'VtuneApi32e.dll' does not exist
LogInit: Display: Running engine for game: HadesGame_01
LogPlatformFile: Not using cached read wrapper
LogInit: Display: RandInit(-2082673285) SRandInit(-2082673285).
LogInit: Read version file with build ID '3709383'
LogInit: Overriding engine version to CL 3832480, compatible CL 3709383
LogInit: Registered custom module enumerator with build ID '3709383'
LogTaskGraph: Started task graph with 5 named threads and 20 total threads with 3 sets of task threads.
LogStats: Stats thread started at 0.612279
LogD3D11RHI: Aftermath initialized
LogModuleManager: Display: Found up-to-date module file ../../../Engine/Plugins/Runtime/ApexDestruction/Binaries/Win64/UE4Editor-ApexDestruction.dll (API version 3709383).
LogModuleManager: Display: Found up-to-date module file ../../../Engine/Plugins/Runtime/ApexDestruction/Binaries/Win64/UE4Editor-ApexDestructionEditor.dll (API version 3709383).
LogModuleManager: Display: Found up-to-date module file ../../../Engine/Plugins/Marketplace/MixamoAnimationRetargeting/MixamoAnimationRetargeting/Binaries/Win64/UE4Editor-MixamoAnimationRetargeting.dll (API version 3709383).
LogModuleManager: Display: Found up-to-date module file ../../../Engine/Plugins/2D/Paper2D/Binaries/Win64/UE4Editor-Paper2D.dll (API version 3709383).
LogModuleManager: Display: Found up-to-date module file ../../../Engine/Plugins/2D/Paper2D/Binaries/Win64/UE4Editor-Paper2DEditor.dll (API version 3709383).
LogModuleManager: Display: Found up-to-date module file ../../../Engine/Plugins/2D/Paper2D/Binaries/Win64/UE4Editor-PaperSpriteSheetImporter.dll (API version 3709383).
LogModuleManager: Display: Found up-to-date module file ../../../Engine/Plugins/2D/Paper2D/Binaries/Win64/UE4Editor-PaperTiledImporter.dll (API version 3709383).
LogModuleManager: Display: Found up-to-date module file ../../../Engine/Plugins/2D/Paper2D/Binaries/Win64/UE4Editor-SmartSnapping.dll (API version 3709383).
LogModuleManager: Display: Found up-to-date module file ../../../Engine/Plugins/Blendables/LightPropagationVolume/Binaries/Win64/UE4Editor-LightPropagationVolumeRuntime.dll (API version 3709383).
LogModuleManager: Display: Found up-to-date module file ../../../Engine/Plugins/Blendables/LightPropagationVolume/Binaries/Win64/UE4Editor-LightPropagationVolumeEditor.dll (API version 3709383).
LogModuleManager: Display: Found up-to-date module file ../../../Engine/Plugins/Developer/GitSourceControl/Binaries/Win64/UE4Editor-GitSourceControl.dll (API version 3709383).
LogModuleManager: Display: Found up-to-date module file ../../../Engine/Plugins/Developer/PerforceSourceControl/Binaries/Win64/UE4Editor-PerforceSourceControl.dll (API version 3709383).
LogModuleManager: Display: Found up-to-date module file ../../../Engine/Plugins/Developer/SubversionSourceControl/Binaries/Win64/UE4Editor-SubversionSourceControl.dll (API version 3709383).
LogModuleManager: Display: Found up-to-date module file ../../../Engine/Plugins/Developer/UObjectPlugin/Binaries/Win64/UE4Editor-UObjectPlugin.dll (API version 3709383).
LogModuleManager: Display: Found up-to-date module file ../../../Engine/Plugins/Developer/VisualStudioCodeSourceCodeAccess/Binaries/Win64/UE4Editor-VisualStudioCodeSourceCodeAccess.dll (API version 3709383).
LogModuleManager: Display: Found up-to-date module file ../../../Engine/Plugins/Developer/VisualStudioSourceCodeAccess/Binaries/Win64/UE4Editor-VisualStudioSourceCodeAccess.dll (API version 3709383).
LogModuleManager: Display: Found up-to-date module file ../../../Engine/Plugins/Editor/AssetManagerEditor/Binaries/Win64/UE4Editor-AssetManagerEditor.dll (API version 3709383).
LogModuleManager: Display: Found up-to-date module file ../../../Engine/Plugins/Editor/AudioCapture/Binaries/Win64/UE4Editor-AudioCapture.dll (API version 3709383).
LogModuleManager: Display: Found up-to-date module file ../../../Engine/Plugins/Editor/FacialAnimation/Binaries/Win64/UE4Editor-FacialAnimation.dll (API version 3709383).
LogModuleManager: Display: Found up-to-date module file ../../../Engine/Plugins/Editor/FacialAnimation/Binaries/Win64/UE4Editor-FacialAnimationEditor.dll (API version 3709383).
LogModuleManager: Display: Found up-to-date module file ../../../Engine/Plugins/Editor/GameplayTagsEditor/Binaries/Win64/UE4Editor-GameplayTagsEditor.dll (API version 3709383).
LogModuleManager: Display: Found up-to-date module file ../../../Engine/Plugins/Editor/MobileLauncherProfileWizard/Binaries/Win64/UE4Editor-MobileLauncherProfileWizard.dll (API version 3709383).
LogModuleManager: Display: Found up-to-date module file ../../../Engine/Plugins/Editor/PluginBrowser/Binaries/Win64/UE4Editor-PluginBrowser.dll (API version 3709383).
LogModuleManager: Display: Found up-to-date module file ../../../Engine/Plugins/Editor/SpeedTreeImporter/Binaries/Win64/UE4Editor-SpeedTreeImporter.dll (API version 3709383).
LogModuleManager: Display: Found up-to-date module file ../../../Engine/Plugins/Experimental/AlembicImporter/Binaries/Win64/UE4Editor-AlembicImporter.dll (API version 3709383).
LogModuleManager: Display: Found up-to-date module file ../../../Engine/Plugins/Experimental/AlembicImporter/Binaries/Win64/UE4Editor-AlembicLibrary.dll (API version 3709383).
LogModuleManager: Display: Found up-to-date module file ../../../Engine/Plugins/Experimental/CharacterAI/Binaries/Win64/UE4Editor-CharacterAI.dll (API version 3709383).
LogModuleManager: Display: Found up-to-date module file ../../../Engine/Plugins/Experimental/HTML5Networking/Binaries/Win64/UE4Editor-HTML5Networking.dll (API version 3709383).
LogModuleManager: Display: Found up-to-date module file ../../../Engine/Plugins/Media/AndroidMedia/Binaries/Win64/UE4Editor-AndroidMediaEditor.dll (API version 3709383).
LogModuleManager: Display: Found up-to-date module file ../../../Engine/Plugins/Media/AndroidMedia/Binaries/Win64/UE4Editor-AndroidMediaFactory.dll (API version 3709383).
LogModuleManager: Display: Found up-to-date module file ../../../Engine/Plugins/Media/AvfMedia/Binaries/Win64/UE4Editor-AvfMediaEditor.dll (API version 3709383).
LogModuleManager: Display: Found up-to-date module file ../../../Engine/Plugins/Media/AvfMedia/Binaries/Win64/UE4Editor-AvfMediaFactory.dll (API version 3709383).
LogModuleManager: Display: Found up-to-date module file ../../../Engine/Plugins/Media/AvfMedia/Binaries/Win64/UE4Editor-AvfMediaFactory.dll (API version 3709383).
LogModuleManager: Display: Found up-to-date module file ../../../Engine/Plugins/Media/ImgMedia/Binaries/Win64/UE4Editor-ImgMedia.dll (API version 3709383).
LogModuleManager: Display: Found up-to-date module file ../../../Engine/Plugins/Media/ImgMedia/Binaries/Win64/UE4Editor-ImgMediaEditor.dll (API version 3709383).
LogModuleManager: Display: Found up-to-date module file ../../../Engine/Plugins/Media/ImgMedia/Binaries/Win64/UE4Editor-ImgMediaFactory.dll (API version 3709383).
LogModuleManager: Display: Found up-to-date module file ../../../Engine/Plugins/Media/ImgMedia/Binaries/Win64/UE4Editor-ImgMediaFactory.dll (API version 3709383).
LogModuleManager: Display: Found up-to-date module file ../../../Engine/Plugins/Media/ImgMedia/Binaries/Win64/UE4Editor-OpenExrWrapper.dll (API version 3709383).
LogModuleManager: Display: Found up-to-date module file ../../../Engine/Plugins/Media/MediaCompositing/Binaries/Win64/UE4Editor-MediaCompositing.dll (API version 3709383).
LogModuleManager: Display: Found up-to-date module file ../../../Engine/Plugins/Media/MediaCompositing/Binaries/Win64/UE4Editor-MediaCompositingEditor.dll (API version 3709383).
LogModuleManager: Display: Found up-to-date module file ../../../Engine/Plugins/Media/MediaPlayerEditor/Binaries/Win64/UE4Editor-MediaPlayerEditor.dll (API version 3709383).
LogModuleManager: Display: Found up-to-date module file ../../../Engine/Plugins/Media/WmfMedia/Binaries/Win64/UE4Editor-WmfMedia.dll (API version 3709383).
LogModuleManager: Display: Found up-to-date module file ../../../Engine/Plugins/Media/WmfMedia/Binaries/Win64/UE4Editor-WmfMediaEditor.dll (API version 3709383).
LogModuleManager: Display: Found up-to-date module file ../../../Engine/Plugins/Media/WmfMedia/Binaries/Win64/UE4Editor-WmfMediaFactory.dll (API version 3709383).
LogModuleManager: Display: Found up-to-date module file ../../../Engine/Plugins/Media/WmfMedia/Binaries/Win64/UE4Editor-WmfMediaFactory.dll (API version 3709383).
LogModuleManager: Display: Found up-to-date module file ../../../Engine/Plugins/Messaging/TcpMessaging/Binaries/Win64/UE4Editor-TcpMessaging.dll (API version 3709383).
LogModuleManager: Display: Found up-to-date module file ../../../Engine/Plugins/Messaging/UdpMessaging/Binaries/Win64/UE4Editor-UdpMessaging.dll (API version 3709383).
LogModuleManager: Display: Found up-to-date module file ../../../Engine/Plugins/MovieScene/ActorSequence/Binaries/Win64/UE4Editor-ActorSequence.dll (API version 3709383).
LogModuleManager: Display: Found up-to-date module file ../../../Engine/Plugins/MovieScene/LevelSequenceEditor/Binaries/Win64/UE4Editor-LevelSequenceEditor.dll (API version 3709383).
LogModuleManager: Display: Found up-to-date module file ../../../Engine/Plugins/MovieScene/MatineeToLevelSequence/Binaries/Win64/UE4Editor-MatineeToLevelSequence.dll (API version 3709383).
LogModuleManager: Display: Found up-to-date module file ../../../Engine/Plugins/Online/OnlineSubsystem/Binaries/Win64/UE4Editor-OnlineSubsystem.dll (API version 3709383).
LogModuleManager: Display: Found up-to-date module file ../../../Engine/Plugins/Runtime/AndroidPermission/Binaries/Win64/UE4Editor-AndroidPermission.dll (API version 3709383).
LogModuleManager: Display: Found up-to-date module file ../../../Engine/Plugins/Online/OnlineSubsystemNull/Binaries/Win64/UE4Editor-OnlineSubsystemNull.dll (API version 3709383).
LogModuleManager: Display: Found up-to-date module file ../../../Engine/Plugins/Online/OnlineSubsystemUtils/Binaries/Win64/UE4Editor-OnlineSubsystemUtils.dll (API version 3709383).
LogModuleManager: Display: Found up-to-date module file ../../../Engine/Plugins/Online/OnlineSubsystemUtils/Binaries/Win64/UE4Editor-OnlineBlueprintSupport.dll (API version 3709383).
LogModuleManager: Display: Found up-to-date module file ../../../Engine/Plugins/Runtime/AndroidDeviceProfileSelector/Binaries/Win64/UE4Editor-AndroidDeviceProfileSelector.dll (API version 3709383).
LogModuleManager: Display: Found up-to-date module file ../../../Engine/Plugins/Runtime/AppleARKit/Binaries/Win64/UE4Editor-AppleARKit.dll (API version 3709383).
LogModuleManager: Display: Found up-to-date module file ../../../Engine/Plugins/Runtime/ArchVisCharacter/Binaries/Win64/UE4Editor-ArchVisCharacter.dll (API version 3709383).
LogModuleManager: Display: Found up-to-date module file ../../../Engine/Plugins/Runtime/CableComponent/Binaries/Win64/UE4Editor-CableComponent.dll (API version 3709383).
LogModuleManager: Display: Found up-to-date module file ../../../Engine/Plugins/Runtime/CustomMeshComponent/Binaries/Win64/UE4Editor-CustomMeshComponent.dll (API version 3709383).
LogModuleManager: Display: Found up-to-date module file ../../../Engine/Plugins/Runtime/ExampleDeviceProfileSelector/Binaries/Win64/UE4Editor-ExampleDeviceProfileSelector.dll (API version 3709383).
LogModuleManager: Display: Found up-to-date module file ../../../Engine/Plugins/Runtime/ImmediatePhysics/Binaries/Win64/UE4Editor-ImmediatePhysics.dll (API version 3709383).
LogModuleManager: Display: Found up-to-date module file ../../../Engine/Plugins/Runtime/ImmediatePhysics/Binaries/Win64/UE4Editor-ImmediatePhysicsEditor.dll (API version 3709383).
LogModuleManager: Display: Found up-to-date module file ../../../Engine/Plugins/Runtime/LocationServicesBPLibrary/Binaries/Win64/UE4Editor-LocationServicesBPLibrary.dll (API version 3709383).
LogModuleManager: Display: Found up-to-date module file ../../../Engine/Plugins/Runtime/MobilePatchingUtils/Binaries/Win64/UE4Editor-MobilePatchingUtils.dll (API version 3709383).
LogModuleManager: Display: Found up-to-date module file ../../../Engine/Plugins/Runtime/Oculus/OculusVR/Binaries/Win64/UE4Editor-OculusHMD.dll (API version 3709383).
LogModuleManager: Display: Found up-to-date module file ../../../Engine/Plugins/Runtime/Oculus/OculusVR/Binaries/Win64/UE4Editor-OculusInput.dll (API version 3709383).
LogModuleManager: Display: Found up-to-date module file ../../../Engine/Plugins/Runtime/Oculus/OculusVR/Binaries/Win64/UE4Editor-OculusEditor.dll (API version 3709383).
LogModuleManager: Display: Found up-to-date module file ../../../Engine/Plugins/Runtime/PhysXVehicles/Binaries/Win64/UE4Editor-PhysXVehicles.dll (API version 3709383).
LogModuleManager: Display: Found up-to-date module file ../../../Engine/Plugins/Runtime/PhysXVehicles/Binaries/Win64/UE4Editor-PhysXVehiclesEditor.dll (API version 3709383).
LogModuleManager: Display: Found up-to-date module file ../../../Engine/Plugins/Runtime/ProceduralMeshComponent/Binaries/Win64/UE4Editor-ProceduralMeshComponent.dll (API version 3709383).
LogModuleManager: Display: Found up-to-date module file ../../../Engine/Plugins/Runtime/ProceduralMeshComponent/Binaries/Win64/UE4Editor-ProceduralMeshComponentEditor.dll (API version 3709383).
LogModuleManager: Display: Found up-to-date module file ../../../Engine/Plugins/Runtime/RuntimePhysXCooking/Binaries/Win64/UE4Editor-RuntimePhysXCooking.dll (API version 3709383).
LogModuleManager: Display: Found up-to-date module file ../../../Engine/Plugins/Runtime/Steam/SteamVR/Binaries/Win64/UE4Editor-SteamVR.dll (API version 3709383).
LogModuleManager: Display: Found up-to-date module file ../../../Engine/Plugins/Runtime/Steam/SteamVR/Binaries/Win64/UE4Editor-SteamVRController.dll (API version 3709383).
LogModuleManager: Display: Found up-to-date module file ../../../Engine/Plugins/Runtime/WindowsMoviePlayer/Binaries/Win64/UE4Editor-WindowsMoviePlayer.dll (API version 3709383).
LogPluginManager: Mounting plugin Paper2D
LogPluginManager: Mounting plugin LightPropagationVolume
LogPluginManager: Mounting plugin CodeLiteSourceCodeAccess
LogPluginManager: Mounting plugin GitSourceControl
LogPluginManager: Mounting plugin KDevelopSourceCodeAccess
LogPluginManager: Mounting plugin NullSourceCodeAccess
LogPluginManager: Mounting plugin PerforceSourceControl
LogPluginManager: Mounting plugin SubversionSourceControl
LogPluginManager: Mounting plugin UObjectPlugin
LogPluginManager: Mounting plugin VisualStudioCodeSourceCodeAccess
LogPluginManager: Mounting plugin VisualStudioSourceCodeAccess
LogPluginManager: Mounting plugin XCodeSourceCodeAccess
LogPluginManager: Mounting plugin AssetManagerEditor
LogPluginManager: Mounting plugin AudioCapture
LogPluginManager: Mounting plugin FacialAnimation
LogPluginManager: Mounting plugin GameplayTagsEditor
LogPluginManager: Mounting plugin MobileLauncherProfileWizard
LogPluginManager: Mounting plugin PluginBrowser
LogPluginManager: Mounting plugin SpeedTreeImporter
LogPluginManager: Mounting plugin AlembicImporter
LogPluginManager: Mounting plugin CharacterAI
LogPluginManager: Mounting plugin HTML5Networking
LogPluginManager: Mounting plugin MixamoAnimationRetargeting
LogPluginManager: Mounting plugin AndroidMedia
LogPluginManager: Mounting plugin AvfMedia
LogPluginManager: Mounting plugin ImgMedia
LogPluginManager: Mounting plugin MediaCompositing
LogPluginManager: Mounting plugin MediaPlayerEditor
LogPluginManager: Mounting plugin WmfMedia
LogPluginManager: Mounting plugin TcpMessaging
LogPluginManager: Mounting plugin UdpMessaging
LogPluginManager: Mounting plugin ActorSequence
LogPluginManager: Mounting plugin LevelSequenceEditor
LogPluginManager: Mounting plugin MatineeToLevelSequence
LogPluginManager: Mounting plugin OnlineSubsystemGooglePlay
LogPluginManager: Mounting plugin OnlineSubsystemIOS
LogPluginManager: Mounting plugin OnlineSubsystem
LogPluginManager: Mounting plugin OnlineSubsystemNull
LogPluginManager: Mounting plugin OnlineSubsystemUtils
LogPluginManager: Mounting plugin AndroidDeviceProfileSelector
LogPluginManager: Mounting plugin AndroidMoviePlayer
LogPluginManager: Mounting plugin AndroidPermission
LogPluginManager: Mounting plugin ApexDestruction
LogPluginManager: Mounting plugin AppleARKit
LogPluginManager: Mounting plugin AppleMoviePlayer
LogPluginManager: Mounting plugin ArchVisCharacter
LogPluginManager: Mounting plugin CableComponent
LogPluginManager: Mounting plugin CustomMeshComponent
LogPluginManager: Mounting plugin ExampleDeviceProfileSelector
LogPluginManager: Mounting plugin GoogleCloudMessaging
LogPluginManager: Mounting plugin ImmediatePhysics
LogPluginManager: Mounting plugin IOSDeviceProfileSelector
LogPluginManager: Mounting plugin LinuxDeviceProfileSelector
LogPluginManager: Mounting plugin LocationServicesBPLibrary
LogPluginManager: Mounting plugin MobilePatchingUtils
LogPluginManager: Mounting plugin OculusVR
LogPluginManager: Plugin shader directory ../../../Engine/Plugins/Runtime/Oculus/OculusVR/Shaders found
LogPluginManager: Mapping shader source directory ../../../Engine/Plugins/Runtime/Oculus/OculusVR/Shaders to virtual directory /Plugin/OculusVR
LogPluginManager: Mounting plugin PhysXVehicles
LogPluginManager: Mounting plugin ProceduralMeshComponent
LogPluginManager: Mounting plugin RuntimePhysXCooking
LogPluginManager: Mounting plugin SteamVR
LogPluginManager: Mounting plugin WindowsMoviePlayer
LogInit: Using libcurl 7.47.1
LogInit:  - built for x86_64-pc-win32
LogInit:  - supports SSL with OpenSSL/1.0.2g
LogInit:  - supports HTTP deflate (compression) using libz 1.2.8
LogInit:  - other features:
LogInit:      CURL_VERSION_SSL
LogInit:      CURL_VERSION_LIBZ
LogInit:      CURL_VERSION_IPV6
LogInit:      CURL_VERSION_ASYNCHDNS
LogInit:      CURL_VERSION_LARGEFILE
LogInit:      CURL_VERSION_IDN
LogInit:  CurlRequestOptions (configurable via config and command line):
LogInit:  - bVerifyPeer = false  - Libcurl will NOT verify peer certificate
LogInit:  - bUseHttpProxy = false  - Libcurl will NOT use HTTP proxy
LogInit:  - bDontReuseConnections = false  - Libcurl will reuse connections
LogInit:  - CertBundlePath = nullptr  - Libcurl will use whatever was configured at build time.
LogInit: Build: ++UE4+Release-4.18-CL-3832480
LogInit: Engine Version: 4.18.3-3832480+++UE4+Release-4.18
LogInit: Compatible Engine Version: 4.18.0-3709383+++UE4+Release-4.18
LogInit: Net CL: 3709383
LogDevObjectVersion: Number of dev versions registered: 16
LogDevObjectVersion:   Dev-Blueprints (B0D832E4-1F89-4F0D-ACCF-7EB736FD4AA2): 10
LogDevObjectVersion:   Dev-Build (E1C64328-A22C-4D53-A36C-8E866417BD8C): 0
LogDevObjectVersion:   Dev-Core (375EC13C-06E4-48FB-B500-84F0262A717E): 2
LogDevObjectVersion:   Dev-Editor (E4B068ED-F494-42E9-A231-DA0B2E46BB41): 20
LogDevObjectVersion:   Dev-Framework (CFFC743F-43B0-4480-9391-14DF171D2073): 30
LogDevObjectVersion:   Dev-Mobile (B02B49B5-BB20-44E9-A304-32B752E40360): 0
LogDevObjectVersion:   Dev-Networking (A4E4105C-59A1-49B5-A7C5-40C4547EDFEE): 0
LogDevObjectVersion:   Dev-Online (39C831C9-5AE6-47DC-9A44-9C173E1C8E7C): 0
LogDevObjectVersion:   Dev-Physics (78F01B33-EBEA-4F98-B9B4-84EACCB95AA2): 0
LogDevObjectVersion:   Dev-Platform (6631380F-2D4D-43E0-8009-CF276956A95A): 0
LogDevObjectVersion:   Dev-Rendering (12F88B9F-8875-4AFC-A67C-D90C383ABD29): 20
LogDevObjectVersion:   Dev-Sequencer (7B5AE74C-D270-4C10-A958-57980B212A5A): 4
LogDevObjectVersion:   Dev-VR (D7296918-1DD6-4BDD-9DE2-64A83CC13884): 0
LogDevObjectVersion:   Dev-LoadTimes (C2A15278-BFE7-4AFE-6C17-90FF531DF755): 1
LogDevObjectVersion:   Private-Geometry (6EACA3D4-40EC-4CC1-B786-8BED09428FC5): 1
LogDevObjectVersion:   Dev-AnimPhys (29E575DD-E0A3-4627-9D10-D276232CDCEA): 12
LogInit: Compiled (64-bit): Jan 12 2018 02:04:55
LogInit: Compiled with Visual C++: 19.00.24215.01
LogInit: Build Configuration: Development
LogInit: Branch Name: ++UE4+Release-4.18
LogInit: Command line:  
LogInit: Base directory: D:/UE_4.18/Engine/Binaries/Win64/
LogInit: Installed Engine Build: 1
LogInit: Presizing for max 8388607 objects, including 0 objects not considered by GC, pre-allocating 0 bytes for permanent pool.
LogInit: Object subsystem initialized
[2018.03.11-09.20.29:579][  0]LogInit: Selected Device Profile: [Windows]
[2018.03.11-09.20.29:579][  0]LogInit: Applying CVar settings loaded from the selected device profile: [Windows]
[2018.03.11-09.20.29:658][  0]LogInit: Computer: DESKTOP-JFBM7G4
[2018.03.11-09.20.29:658][  0]LogInit: User: ickle
[2018.03.11-09.20.29:658][  0]LogInit: CPU Page size=4096, Cores=6
[2018.03.11-09.20.29:658][  0]LogInit: High frequency timer resolution =3.415994 MHz
[2018.03.11-09.20.29:658][  0]LogMemory: Memory total: Physical=31.9GB (32GB approx)
[2018.03.11-09.20.29:658][  0]LogMemory: Platform Memory Stats for Windows
[2018.03.11-09.20.29:658][  0]LogMemory: Process Physical Memory: 276.11 MB used, 276.11 MB peak
[2018.03.11-09.20.29:658][  0]LogMemory: Process Virtual Memory: 270.21 MB used, 270.21 MB peak
[2018.03.11-09.20.29:658][  0]LogMemory: Physical Memory: 6163.63 MB used,  26515.46 MB free, 32679.09 MB total
[2018.03.11-09.20.29:658][  0]LogMemory: Virtual Memory: 683.46 MB used,  26515.46 MB free, 134217728.00 MB total
[2018.03.11-09.20.30:869][  0]LogInit: Using OS detected language (nb-NO).
[2018.03.11-09.20.30:869][  0]LogInit: Using OS detected locale (en-GB).
[2018.03.11-09.20.31:424][  0]LogTextLocalizationManager: No localization for 'nb-NO' exists, so 'en' will be used for the language.
[2018.03.11-09.20.37:054][  0]LogD3D11RHI: D3D11 adapters:
[2018.03.11-09.20.37:152][  0]LogD3D11RHI:    0. 'NVIDIA GeForce GTX 980 Ti' (Feature Level 11_0)
[2018.03.11-09.20.37:152][  0]LogD3D11RHI:       6103/0/16339 MB DedicatedVideo/DedicatedSystem/SharedSystem, Outputs:2, VendorId:0x10de
[2018.03.11-09.20.37:157][  0]LogD3D11RHI:    1. 'Microsoft Basic Render Driver' (Feature Level 11_0)
[2018.03.11-09.20.37:157][  0]LogD3D11RHI:       0/0/16339 MB DedicatedVideo/DedicatedSystem/SharedSystem, Outputs:0, VendorId:0x1414
[2018.03.11-09.20.37:157][  0]LogD3D11RHI: Chosen D3D11 Adapter: 0
[2018.03.11-09.20.37:171][  0]LogD3D11RHI: Creating new Direct3DDevice
[2018.03.11-09.20.37:171][  0]LogD3D11RHI:     GPU DeviceId: 0x17c8 (for the marketing name, search the web for "GPU Device Id")
[2018.03.11-09.20.37:171][  0]LogWindows: EnumDisplayDevices:
[2018.03.11-09.20.37:171][  0]LogWindows:    0. 'NVIDIA GeForce GTX 980 Ti' (P:1 D:1)
[2018.03.11-09.20.37:172][  0]LogWindows:    1. 'NVIDIA GeForce GTX 980 Ti' (P:0 D:1)
[2018.03.11-09.20.37:172][  0]LogWindows:    2. 'NVIDIA GeForce GTX 980 Ti' (P:0 D:0)
[2018.03.11-09.20.37:173][  0]LogWindows:    3. 'NVIDIA GeForce GTX 980 Ti' (P:0 D:0)
[2018.03.11-09.20.37:173][  0]LogWindows: DebugString: GetVideoDriverDetailsInvalid PrimaryIsNotTheChoosenAdapter GetVideoDriverDetailsInvalid PrimaryIsNotTheChoosenAdapter GetVideoDriverDetailsInvalid PrimaryIsNotTheChoosenAdapter GetVideoDriverDetailsInvalid PrimaryIsNotTheChoosenAdapter FoundDriverCount:0 
[2018.03.11-09.20.37:173][  0]LogD3D11RHI:     Adapter Name: NVIDIA GeForce GTX 980 Ti
[2018.03.11-09.20.37:173][  0]LogD3D11RHI:   Driver Version: Unknown (internal:Unknown, unified:Unknown)
[2018.03.11-09.20.37:173][  0]LogD3D11RHI:      Driver Date: Unknown
[2018.03.11-09.20.37:173][  0]LogRHI: Texture pool is 4272 MB (70% of 6103 MB)
[2018.03.11-09.20.37:210][  0]LogD3D11RHI: Async texture creation enabled
[2018.03.11-09.20.37:339][  0]LogD3D11RHI: GPU Timing Frequency: 1000.000000 (Debug: 2 1)
[2018.03.11-09.20.37:433][  0]LogShaderCompilers: Guid format shader working directory is 0 characters bigger than the processId version (../../../../Git/TheCorruptionOfHades/HadesGame/Intermediate/Shaders/WorkingDirectory/1536/).
[2018.03.11-09.20.37:433][  0]LogShaderCompilers: Cleaned the shader compiler working directory 'C:/Users/ickle/AppData/Local/Temp/UnrealShaderWorkingDir/88C5EAF0482A7C136530899C9186974E/'.
[2018.03.11-09.20.37:433][  0]LogShaderCompilers: Display: Using Local Shader Compiler.
[2018.03.11-09.20.43:993][  0]LogTemp: Display: Loaded TP AllDesktopTargetPlatform
[2018.03.11-09.20.44:037][  0]LogTemp: Display: Loaded TP MacClientTargetPlatform
[2018.03.11-09.20.44:085][  0]LogTemp: Display: Loaded TP MacNoEditorTargetPlatform
[2018.03.11-09.20.44:126][  0]LogTemp: Display: Loaded TP MacServerTargetPlatform
[2018.03.11-09.20.44:204][  0]LogTemp: Display: Loaded TP MacTargetPlatform
[2018.03.11-09.20.44:274][  0]LogTemp: Display: Loaded TP WindowsClientTargetPlatform
[2018.03.11-09.20.44:337][  0]LogTemp: Display: Loaded TP WindowsNoEditorTargetPlatform
[2018.03.11-09.20.44:381][  0]LogTemp: Display: Loaded TP WindowsServerTargetPlatform
[2018.03.11-09.20.44:416][  0]LogTemp: Display: Loaded TP WindowsTargetPlatform
[2018.03.11-09.20.44:457][  0]LogTemp: Display: Loaded TP Android_ASTCTargetPlatform
[2018.03.11-09.20.44:510][  0]LogTemp: Display: Loaded TP Android_ATCTargetPlatform
[2018.03.11-09.20.44:559][  0]LogTemp: Display: Loaded TP Android_DXTTargetPlatform
[2018.03.11-09.20.44:602][  0]LogTemp: Display: Loaded TP Android_ETC1TargetPlatform
[2018.03.11-09.20.44:652][  0]LogTemp: Display: Loaded TP Android_ETC2TargetPlatform
[2018.03.11-09.20.44:734][  0]LogTemp: Display: Loaded TP Android_MultiTargetPlatform
[2018.03.11-09.20.44:734][  0]LogTemp: Display: Loaded TP Android_PVRTCTargetPlatform
[2018.03.11-09.20.44:815][  0]LogTemp: Display: Loaded TP AndroidTargetPlatform
[2018.03.11-09.20.44:859][  0]LogTemp: Display: Loaded TP HTML5TargetPlatform
[2018.03.11-09.20.45:142][  0]LogTemp: Display: Loaded TP IOSTargetPlatform
[2018.03.11-09.20.45:194][  0]LogTemp: Display: Loaded TP TVOSTargetPlatform
[2018.03.11-09.20.45:246][  0]LogTemp: Display: Loaded TP LinuxClientTargetPlatform
[2018.03.11-09.20.45:287][  0]LogTemp: Display: Loaded TP LinuxNoEditorTargetPlatform
[2018.03.11-09.20.45:327][  0]LogTemp: Display: Loaded TP LinuxServerTargetPlatform
[2018.03.11-09.20.45:376][  0]LogTemp: Display: Loaded TP LinuxTargetPlatform
[2018.03.11-09.20.45:376][  0]LogTargetPlatformManager: Display: Building Assets For Windows
[2018.03.11-09.20.47:242][  0]LogDerivedDataCache: Display: Max Cache Size: 512 MB
[2018.03.11-09.20.48:115][  0]LogDerivedDataCache: Loaded boot cache 0.87s 78MB C:/Users/ickle/AppData/Local/UnrealEngine/4.18/DerivedDataCache/Boot.ddc.
[2018.03.11-09.20.48:115][  0]LogDerivedDataCache: Display: Loaded Boot cache: C:/Users/ickle/AppData/Local/UnrealEngine/4.18/DerivedDataCache/Boot.ddc
[2018.03.11-09.20.48:115][  0]LogDerivedDataCache: FDerivedDataBackendGraph:  Pak pak cache file ../../../../Git/TheCorruptionOfHades/HadesGame/DerivedDataCache/DDC.ddp not found, will not use a pak cache.
[2018.03.11-09.20.48:115][  0]LogDerivedDataCache: Unable to find inner node Pak for hierarchical cache Hierarchy.
[2018.03.11-09.20.48:115][  0]LogDerivedDataCache: FDerivedDataBackendGraph:  CompressedPak pak cache file ../../../../Git/TheCorruptionOfHades/HadesGame/DerivedDataCache/Compressed.ddp not found, will not use a pak cache.
[2018.03.11-09.20.48:115][  0]LogDerivedDataCache: Unable to find inner node CompressedPak for hierarchical cache Hierarchy.
[2018.03.11-09.20.48:222][  0]LogDerivedDataCache: Display: Pak cache opened for reading ../../../Engine/DerivedDataCache/Compressed.ddp.
[2018.03.11-09.20.48:235][  0]LogDerivedDataCache: Using Local data cache path C:/Users/ickle/AppData/Local/UnrealEngine/Common/DerivedDataCache: Writable
[2018.03.11-09.20.48:261][  0]LogMaterial: Verifying Global Shaders for PCD3D_SM5
[2018.03.11-09.20.48:262][  0]LogSlate: Using Freetype 2.6.0
[2018.03.11-09.20.48:358][  0]LogSlate: SlateFontCache - WITH_FREETYPE: 1, WITH_HARFBUZZ: 1
[2018.03.11-09.20.48:358][  0]LogSlate: SlateFontCache - WITH_FREETYPE: 1, WITH_HARFBUZZ: 1
[2018.03.11-09.20.56:160][  0]LogInit: Selected Device Profile: [Windows]
[2018.03.11-09.20.57:805][  0]LogSimplygon: Simplygon DLL not present - disabling.
[2018.03.11-09.20.57:894][  0]LogMeshReduction: Using SimplygonSwarm for distributed automatic mesh merging
[2018.03.11-09.20.57:914][  0]LogMeshReduction: Using QuadricMeshReduction for automatic static mesh reduction
[2018.03.11-09.20.57:930][  0]LogMeshReduction: No automatic skeletal mesh reduction module available
[2018.03.11-09.20.57:930][  0]LogMeshReduction: No automatic mesh merging module available
[2018.03.11-09.20.57:930][  0]LogMeshMerging: No automatic mesh merging module available
[2018.03.11-09.20.58:233][  0]LogNetVersion: HadesGame_01 , NetCL: 3709383, EngineNetVer: 2, GameNetVer: 0 (Checksum: 1792172541)
[2018.03.11-09.20.59:325][  0]LogAssetRegistry: FAssetRegistry took 0.0272 seconds to start up
[2018.03.11-09.21.05:539][  0]LogPackageLocalizationCache: Processed 7 localized package path(s) for 1 prioritized culture(s) in 0.281934 seconds
[2018.03.11-09.21.05:550][  0]LogUObjectArray: 35870 objects as part of root set at end of initial load.
[2018.03.11-09.21.05:550][  0]LogUObjectAllocator: 7363696 out of 0 bytes used by permanent object pool.
[2018.03.11-09.21.05:550][  0]LogUObjectArray: CloseDisregardForGC: 0/0 objects in disregard for GC pool
[2018.03.11-09.21.05:635][  0]LogInit: WinSock: version 1.1 (2.2), MaxSocks=32767, MaxUdp=65467
[2018.03.11-09.21.22:246][  0]LogTcpMessaging: Initializing TcpMessaging bridge
[2018.03.11-09.21.22:287][  0]LogUdpMessaging: Initializing bridge on interface 0.0.0.0:0 to multicast group 230.0.0.1:6666.
[2018.03.11-09.21.24:484][  0]LogMaterial: Uniform references updated for custom material expression Custom.
[2018.03.11-09.21.25:281][  0]SourceControl: Source control is disabled
[2018.03.11-09.21.25:281][  0]SourceControl: Source control is disabled
[2018.03.11-09.21.25:328][  0]SourceControl: Source control is disabled
[2018.03.11-09.21.25:411][  0]SourceControl: Source control is disabled
[2018.03.11-09.21.27:828][  0]LogAndroidPermission: UAndroidPermissionCallbackProxy::GetInstance
[2018.03.11-09.21.28:065][  0]LogOcInput: OculusInput pre-init called
[2018.03.11-09.21.28:465][  0]LogEngine: Initializing Engine...
[2018.03.11-09.21.28:467][  0]LogHMD: Failed to initialize OpenVR with code 110
[2018.03.11-09.21.29:307][  0]LogStats: UGameplayTagsManager::ConstructGameplayTagTree: Construct from data asset -  0.000 s
[2018.03.11-09.21.29:307][  0]LogStats: UGameplayTagsManager::ConstructGameplayTagTree: GameplayTagTreeChangedEvent.Broadcast -  0.000 s
[2018.03.11-09.21.29:441][  0]LogAIModule: Creating AISystem for world Untitled
[2018.03.11-09.21.29:465][  0]LogInit: XAudio2 using 'Realtek Digital Output(Optical) (Realtek High Definition Audio)' : 2 channels at 48 kHz using 16 bits per sample (channel mask 0x3)
[2018.03.11-09.21.29:484][  0]LogInit: FAudioDevice initialized.
[2018.03.11-09.21.29:561][  0]LogDerivedDataCache: Saved boot cache 0.08s 78MB C:/Users/ickle/AppData/Local/UnrealEngine/4.18/DerivedDataCache/Boot.ddc.
[2018.03.11-09.21.29:570][  0]LogInit: Texture streaming: Enabled
[2018.03.11-09.21.29:654][  0]LogEngineSessionManager: EngineSessionManager initialized
[2018.03.11-09.21.29:836][  0]LogInit: Transaction tracking system initialized
[2018.03.11-09.21.30:156][  0]BlueprintLog: New page: Editor Load
[2018.03.11-09.21.31:397][  0]LocalizationService: Localization service is disabled
[2018.03.11-09.21.32:497][  0]LogConsoleResponse: Display: 
[2018.03.11-09.21.35:165][  0]LogCook: Display: Max memory allowance for cook 16384mb min free memory 0mb
[2018.03.11-09.21.35:165][  0]LogCook: Display: Mobile HDR setting 1
[2018.03.11-09.21.35:165][  0]LogGameplayTags: Display: UGameplayTagsManager::DoneAddingNativeTags. DelegateIsBound: 0
[2018.03.11-09.21.36:674][  0]LogFileCache: Scanning file cache for directory 'D:/Git/TheCorruptionOfHades/HadesGame/Content/' took 0.09s
[2018.03.11-09.21.39:309][  0]SourceControl: Source control is disabled
[2018.03.11-09.21.39:309][  0]Cmd: MAP LOAD FILE="../../../../Git/TheCorruptionOfHades/HadesGame/Content/Maps/Map4.umap" TEMPLATE=0 SHOWPROGRESS=1 FEATURELEVEL=3
[2018.03.11-09.21.39:443][  0]LightingResults: New page: Lighting Build
[2018.03.11-09.21.39:475][  0]MapCheck: New page: Map Check
[2018.03.11-09.21.39:475][  0]LightingResults: New page: Lighting Build
[2018.03.11-09.21.54:739][  0]LogBlueprint: Warning: [Compiler EnemyCharacter] InputAction Event references unknown Action 'ResetVR' for  InputAction ResetVR
[2018.03.11-09.21.54:742][  0]LogBlueprint: Warning: [Compiler EnemyCharacter] InputAction Event references unknown Action 'Jump' for  InputAction Jump
[2018.03.11-09.21.54:809][  0]LogBlueprint: Warning: [Compiler ThirdPersonCharacter] InputAction Event references unknown Action 'Target' for  InputAction Target
[2018.03.11-09.21.54:810][  0]LogBlueprint: Warning: [Compiler ThirdPersonCharacter] InputAction Event references unknown Action 'Target' for  InputAction Target
[2018.03.11-09.21.54:811][  0]LogBlueprint: Warning: [Compiler ThirdPersonCharacter] InputAction Event references unknown Action 'HeavyAttack' for  InputAction HeavyAttack
[2018.03.11-09.21.54:811][  0]LogBlueprint: Warning: [Compiler ThirdPersonCharacter] InputAction Event references unknown Action 'Target' for  InputAction Target
[2018.03.11-09.21.54:811][  0]LogBlueprint: Warning: [Compiler ThirdPersonCharacter] InputAction Event references unknown Action 'PauseGame' for  InputAction PauseGame
[2018.03.11-09.21.54:811][  0]LogBlueprint: Warning: [Compiler ThirdPersonCharacter] InputAction Event references unknown Action 'Sprint' for  InputAction Sprint
[2018.03.11-09.21.54:811][  0]LogBlueprint: Warning: [Compiler ThirdPersonCharacter] InputAction Event references unknown Action 'BasicAttack' for  InputAction BasicAttack
[2018.03.11-09.21.54:816][  0]LogBlueprint: Warning: [Compiler ThirdPersonCharacter] InputAction Event references unknown Action 'Jump' for  InputAction Jump
[2018.03.11-09.21.54:823][  0]LogBlueprint: Warning: [Compiler ThirdPersonCharacter] InputAction Event references unknown Action 'ResetVR' for  InputAction ResetVR
[2018.03.11-09.21.54:947][  0]LogBlueprint: Warning: [Compiler EnemyCharacter] [0104.62] Compile of EnemyCharacter successful, but with 2 Warning(s) [in 328 ms] (/Game/ThirdPersonBP/Blueprints/Enemies/EnemyCharacter.EnemyCharacter)
[2018.03.11-09.21.54:947][  0]LogBlueprint: Warning: [Compiler ThirdPersonCharacter] [0104.62] Compile of ThirdPersonCharacter successful, but with 9 Warning(s) [in 328 ms] (/Game/ThirdPersonBP/Blueprints/ThirdPersonCharacter.ThirdPersonCharacter)
[2018.03.11-09.22.01:387][  0]LogLinker: Warning: Asset '../../../../Git/TheCorruptionOfHades/HadesGame/Content/Materials/MF_ExtractDepth.uasset' has been saved with empty engine version. The asset will be loaded but may be incompatible.
[2018.03.11-09.22.01:400][  0]LogLinker: Warning: Asset '../../../../Git/TheCorruptionOfHades/HadesGame/Content/Materials/MF_SampleSceneTextureNeighbourUVs.uasset' has been saved with empty engine version. The asset will be loaded but may be incompatible.
[2018.03.11-09.22.04:936][  0]LogMaterial: Missing cached shader map for material DeadEffect, compiling. 
[2018.03.11-09.22.04:937][  0]LogMaterial: Warning: D:\Git\TheCorruptionOfHades\HadesGame\Content\Characters\Thea\FX\DeadEffect.uasset: Failed to compile Material for platform PCD3D_SM5, Default Material will be used in game.
[2018.03.11-09.22.04:937][  0]LogMaterial: 	(Node TextureSampleParameter2D) Param2D> Requires Texture2D
[2018.03.11-09.22.04:937][  0]LogMaterial: 	(Node If) If input B must be of type float.
[2018.03.11-09.22.07:626][  0]LogAIModule: Creating AISystem for world Map4
[2018.03.11-09.22.09:537][  0]LogEditorServer: Finished looking for orphan Actors (0.000 secs)
[2018.03.11-09.22.09:641][  0]Cmd: MAP CHECKDEP NOCLEARLOG
[2018.03.11-09.22.09:752][  0]MapCheck: Map check complete: 0 Error(s), 0 Warning(s), took 111.645ms to complete.
[2018.03.11-09.22.09:752][  0]LogFileHelpers: Loading map 'Map4' took 30.444
[2018.03.11-09.22.10:252][  0]LogCollectionManager: Loaded 0 collections in 0.002994 seconds
[2018.03.11-09.22.10:378][  0]LogFileCache: Scanning file cache for directory 'D:/Git/TheCorruptionOfHades/HadesGame/Saved/Collections/' took 0.01s
[2018.03.11-09.22.10:378][  0]LogFileCache: Scanning file cache for directory 'D:/Git/TheCorruptionOfHades/HadesGame/Content/Developers/ickle/Collections/' took 0.01s
[2018.03.11-09.22.10:378][  0]LogFileCache: Scanning file cache for directory 'D:/Git/TheCorruptionOfHades/HadesGame/Content/Collections/' took 0.01s
[2018.03.11-09.22.10:378][  0]LogCollectionManager: Rebuilt the GUID cache for 0 collections in 0.000001 seconds
[2018.03.11-09.22.10:391][  0]LogContentBrowser: Native class hierarchy populated in 0.0133 seconds. Added 2372 classes and 524 folders.
[2018.03.11-09.22.10:481][  0]LogContentBrowser: Native class hierarchy updated for 'WidgetCarousel' in 0.0003 seconds. Added 0 classes and 0 folders.
[2018.03.11-09.22.12:428][  0]LogContentBrowser: Native class hierarchy updated for 'AddContentDialog' in 0.0005 seconds. Added 0 classes and 0 folders.
[2018.03.11-09.22.12:535][  0]LogContentBrowser: Native class hierarchy updated for 'SceneOutliner' in 0.0003 seconds. Added 1 classes and 2 folders.
[2018.03.11-09.22.12:809][  0]LogSlate: Took 0.014242 seconds to synchronously load lazily loaded font '../../../Engine/Content/Slate/Fonts/Roboto-Regular.ttf' (155K)
[2018.03.11-09.22.12:824][  0]LogSlate: Took 0.013696 seconds to synchronously load lazily loaded font '../../../Engine/Content/Slate/Fonts/Roboto-Bold.ttf' (160K)
[2018.03.11-09.22.12:843][  0]LogSlate: Took 0.013674 seconds to synchronously load lazily loaded font '../../../Engine/Content/Editor/Slate/Fonts/FontAwesome.ttf' (139K)
[2018.03.11-09.22.13:100][  0]LogRenderer: Reallocating scene render targets to support 1172x544 Format 10 NumSamples 1 (Frame:1).
[2018.03.11-09.22.13:382][  0]LogContentBrowser: Native class hierarchy updated for 'HierarchicalLODOutliner' in 0.0003 seconds. Added 1 classes and 2 folders.
[2018.03.11-09.22.13:382][  0]LogLoad: (Engine Initialization) Total time: 123.06 seconds
[2018.03.11-09.22.13:382][  0]LogLoad: (Engine Initialization) Total Blueprint compile time: 0.00 seconds
[2018.03.11-09.22.13:382][  0]LogExternalProfiler: No external profilers were discovered.  External profiling features will not be available.
[2018.03.11-09.22.13:791][  0]LogContentStreaming: Texture pool size now 1000 MB
[2018.03.11-09.22.14:065][  1]LogFileCache: Retrieving MD5 hashes for directory 'D:/Git/TheCorruptionOfHades/HadesGame/Content/' took 0.30s
[2018.03.11-09.22.14:412][  2]LogAssetRegistry: Asset discovery search completed in 75.1099 seconds
[2018.03.11-09.22.14:415][  2]LogCollectionManager: Rebuilt the object cache for 0 collections in 0.000001 seconds (found 0 objects)
[2018.03.11-09.22.14:415][  2]LogCollectionManager: Fixed up redirectors for 0 collections in 0.000051 seconds (updated 0 objects)
[2018.03.11-09.22.14:753][  3]LogSlate: Took 0.000222 seconds to synchronously load lazily loaded font '../../../Engine/Content/Slate/Fonts/Roboto-Light.ttf' (159K)
[2018.03.11-09.22.18:078][ 13]LogSlate: Took 0.000245 seconds to synchronously load lazily loaded font '../../../Engine/Content/Slate/Fonts/Roboto-Light.ttf' (159K)
[2018.03.11-12.23.35:456][644]LogRenderer: Reallocating scene render targets to support 1172x572 Format 10 NumSamples 1 (Frame:5).
[2018.03.11-16.48.17:483][365]Cmd: QUIT_EDITOR
[2018.03.11-16.48.17:502][365]LogWindowsTextInputMethodSystem: Display: IME system now deactivated.
[2018.03.11-16.48.17:515][365]LogExit: Preparing to exit.
[2018.03.11-16.48.18:241][365]LogDirectoryWatcher: A directory notification for 'D:/Git/TheCorruptionOfHades/HadesGame/Content/' was aborted.
[2018.03.11-16.48.18:320][365]LogExit: Editor shut down
[2018.03.11-16.48.18:325][365]LogExit: Transaction tracking system shut down
[2018.03.11-16.48.18:591][365]LogDirectoryWatcher: A directory notification for '../../../Engine/Content/' was aborted.
[2018.03.11-16.48.18:591][365]LogDirectoryWatcher: A directory notification for '../../../../Git/TheCorruptionOfHades/HadesGame/Content/' was aborted.
[2018.03.11-16.48.18:591][365]LogDirectoryWatcher: A directory notification for '../../../Engine/Plugins/2D/Paper2D/Content/' was aborted.
[2018.03.11-16.48.18:592][365]LogDirectoryWatcher: A directory notification for '../../../Engine/Plugins/Media/MediaCompositing/Content/' was aborted.
[2018.03.11-16.48.18:592][365]LogDirectoryWatcher: A directory notification for '../../../Engine/Plugins/Runtime/AppleARKit/Content/' was aborted.
[2018.03.11-16.48.18:592][365]LogDirectoryWatcher: A directory notification for '../../../Engine/Plugins/Runtime/Oculus/OculusVR/Content/' was aborted.
[2018.03.11-16.48.18:592][365]LogDirectoryWatcher: A directory notification for '../../../Engine/Plugins/Runtime/Steam/SteamVR/Content/' was aborted.
[2018.03.11-16.48.18:680][365]LogExit: Object subsystem successfully closed.
[2018.03.11-16.48.18:710][365]LogD3D11RHI: Shutdown
[2018.03.11-16.48.18:710][365]LogD3D11RHI: CleanupD3DDevice
[2018.03.11-16.48.18:713][365]LogD3D11RHI: ~FD3D11DynamicRHI
[2018.03.11-16.48.18:724][365]LogModuleManager: Shutting down and abandoning module HierarchicalLODOutliner (554)
[2018.03.11-16.48.18:724][365]LogModuleManager: Shutting down and abandoning module SceneOutliner (552)
[2018.03.11-16.48.18:724][365]LogModuleManager: Shutting down and abandoning module AddContentDialog (550)
[2018.03.11-16.48.18:724][365]LogDirectoryWatcher: A directory notification for 'D:/UE_4.18/FeaturePacks/' was aborted.
[2018.03.11-16.48.18:725][365]LogModuleManager: Shutting down and abandoning module WidgetCarousel (549)
[2018.03.11-16.48.18:725][365]LogModuleManager: Shutting down and abandoning module EditorWidgets (546)
[2018.03.11-16.48.18:725][365]LogModuleManager: Shutting down and abandoning module CollectionManager (544)
[2018.03.11-16.48.18:725][365]LogDirectoryWatcher: A directory notification for 'D:/Git/TheCorruptionOfHades/HadesGame/Content/Collections/' was aborted.
[2018.03.11-16.48.18:725][365]LogDirectoryWatcher: A directory notification for 'D:/Git/TheCorruptionOfHades/HadesGame/Content/Developers/ickle/Collections/' was aborted.
[2018.03.11-16.48.18:725][365]LogDirectoryWatcher: A directory notification for 'D:/Git/TheCorruptionOfHades/HadesGame/Saved/Collections/' was aborted.
[2018.03.11-16.48.18:725][365]LogModuleManager: Shutting down and abandoning module StatsViewer (542)
[2018.03.11-16.48.18:725][365]LogModuleManager: Shutting down and abandoning module FoliageEdit (540)
[2018.03.11-16.48.18:725][365]LogModuleManager: Shutting down and abandoning module LandscapeEditor (538)
[2018.03.11-16.48.18:725][365]LogModuleManager: Shutting down and abandoning module MeshPaintMode (536)
[2018.03.11-16.48.18:725][365]LogModuleManager: Shutting down and abandoning module SceneDepthPickerMode (534)
[2018.03.11-16.48.18:725][365]LogModuleManager: Shutting down and abandoning module ActorPickerMode (532)
[2018.03.11-16.48.18:725][365]LogModuleManager: Shutting down and abandoning module GeometryMode (530)
[2018.03.11-16.48.18:726][365]LogModuleManager: Shutting down and abandoning module TextureAlignMode (528)
[2018.03.11-16.48.18:726][365]LogModuleManager: Shutting down and abandoning module BspMode (526)
[2018.03.11-16.48.18:726][365]LogModuleManager: Shutting down and abandoning module PIEPreviewDeviceProfileSelector (524)
[2018.03.11-16.48.18:726][365]LogModuleManager: Shutting down and abandoning module HardwareSurvey (522)
[2018.03.11-16.48.18:726][365]LogModuleManager: Shutting down and abandoning module SequenceRecorderSections (520)
[2018.03.11-16.48.18:726][365]LogModuleManager: Shutting down and abandoning module AutomationWorker (518)
[2018.03.11-16.48.18:726][365]LogModuleManager: Shutting down and abandoning module MatineeToLevelSequence (516)
[2018.03.11-16.48.18:726][365]LogModuleManager: Shutting down and abandoning module LevelSequenceEditor (514)
[2018.03.11-16.48.18:726][365]LogModuleManager: Shutting down and abandoning module PlacementMode (513)
[2018.03.11-16.48.18:726][365]LogModuleManager: Shutting down and abandoning module WmfMediaFactory (510)
[2018.03.11-16.48.18:726][365]LogModuleManager: Shutting down and abandoning module WmfMediaEditor (508)
[2018.03.11-16.48.18:726][365]LogModuleManager: Shutting down and abandoning module OpenExrWrapper (506)
[2018.03.11-16.48.18:726][365]LogModuleManager: Shutting down and abandoning module ImgMediaFactory (504)
[2018.03.11-16.48.18:726][365]LogModuleManager: Shutting down and abandoning module ImgMediaEditor (502)
[2018.03.11-16.48.18:726][365]LogModuleManager: Shutting down and abandoning module AvfMediaFactory (500)
[2018.03.11-16.48.18:726][365]LogModuleManager: Shutting down and abandoning module AvfMediaEditor (498)
[2018.03.11-16.48.18:726][365]LogModuleManager: Shutting down and abandoning module AndroidMediaFactory (496)
[2018.03.11-16.48.18:726][365]LogModuleManager: Shutting down and abandoning module AndroidMediaEditor (494)
[2018.03.11-16.48.18:726][365]LogModuleManager: Shutting down and abandoning module CharacterAI (492)
[2018.03.11-16.48.18:726][365]LogModuleManager: Shutting down and abandoning module AudioCapture (490)
[2018.03.11-16.48.18:726][365]LogModuleManager: Shutting down and abandoning module SequenceRecorder (489)
[2018.03.11-16.48.18:726][365]LogModuleManager: Shutting down and abandoning module SmartSnapping (486)
[2018.03.11-16.48.18:726][365]LogModuleManager: Shutting down and abandoning module SessionServices (484)
[2018.03.11-16.48.18:726][365]LogModuleManager: Shutting down and abandoning module ViewportSnapping (482)
[2018.03.11-16.48.18:726][365]LogModuleManager: Shutting down and abandoning module ViewportInteraction (480)
[2018.03.11-16.48.18:726][365]LogModuleManager: Shutting down and abandoning module ClothPainter (478)
[2018.03.11-16.48.18:726][365]LogModuleManager: Shutting down and abandoning module SkeletalMeshEditor (477)
[2018.03.11-16.48.18:726][365]LogModuleManager: Shutting down and abandoning module LogVisualizer (474)
[2018.03.11-16.48.18:726][365]LogModuleManager: Shutting down and abandoning module IntroTutorials (472)
[2018.03.11-16.48.18:726][365]LogModuleManager: Shutting down and abandoning module GameProjectGeneration (471)
[2018.03.11-16.48.18:726][365]LogModuleManager: Shutting down and abandoning module IOSPlatformEditor (468)
[2018.03.11-16.48.18:726][365]LogModuleManager: Shutting down and abandoning module HTML5PlatformEditor (466)
[2018.03.11-16.48.18:726][365]LogModuleManager: Shutting down and abandoning module AndroidPlatformEditor (464)
[2018.03.11-16.48.18:726][365]LogModuleManager: Shutting down and abandoning module AndroidDeviceDetection (463)
[2018.03.11-16.48.19:162][365]LogModuleManager: Shutting down and abandoning module WindowsPlatformEditor (460)
[2018.03.11-16.48.19:162][365]LogModuleManager: Shutting down and abandoning module IOSRuntimeSettings (458)
[2018.03.11-16.48.19:162][365]LogModuleManager: Shutting down and abandoning module AndroidRuntimeSettings (456)
[2018.03.11-16.48.19:162][365]LogModuleManager: Shutting down and abandoning module InputBindingEditor (454)
[2018.03.11-16.48.19:162][365]LogModuleManager: Shutting down and abandoning module MergeActors (452)
[2018.03.11-16.48.19:162][365]LogModuleManager: Shutting down and abandoning module SizeMap (450)
[2018.03.11-16.48.19:163][365]LogModuleManager: Shutting down and abandoning module TreeMap (448)
[2018.03.11-16.48.19:163][365]LogModuleManager: Shutting down and abandoning module ReferenceViewer (446)
[2018.03.11-16.48.19:163][365]LogModuleManager: Shutting down and abandoning module LocalizationDashboard (444)
[2018.03.11-16.48.19:163][365]LogModuleManager: Shutting down and abandoning module LocalizationService (443)
[2018.03.11-16.48.19:163][365]LogModuleManager: Shutting down and abandoning module HardwareTargeting (440)
[2018.03.11-16.48.19:163][365]LogModuleManager: Shutting down and abandoning module DeviceProfileEditor (438)
[2018.03.11-16.48.19:163][365]LogModuleManager: Shutting down and abandoning module UndoHistory (436)
[2018.03.11-16.48.19:163][365]LogModuleManager: Shutting down and abandoning module XmlParser (434)
[2018.03.11-16.48.19:163][365]LogModuleManager: Shutting down and abandoning module Blutility (432)
[2018.03.11-16.48.19:163][365]LogModuleManager: Shutting down and abandoning module ProjectSettingsViewer (430)
[2018.03.11-16.48.19:163][365]LogModuleManager: Shutting down and abandoning module ProjectTargetPlatformEditor (429)
[2018.03.11-16.48.19:163][365]LogModuleManager: Shutting down and abandoning module EditorSettingsViewer (426)
[2018.03.11-16.48.19:163][365]LogModuleManager: Shutting down and abandoning module SettingsEditor (424)
[2018.03.11-16.48.19:163][365]LogModuleManager: Shutting down and abandoning module ProjectLauncher (422)
[2018.03.11-16.48.19:163][365]LogModuleManager: Shutting down and abandoning module SessionFrontend (420)
[2018.03.11-16.48.19:163][365]LogModuleManager: Shutting down and abandoning module ProfilerClient (418)
[2018.03.11-16.48.19:163][365]LogModuleManager: Shutting down and abandoning module DeviceManager (416)
[2018.03.11-16.48.19:163][365]LogModuleManager: Shutting down and abandoning module TargetDeviceServices (415)
[2018.03.11-16.48.19:216][365]LogModuleManager: Shutting down and abandoning module AutomationController (412)
[2018.03.11-16.48.19:216][365]LogModuleManager: Shutting down and abandoning module AutomationWindow (410)
[2018.03.11-16.48.19:216][365]LogModuleManager: Shutting down and abandoning module Layers (408)
[2018.03.11-16.48.19:216][365]LogModuleManager: Shutting down and abandoning module ComponentVisualizers (406)
[2018.03.11-16.48.19:216][365]LogModuleManager: Shutting down and abandoning module DetailCustomizations (404)
[2018.03.11-16.48.19:216][365]LogModuleManager: Shutting down and abandoning module PackagesDialog (402)
[2018.03.11-16.48.19:216][365]LogModuleManager: Shutting down and abandoning module Persona (400)
[2018.03.11-16.48.19:216][365]LogModuleManager: Shutting down and abandoning module AdvancedPreviewScene (399)
[2018.03.11-16.48.19:216][365]LogModuleManager: Shutting down and abandoning module AnimGraph (397)
[2018.03.11-16.48.19:216][365]LogModuleManager: Shutting down and abandoning module Kismet (394)
[2018.03.11-16.48.19:227][365]LogModuleManager: Shutting down and abandoning module ClassViewer (392)
[2018.03.11-16.48.19:227][365]LogModuleManager: Shutting down and abandoning module Toolbox (390)
[2018.03.11-16.48.19:227][365]LogModuleManager: Shutting down and abandoning module ModuleUI (388)
[2018.03.11-16.48.19:227][365]LogModuleManager: Shutting down and abandoning module MovieSceneTools (386)
[2018.03.11-16.48.19:227][365]LogModuleManager: Shutting down and abandoning module OutputLog (384)
[2018.03.11-16.48.19:227][365]LogModuleManager: Shutting down and abandoning module GammaUI (382)
[2018.03.11-16.48.19:227][365]LogModuleManager: Shutting down and abandoning module Documentation (380)
[2018.03.11-16.48.19:227][365]LogModuleManager: Shutting down and abandoning module MovieSceneTracks (378)
[2018.03.11-16.48.19:227][365]LogModuleManager: Shutting down and abandoning module MovieScene (376)
[2018.03.11-16.48.19:227][365]LogModuleManager: Shutting down and abandoning module StreamingPauseRendering (374)
[2018.03.11-16.48.19:227][365]LogModuleManager: Shutting down and abandoning module LauncherPlatform (372)
[2018.03.11-16.48.19:227][365]LogModuleManager: Shutting down and abandoning module AnalyticsET (370)
[2018.03.11-16.48.19:227][365]LogModuleManager: Shutting down and abandoning module PortalServices (368)
[2018.03.11-16.48.19:227][365]LogModuleManager: Shutting down and abandoning module PortalRpc (366)
[2018.03.11-16.48.19:227][365]LogModuleManager: Shutting down and abandoning module MessagingRpc (364)
[2018.03.11-16.48.19:227][365]LogModuleManager: Shutting down and abandoning module AIModule (362)
[2018.03.11-16.48.19:227][365]LogModuleManager: Shutting down and abandoning module GameplayDebugger (361)
[2018.03.11-16.48.19:227][365]LogModuleManager: Shutting down and abandoning module AITestSuite (359)
[2018.03.11-16.48.19:227][365]LogModuleManager: Shutting down and abandoning module DesktopPlatform (356)
[2018.03.11-16.48.19:227][365]LogModuleManager: Shutting down and abandoning module ProfilerService (354)
[2018.03.11-16.48.19:449][365]LogModuleManager: Shutting down and abandoning module TaskGraph (352)
[2018.03.11-16.48.19:449][365]LogModuleManager: Shutting down and abandoning module SteamVRController (350)
[2018.03.11-16.48.19:449][365]LogModuleManager: Shutting down and abandoning module ProceduralMeshComponentEditor (348)
[2018.03.11-16.48.19:449][365]LogModuleManager: Shutting down and abandoning module ProceduralMeshComponent (346)
[2018.03.11-16.48.19:449][365]LogModuleManager: Shutting down and abandoning module OculusInput (344)
[2018.03.11-16.48.19:449][365]LogModuleManager: Shutting down and abandoning module MobilePatchingUtils (342)
[2018.03.11-16.48.19:449][365]LogModuleManager: Shutting down and abandoning module CustomMeshComponent (340)
[2018.03.11-16.48.19:449][365]LogModuleManager: Shutting down and abandoning module CableComponent (338)
[2018.03.11-16.48.19:449][365]LogModuleManager: Shutting down and abandoning module ArchVisCharacter (336)
[2018.03.11-16.48.19:449][365]LogModuleManager: Shutting down and abandoning module AndroidPermission (334)
[2018.03.11-16.48.19:449][365]LogModuleManager: Shutting down and abandoning module ActorSequence (330)
[2018.03.11-16.48.19:449][365]LogModuleManager: Shutting down and abandoning module MediaPlayerEditor (328)
[2018.03.11-16.48.19:449][365]LogModuleManager: Shutting down and abandoning module MediaCompositingEditor (326)
[2018.03.11-16.48.19:449][365]LogModuleManager: Shutting down and abandoning module MediaCompositing (324)
[2018.03.11-16.48.19:450][365]LogModuleManager: Shutting down and abandoning module MixamoAnimationRetargeting (322)
[2018.03.11-16.48.19:450][365]LogModuleManager: Shutting down and abandoning module HTML5Networking (320)
[2018.03.11-16.48.19:450][365]LogModuleManager: Shutting down and abandoning module AlembicImporter (318)
[2018.03.11-16.48.19:450][365]LogModuleManager: Shutting down and abandoning module AlembicLibrary (317)
[2018.03.11-16.48.19:450][365]LogModuleManager: Shutting down and abandoning module GeometryCache (316)
[2018.03.11-16.48.19:450][365]LogModuleManager: Shutting down and abandoning module GeometryCacheEd (315)
[2018.03.11-16.48.19:450][365]LogModuleManager: Shutting down and abandoning module SpeedTreeImporter (310)
[2018.03.11-16.48.19:450][365]LogModuleManager: Shutting down and abandoning module PluginBrowser (308)
[2018.03.11-16.48.19:450][365]LogModuleManager: Shutting down and abandoning module MobileLauncherProfileWizard (306)
[2018.03.11-16.48.19:450][365]LogModuleManager: Shutting down and abandoning module VisualStudioSourceCodeAccess (304)
[2018.03.11-16.48.19:450][365]LogModuleManager: Shutting down and abandoning module VisualStudioCodeSourceCodeAccess (302)
[2018.03.11-16.48.19:450][365]LogModuleManager: Shutting down and abandoning module UObjectPlugin (300)
[2018.03.11-16.48.19:450][365]LogModuleManager: Shutting down and abandoning module SubversionSourceControl (298)
[2018.03.11-16.48.19:450][365]LogModuleManager: Shutting down and abandoning module PerforceSourceControl (296)
[2018.03.11-16.48.19:450][365]LogModuleManager: Shutting down and abandoning module GitSourceControl (294)
[2018.03.11-16.48.19:450][365]LogModuleManager: Shutting down and abandoning module SourceControl (293)
[2018.03.11-16.48.19:450][365]LogModuleManager: Shutting down and abandoning module LightPropagationVolumeEditor (290)
[2018.03.11-16.48.19:450][365]LogModuleManager: Shutting down and abandoning module PaperTiledImporter (288)
[2018.03.11-16.48.19:450][365]LogModuleManager: Shutting down and abandoning module PaperSpriteSheetImporter (286)
[2018.03.11-16.48.19:450][365]LogModuleManager: Shutting down and abandoning module Paper2DEditor (284)
[2018.03.11-16.48.19:450][365]LogModuleManager: Shutting down and abandoning module MeshPaint (283)
[2018.03.11-16.48.19:450][365]LogModuleManager: Shutting down and abandoning module LevelEditor (281)
[2018.03.11-16.48.19:451][365]LogModuleManager: Shutting down and abandoning module PixelInspectorModule (280)
[2018.03.11-16.48.19:451][365]LogModuleManager: Shutting down and abandoning module MainFrame (278)
[2018.03.11-16.48.19:451][365]LogModuleManager: Shutting down and abandoning module HotReload (277)
[2018.03.11-16.48.19:451][365]LogDirectoryWatcher: A directory notification for 'D:/Git/TheCorruptionOfHades/HadesGame/Binaries/Win64' was aborted.
[2018.03.11-16.48.19:452][365]LogModuleManager: Shutting down and abandoning module RuntimePhysXCooking (272)
[2018.03.11-16.48.19:452][365]LogModuleManager: Shutting down and abandoning module PhysXVehiclesEditor (270)
[2018.03.11-16.48.19:452][365]LogModuleManager: Shutting down and abandoning module PhysXVehicles (268)
[2018.03.11-16.48.19:452][365]LogModuleManager: Shutting down and abandoning module OculusEditor (266)
[2018.03.11-16.48.19:452][365]LogModuleManager: Shutting down and abandoning module LocationServicesBPLibrary (264)
[2018.03.11-16.48.19:452][365]LogModuleManager: Shutting down and abandoning module ImmediatePhysicsEditor (262)
[2018.03.11-16.48.19:452][365]LogModuleManager: Shutting down and abandoning module ImmediatePhysics (260)
[2018.03.11-16.48.19:452][365]LogModuleManager: Shutting down and abandoning module ApexDestructionEditor (258)
[2018.03.11-16.48.19:452][365]LogModuleManager: Shutting down and abandoning module ApexDestruction (256)
[2018.03.11-16.48.19:452][365]LogModuleManager: Shutting down and abandoning module UdpMessaging (254)
[2018.03.11-16.48.19:553][365]LogModuleManager: Shutting down and abandoning module TcpMessaging (252)
[2018.03.11-16.48.19:653][365]LogModuleManager: Shutting down and abandoning module GameplayTagsEditor (250)
[2018.03.11-16.48.19:653][365]LogModuleManager: Shutting down and abandoning module FacialAnimationEditor (248)
[2018.03.11-16.48.19:653][365]LogModuleManager: Shutting down and abandoning module FacialAnimation (246)
[2018.03.11-16.48.19:653][365]LogModuleManager: Shutting down and abandoning module AssetManagerEditor (244)
[2018.03.11-16.48.19:654][365]LogModuleManager: Shutting down and abandoning module GraphEditor (243)
[2018.03.11-16.48.19:654][365]LogModuleManager: Shutting down and abandoning module ContentBrowser (241)
[2018.03.11-16.48.19:655][365]LogModuleManager: Shutting down and abandoning module LightPropagationVolumeRuntime (238)
[2018.03.11-16.48.19:655][365]LogModuleManager: Shutting down and abandoning module Paper2D (236)
[2018.03.11-16.48.19:656][365]LogModuleManager: Shutting down and abandoning module WindowsMoviePlayer (234)
[2018.03.11-16.48.19:656][365]LogModuleManager: Shutting down and abandoning module WmfMedia (232)
[2018.03.11-16.48.19:657][365]LogModuleManager: Shutting down and abandoning module ImgMedia (230)
[2018.03.11-16.48.19:657][365]LogModuleManager: Shutting down and abandoning module PacketHandler (228)
[2018.03.11-16.48.19:657][365]LogModuleManager: Shutting down and abandoning module ClothingSystemEditor (226)
[2018.03.11-16.48.19:657][365]LogModuleManager: Shutting down and abandoning module ClothingSystemRuntime (224)
[2018.03.11-16.48.19:657][365]LogModuleManager: Shutting down and abandoning module MediaAssets (222)
[2018.03.11-16.48.19:657][365]LogModuleManager: Shutting down and abandoning module Media (221)
[2018.03.11-16.48.19:663][365]LogModuleManager: Shutting down and abandoning module Overlay (218)
[2018.03.11-16.48.19:663][365]LogModuleManager: Shutting down and abandoning module OverlayEditor (217)
[2018.03.11-16.48.19:663][365]LogModuleManager: Shutting down and abandoning module VREditor (214)
[2018.03.11-16.48.19:664][365]LogModuleManager: Shutting down and abandoning module StringTableEditor (212)
[2018.03.11-16.48.19:664][365]LogModuleManager: Shutting down and abandoning module GameplayTasksEditor (210)
[2018.03.11-16.48.19:664][365]LogModuleManager: Shutting down and abandoning module BehaviorTreeEditor (208)
[2018.03.11-16.48.19:664][365]LogModuleManager: Shutting down and abandoning module FunctionalTesting (206)
[2018.03.11-16.48.19:664][365]LogModuleManager: Shutting down and abandoning module CollisionAnalyzer (204)
[2018.03.11-16.48.19:664][365]LogModuleManager: Shutting down and abandoning module WorkspaceMenuStructure (203)
[2018.03.11-16.48.19:664][365]LogModuleManager: Shutting down and abandoning module UMG (200)
[2018.03.11-16.48.19:664][365]LogModuleManager: Shutting down and abandoning module UMGEditor (199)
[2018.03.11-16.48.19:664][365]LogModuleManager: Shutting down and abandoning module Sequencer (198)
[2018.03.11-16.48.19:664][365]LogModuleManager: Shutting down and abandoning module MessageLog (195)
[2018.03.11-16.48.19:664][365]LogModuleManager: Shutting down and abandoning module SlateReflector (190)
[2018.03.11-16.48.19:664][365]LogModuleManager: Shutting down and abandoning module Slate (188)
[2018.03.11-16.48.19:664][365]LogModuleManager: Shutting down and abandoning module EditorStyle (186)
[2018.03.11-16.48.19:666][365]LogModuleManager: Shutting down and abandoning module MRMesh (184)
[2018.03.11-16.48.19:666][365]LogModuleManager: Shutting down and abandoning module SourceCodeAccess (182)
[2018.03.11-16.48.19:666][365]LogModuleManager: Shutting down and abandoning module HeadMountedDisplay (180)
[2018.03.11-16.48.19:666][365]LogModuleManager: Shutting down and abandoning module XAudio2 (178)
[2018.03.11-16.48.19:666][365]LogModuleManager: Shutting down and abandoning module Networking (176)
[2018.03.11-16.48.19:666][365]LogModuleManager: Shutting down and abandoning module Core (172)
[2018.03.11-16.48.19:666][365]LogModuleManager: Shutting down and abandoning module LevelSequence (168)
[2018.03.11-16.48.19:666][365]LogModuleManager: Shutting down and abandoning module DirectoryWatcher (166)
[2018.03.11-16.48.19:667][365]LogModuleManager: Shutting down and abandoning module KismetCompiler (164)
[2018.03.11-16.48.19:667][365]LogModuleManager: Shutting down and abandoning module MeshUtilities (162)
[2018.03.11-16.48.19:667][365]LogModuleManager: Shutting down and abandoning module MeshMergeUtilities (161)
[2018.03.11-16.48.19:667][365]LogModuleManager: Shutting down and abandoning module MeshReductionInterface (160)
[2018.03.11-16.48.19:667][365]LogModuleManager: Shutting down and abandoning module SimplygonSwarm (159)
[2018.03.11-16.48.19:667][365]LogModuleManager: Shutting down and abandoning module SimplygonMeshReduction (157)
[2018.03.11-16.48.19:667][365]LogModuleManager: Shutting down and abandoning module QuadricMeshReduction (155)
[2018.03.11-16.48.19:667][365]LogModuleManager: Shutting down and abandoning module MaterialBaking (151)
[2018.03.11-16.48.19:667][365]LogModuleManager: Shutting down and abandoning module DerivedDataCache (148)
[2018.03.11-16.48.19:681][365]LogDerivedDataCache: Shutdown
[2018.03.11-16.48.19:682][365]LogModuleManager: Shutting down and abandoning module TargetPlatform (146)
[2018.03.11-16.48.19:682][365]LogModuleManager: Shutting down and abandoning module VulkanShaderFormat (145)
[2018.03.11-16.48.19:682][365]LogModuleManager: Shutting down and abandoning module ShaderFormatVectorVM (143)
[2018.03.11-16.48.19:682][365]LogModuleManager: Shutting down and abandoning module ShaderFormatOpenGL (141)
[2018.03.11-16.48.19:682][365]LogModuleManager: Shutting down and abandoning module ShaderFormatD3D (139)
[2018.03.11-16.48.19:682][365]LogModuleManager: Shutting down and abandoning module MetalShaderFormat (137)
[2018.03.11-16.48.19:682][365]LogModuleManager: Shutting down and abandoning module TextureFormatUncompressed (135)
[2018.03.11-16.48.19:682][365]LogModuleManager: Shutting down and abandoning module TextureFormatPVR (133)
[2018.03.11-16.48.19:682][365]LogModuleManager: Shutting down and abandoning module TextureFormatDXT (131)
[2018.03.11-16.48.19:682][365]LogModuleManager: Shutting down and abandoning module TextureFormatIntelISPCTexComp (129)
[2018.03.11-16.48.19:682][365]LogModuleManager: Shutting down and abandoning module TextureFormatASTC (127)
[2018.03.11-16.48.19:682][365]LogModuleManager: Shutting down and abandoning module ImageWrapper (126)
[2018.03.11-16.48.19:682][365]LogModuleManager: Shutting down and abandoning module TextureFormatAndroid (123)
[2018.03.11-16.48.19:682][365]LogModuleManager: Shutting down and abandoning module AudioFormatOpus (121)
[2018.03.11-16.48.19:682][365]LogModuleManager: Shutting down and abandoning module AudioFormatOgg (119)
[2018.03.11-16.48.19:682][365]LogModuleManager: Shutting down and abandoning module AudioFormatADPCM (117)
[2018.03.11-16.48.19:682][365]LogModuleManager: Shutting down and abandoning module LinuxTargetPlatform (115)
[2018.03.11-16.48.19:682][365]LogModuleManager: Shutting down and abandoning module LinuxServerTargetPlatform (113)
[2018.03.11-16.48.19:682][365]LogModuleManager: Shutting down and abandoning module LinuxNoEditorTargetPlatform (111)
[2018.03.11-16.48.19:682][365]LogModuleManager: Shutting down and abandoning module LinuxClientTargetPlatform (109)
[2018.03.11-16.48.19:682][365]LogModuleManager: Shutting down and abandoning module TVOSTargetPlatform (107)
[2018.03.11-16.48.19:682][365]LogModuleManager: Shutting down and abandoning module Messaging (105)
[2018.03.11-16.48.19:682][365]LogModuleManager: Shutting down and abandoning module IOSTargetPlatform (103)
[2018.03.11-16.48.19:682][365]LogModuleManager: Shutting down and abandoning module HTML5TargetPlatform (101)
[2018.03.11-16.48.19:682][365]LogModuleManager: Shutting down and abandoning module AndroidTargetPlatform (99)
[2018.03.11-16.48.19:682][365]LogModuleManager: Shutting down and abandoning module Android_PVRTCTargetPlatform (97)
[2018.03.11-16.48.19:682][365]LogModuleManager: Shutting down and abandoning module Android_MultiTargetPlatform (95)
[2018.03.11-16.48.19:682][365]LogModuleManager: Shutting down and abandoning module Android_ETC2TargetPlatform (93)
[2018.03.11-16.48.19:682][365]LogModuleManager: Shutting down and abandoning module Android_ETC1TargetPlatform (91)
[2018.03.11-16.48.19:682][365]LogModuleManager: Shutting down and abandoning module Android_DXTTargetPlatform (89)
[2018.03.11-16.48.19:682][365]LogModuleManager: Shutting down and abandoning module Android_ATCTargetPlatform (87)
[2018.03.11-16.48.19:682][365]LogModuleManager: Shutting down and abandoning module Android_ASTCTargetPlatform (85)
[2018.03.11-16.48.19:682][365]LogModuleManager: Shutting down and abandoning module WindowsTargetPlatform (83)
[2018.03.11-16.48.19:682][365]LogModuleManager: Shutting down and abandoning module WindowsServerTargetPlatform (81)
[2018.03.11-16.48.19:682][365]LogModuleManager: Shutting down and abandoning module WindowsNoEditorTargetPlatform (79)
[2018.03.11-16.48.19:682][365]LogModuleManager: Shutting down and abandoning module WindowsClientTargetPlatform (77)
[2018.03.11-16.48.19:682][365]LogModuleManager: Shutting down and abandoning module MacTargetPlatform (75)
[2018.03.11-16.48.19:682][365]LogModuleManager: Shutting down and abandoning module MacServerTargetPlatform (73)
[2018.03.11-16.48.19:682][365]LogModuleManager: Shutting down and abandoning module MacNoEditorTargetPlatform (71)
[2018.03.11-16.48.19:682][365]LogModuleManager: Shutting down and abandoning module MacClientTargetPlatform (69)
[2018.03.11-16.48.19:682][365]LogModuleManager: Shutting down and abandoning module AllDesktopTargetPlatform (67)
[2018.03.11-16.48.19:682][365]LogModuleManager: Shutting down and abandoning module InputCore (64)
[2018.03.11-16.48.19:682][365]LogModuleManager: Shutting down and abandoning module Settings (62)
[2018.03.11-16.48.19:682][365]LogModuleManager: Shutting down and abandoning module PhysXCooking (60)
[2018.03.11-16.48.19:682][365]LogModuleManager: Shutting down and abandoning module SteamVR (58)
[2018.03.11-16.48.19:683][365]LogModuleManager: Shutting down and abandoning module OculusHMD (56)
[2018.03.11-16.48.19:683][365]LogModuleManager: Shutting down and abandoning module ExampleDeviceProfileSelector (54)
[2018.03.11-16.48.19:683][365]LogModuleManager: Shutting down and abandoning module AppleARKit (52)
[2018.03.11-16.48.19:683][365]LogModuleManager: Shutting down and abandoning module AugmentedReality (51)
[2018.03.11-16.48.19:683][365]LogModuleManager: Shutting down and abandoning module OnlineBlueprintSupport (48)
[2018.03.11-16.48.19:683][365]LogModuleManager: Shutting down and abandoning module OnlineSubsystem (44)
[2018.03.11-16.48.19:683][365]LogModuleManager: Shutting down and abandoning module XMPP (43)
[2018.03.11-16.48.19:683][365]LogModuleManager: Shutting down and abandoning module HTTP (41)
[2018.03.11-16.48.19:683][365]LogHttp: Display: Http module shutting down, but needs to wait on 1 outstanding Http requests:
[2018.03.11-16.48.19:683][365]LogHttp: Display: 	verb=[POST] url=[https://datarouter.ol.epicgames.com/datarouter/api/v1/public/data?SessionID=%7BBEF0558F-4F2A-87EB-F325-25947BA2D5E7%7D&AppID=UEEditor.Rocket.Release&AppVersion=4.18.3-3832480%2B%2B%2BUE4%2BRelease-4.18&UserID=32ebdd9b416db7e57598d4b7799896d1%7C44ee715628ff44798ee51605e722e43f%7C028612ea-cec5-41cf-8940-089e5df20176&AppEnvironment=datacollector-binary&UploadType=eteventstream] status=Processing
[2018.03.11-16.48.19:713][365]LogModuleManager: Shutting down and abandoning module SSL (40)
[2018.03.11-16.48.19:714][365]LogModuleManager: Shutting down and abandoning module AnimationModifiers (36)
[2018.03.11-16.48.19:714][365]LogModuleManager: Shutting down and abandoning module PropertyEditor (35)
[2018.03.11-16.48.19:714][365]LogModuleManager: Shutting down and abandoning module AudioEditor (32)
[2018.03.11-16.48.19:714][365]LogModuleManager: Shutting down and abandoning module TextureCompressor (30)
[2018.03.11-16.48.19:715][365]LogModuleManager: Shutting down and abandoning module ShaderCore (28)
[2018.03.11-16.48.19:716][365]LogModuleManager: Shutting down and abandoning module Landscape (26)
[2018.03.11-16.48.19:716][365]LogModuleManager: Shutting down and abandoning module SlateRHIRenderer (24)
[2018.03.11-16.48.19:717][365]LogModuleManager: Shutting down and abandoning module OpenGLDrv (22)
[2018.03.11-16.48.19:717][365]LogModuleManager: Shutting down and abandoning module D3D11RHI (20)
[2018.03.11-16.48.19:717][365]LogModuleManager: Shutting down and abandoning module AnimGraphRuntime (18)
[2018.03.11-16.48.19:717][365]LogModuleManager: Shutting down and abandoning module Renderer (16)
[2018.03.11-16.48.19:717][365]LogModuleManager: Shutting down and abandoning module Engine (14)
[2018.03.11-16.48.19:717][365]LogModuleManager: Shutting down and abandoning module CoreUObject (12)
[2018.03.11-16.48.19:717][365]LogModuleManager: Shutting down and abandoning module NetworkFile (10)
[2018.03.11-16.48.19:717][365]LogModuleManager: Shutting down and abandoning module CookedIterativeFile (8)
[2018.03.11-16.48.19:717][365]LogModuleManager: Shutting down and abandoning module StreamingFile (6)
[2018.03.11-16.48.19:717][365]LogModuleManager: Shutting down and abandoning module SandboxFile (4)
[2018.03.11-16.48.19:717][365]LogModuleManager: Shutting down and abandoning module PakFile (2)
[2018.03.11-16.48.19:723][365]LogExit: Exiting.
[2018.03.11-16.48.19:740][365]Log file closed, 03/11/18 17:48:19
