Log file open, 03/29/18 16:21:39
LogWindows: Failed to load 'aqProf.dll' (GetLastError=126)
LogWindows: File 'aqProf.dll' does not exist
LogWindows: Failed to load 'VSPerf140.dll' (GetLastError=126)
LogWindows: File 'VSPerf140.dll' does not exist
LogWindows: Failed to load 'VtuneApi.dll' (GetLastError=126)
LogWindows: File 'VtuneApi.dll' does not exist
LogWindows: Failed to load 'VtuneApi32e.dll' (GetLastError=126)
LogWindows: File 'VtuneApi32e.dll' does not exist
LogInit: Display: Running engine for game: HadesGame_01
LogPlatformFile: Not using cached read wrapper
LogInit: Display: RandInit(224617587) SRandInit(224617587).
LogInit: Read version file with build ID '3709383'
LogInit: Overriding engine version to CL 3832480, compatible CL 3709383
LogInit: Registered custom module enumerator with build ID '3709383'
LogTaskGraph: Started task graph with 5 named threads and 20 total threads with 3 sets of task threads.
LogStats: Stats thread started at 0.248814
LogD3D11RHI: Aftermath initialized
LogConfig: Warning: Failed to saved backup for config[Engine]
LogConfig: Warning: Failed to saved backup for config[Lightmass]
LogConfig: Warning: Failed to saved backup for config[Hardware]
LogModuleManager: Display: Found up-to-date module file ../../../Engine/Plugins/Runtime/ApexDestruction/Binaries/Win64/UE4Editor-ApexDestruction.dll (API version 3709383).
LogModuleManager: Display: Found up-to-date module file ../../../Engine/Plugins/Runtime/ApexDestruction/Binaries/Win64/UE4Editor-ApexDestructionEditor.dll (API version 3709383).
LogModuleManager: Display: Found up-to-date module file ../../../Engine/Plugins/Marketplace/MixamoAnimationRetargeting/MixamoAnimationRetargeting/Binaries/Win64/UE4Editor-MixamoAnimationRetargeting.dll (API version 3709383).
LogModuleManager: Display: Found up-to-date module file ../../../Engine/Plugins/2D/Paper2D/Binaries/Win64/UE4Editor-Paper2D.dll (API version 3709383).
LogModuleManager: Display: Found up-to-date module file ../../../Engine/Plugins/2D/Paper2D/Binaries/Win64/UE4Editor-Paper2DEditor.dll (API version 3709383).
LogModuleManager: Display: Found up-to-date module file ../../../Engine/Plugins/2D/Paper2D/Binaries/Win64/UE4Editor-PaperSpriteSheetImporter.dll (API version 3709383).
LogModuleManager: Display: Found up-to-date module file ../../../Engine/Plugins/2D/Paper2D/Binaries/Win64/UE4Editor-PaperTiledImporter.dll (API version 3709383).
LogModuleManager: Display: Found up-to-date module file ../../../Engine/Plugins/2D/Paper2D/Binaries/Win64/UE4Editor-SmartSnapping.dll (API version 3709383).
LogModuleManager: Display: Found up-to-date module file ../../../Engine/Plugins/Blendables/LightPropagationVolume/Binaries/Win64/UE4Editor-LightPropagationVolumeRuntime.dll (API version 3709383).
LogModuleManager: Display: Found up-to-date module file ../../../Engine/Plugins/Blendables/LightPropagationVolume/Binaries/Win64/UE4Editor-LightPropagationVolumeEditor.dll (API version 3709383).
LogModuleManager: Display: Found up-to-date module file ../../../Engine/Plugins/Developer/GitSourceControl/Binaries/Win64/UE4Editor-GitSourceControl.dll (API version 3709383).
LogModuleManager: Display: Found up-to-date module file ../../../Engine/Plugins/Developer/PerforceSourceControl/Binaries/Win64/UE4Editor-PerforceSourceControl.dll (API version 3709383).
LogModuleManager: Display: Found up-to-date module file ../../../Engine/Plugins/Developer/SubversionSourceControl/Binaries/Win64/UE4Editor-SubversionSourceControl.dll (API version 3709383).
LogModuleManager: Display: Found up-to-date module file ../../../Engine/Plugins/Developer/UObjectPlugin/Binaries/Win64/UE4Editor-UObjectPlugin.dll (API version 3709383).
LogModuleManager: Display: Found up-to-date module file ../../../Engine/Plugins/Developer/VisualStudioCodeSourceCodeAccess/Binaries/Win64/UE4Editor-VisualStudioCodeSourceCodeAccess.dll (API version 3709383).
LogModuleManager: Display: Found up-to-date module file ../../../Engine/Plugins/Developer/VisualStudioSourceCodeAccess/Binaries/Win64/UE4Editor-VisualStudioSourceCodeAccess.dll (API version 3709383).
LogModuleManager: Display: Found up-to-date module file ../../../Engine/Plugins/Editor/AssetManagerEditor/Binaries/Win64/UE4Editor-AssetManagerEditor.dll (API version 3709383).
LogModuleManager: Display: Found up-to-date module file ../../../Engine/Plugins/Editor/AudioCapture/Binaries/Win64/UE4Editor-AudioCapture.dll (API version 3709383).
LogModuleManager: Display: Found up-to-date module file ../../../Engine/Plugins/Editor/FacialAnimation/Binaries/Win64/UE4Editor-FacialAnimation.dll (API version 3709383).
LogModuleManager: Display: Found up-to-date module file ../../../Engine/Plugins/Editor/FacialAnimation/Binaries/Win64/UE4Editor-FacialAnimationEditor.dll (API version 3709383).
LogModuleManager: Display: Found up-to-date module file ../../../Engine/Plugins/Editor/GameplayTagsEditor/Binaries/Win64/UE4Editor-GameplayTagsEditor.dll (API version 3709383).
LogModuleManager: Display: Found up-to-date module file ../../../Engine/Plugins/Editor/MobileLauncherProfileWizard/Binaries/Win64/UE4Editor-MobileLauncherProfileWizard.dll (API version 3709383).
LogModuleManager: Display: Found up-to-date module file ../../../Engine/Plugins/Editor/PluginBrowser/Binaries/Win64/UE4Editor-PluginBrowser.dll (API version 3709383).
LogModuleManager: Display: Found up-to-date module file ../../../Engine/Plugins/Editor/SpeedTreeImporter/Binaries/Win64/UE4Editor-SpeedTreeImporter.dll (API version 3709383).
LogModuleManager: Display: Found up-to-date module file ../../../Engine/Plugins/Experimental/AlembicImporter/Binaries/Win64/UE4Editor-AlembicImporter.dll (API version 3709383).
LogModuleManager: Display: Found up-to-date module file ../../../Engine/Plugins/Experimental/AlembicImporter/Binaries/Win64/UE4Editor-AlembicLibrary.dll (API version 3709383).
LogModuleManager: Display: Found up-to-date module file ../../../Engine/Plugins/Experimental/CharacterAI/Binaries/Win64/UE4Editor-CharacterAI.dll (API version 3709383).
LogModuleManager: Display: Found up-to-date module file ../../../Engine/Plugins/Experimental/HTML5Networking/Binaries/Win64/UE4Editor-HTML5Networking.dll (API version 3709383).
LogModuleManager: Display: Found up-to-date module file ../../../Engine/Plugins/Media/AndroidMedia/Binaries/Win64/UE4Editor-AndroidMediaEditor.dll (API version 3709383).
LogModuleManager: Display: Found up-to-date module file ../../../Engine/Plugins/Media/AndroidMedia/Binaries/Win64/UE4Editor-AndroidMediaFactory.dll (API version 3709383).
LogModuleManager: Display: Found up-to-date module file ../../../Engine/Plugins/Media/AvfMedia/Binaries/Win64/UE4Editor-AvfMediaEditor.dll (API version 3709383).
LogModuleManager: Display: Found up-to-date module file ../../../Engine/Plugins/Media/AvfMedia/Binaries/Win64/UE4Editor-AvfMediaFactory.dll (API version 3709383).
LogModuleManager: Display: Found up-to-date module file ../../../Engine/Plugins/Media/AvfMedia/Binaries/Win64/UE4Editor-AvfMediaFactory.dll (API version 3709383).
LogModuleManager: Display: Found up-to-date module file ../../../Engine/Plugins/Media/ImgMedia/Binaries/Win64/UE4Editor-ImgMedia.dll (API version 3709383).
LogModuleManager: Display: Found up-to-date module file ../../../Engine/Plugins/Media/ImgMedia/Binaries/Win64/UE4Editor-ImgMediaEditor.dll (API version 3709383).
LogModuleManager: Display: Found up-to-date module file ../../../Engine/Plugins/Media/ImgMedia/Binaries/Win64/UE4Editor-ImgMediaFactory.dll (API version 3709383).
LogModuleManager: Display: Found up-to-date module file ../../../Engine/Plugins/Media/ImgMedia/Binaries/Win64/UE4Editor-ImgMediaFactory.dll (API version 3709383).
LogModuleManager: Display: Found up-to-date module file ../../../Engine/Plugins/Media/ImgMedia/Binaries/Win64/UE4Editor-OpenExrWrapper.dll (API version 3709383).
LogModuleManager: Display: Found up-to-date module file ../../../Engine/Plugins/Media/MediaCompositing/Binaries/Win64/UE4Editor-MediaCompositing.dll (API version 3709383).
LogModuleManager: Display: Found up-to-date module file ../../../Engine/Plugins/Media/MediaCompositing/Binaries/Win64/UE4Editor-MediaCompositingEditor.dll (API version 3709383).
LogModuleManager: Display: Found up-to-date module file ../../../Engine/Plugins/Media/MediaPlayerEditor/Binaries/Win64/UE4Editor-MediaPlayerEditor.dll (API version 3709383).
LogModuleManager: Display: Found up-to-date module file ../../../Engine/Plugins/Media/WmfMedia/Binaries/Win64/UE4Editor-WmfMedia.dll (API version 3709383).
LogModuleManager: Display: Found up-to-date module file ../../../Engine/Plugins/Media/WmfMedia/Binaries/Win64/UE4Editor-WmfMediaEditor.dll (API version 3709383).
LogModuleManager: Display: Found up-to-date module file ../../../Engine/Plugins/Media/WmfMedia/Binaries/Win64/UE4Editor-WmfMediaFactory.dll (API version 3709383).
LogModuleManager: Display: Found up-to-date module file ../../../Engine/Plugins/Media/WmfMedia/Binaries/Win64/UE4Editor-WmfMediaFactory.dll (API version 3709383).
LogModuleManager: Display: Found up-to-date module file ../../../Engine/Plugins/Messaging/TcpMessaging/Binaries/Win64/UE4Editor-TcpMessaging.dll (API version 3709383).
LogModuleManager: Display: Found up-to-date module file ../../../Engine/Plugins/Messaging/UdpMessaging/Binaries/Win64/UE4Editor-UdpMessaging.dll (API version 3709383).
LogModuleManager: Display: Found up-to-date module file ../../../Engine/Plugins/MovieScene/ActorSequence/Binaries/Win64/UE4Editor-ActorSequence.dll (API version 3709383).
LogModuleManager: Display: Found up-to-date module file ../../../Engine/Plugins/MovieScene/LevelSequenceEditor/Binaries/Win64/UE4Editor-LevelSequenceEditor.dll (API version 3709383).
LogModuleManager: Display: Found up-to-date module file ../../../Engine/Plugins/MovieScene/MatineeToLevelSequence/Binaries/Win64/UE4Editor-MatineeToLevelSequence.dll (API version 3709383).
LogModuleManager: Display: Found up-to-date module file ../../../Engine/Plugins/Online/OnlineSubsystem/Binaries/Win64/UE4Editor-OnlineSubsystem.dll (API version 3709383).
LogModuleManager: Display: Found up-to-date module file ../../../Engine/Plugins/Runtime/AndroidPermission/Binaries/Win64/UE4Editor-AndroidPermission.dll (API version 3709383).
LogModuleManager: Display: Found up-to-date module file ../../../Engine/Plugins/Online/OnlineSubsystemNull/Binaries/Win64/UE4Editor-OnlineSubsystemNull.dll (API version 3709383).
LogModuleManager: Display: Found up-to-date module file ../../../Engine/Plugins/Online/OnlineSubsystemUtils/Binaries/Win64/UE4Editor-OnlineSubsystemUtils.dll (API version 3709383).
LogModuleManager: Display: Found up-to-date module file ../../../Engine/Plugins/Online/OnlineSubsystemUtils/Binaries/Win64/UE4Editor-OnlineBlueprintSupport.dll (API version 3709383).
LogModuleManager: Display: Found up-to-date module file ../../../Engine/Plugins/Runtime/AndroidDeviceProfileSelector/Binaries/Win64/UE4Editor-AndroidDeviceProfileSelector.dll (API version 3709383).
LogModuleManager: Display: Found up-to-date module file ../../../Engine/Plugins/Runtime/AppleARKit/Binaries/Win64/UE4Editor-AppleARKit.dll (API version 3709383).
LogModuleManager: Display: Found up-to-date module file ../../../Engine/Plugins/Runtime/ArchVisCharacter/Binaries/Win64/UE4Editor-ArchVisCharacter.dll (API version 3709383).
LogModuleManager: Display: Found up-to-date module file ../../../Engine/Plugins/Runtime/CableComponent/Binaries/Win64/UE4Editor-CableComponent.dll (API version 3709383).
LogModuleManager: Display: Found up-to-date module file ../../../Engine/Plugins/Runtime/CustomMeshComponent/Binaries/Win64/UE4Editor-CustomMeshComponent.dll (API version 3709383).
LogModuleManager: Display: Found up-to-date module file ../../../Engine/Plugins/Runtime/ExampleDeviceProfileSelector/Binaries/Win64/UE4Editor-ExampleDeviceProfileSelector.dll (API version 3709383).
LogModuleManager: Display: Found up-to-date module file ../../../Engine/Plugins/Runtime/ImmediatePhysics/Binaries/Win64/UE4Editor-ImmediatePhysics.dll (API version 3709383).
LogModuleManager: Display: Found up-to-date module file ../../../Engine/Plugins/Runtime/ImmediatePhysics/Binaries/Win64/UE4Editor-ImmediatePhysicsEditor.dll (API version 3709383).
LogModuleManager: Display: Found up-to-date module file ../../../Engine/Plugins/Runtime/LocationServicesBPLibrary/Binaries/Win64/UE4Editor-LocationServicesBPLibrary.dll (API version 3709383).
LogModuleManager: Display: Found up-to-date module file ../../../Engine/Plugins/Runtime/MobilePatchingUtils/Binaries/Win64/UE4Editor-MobilePatchingUtils.dll (API version 3709383).
LogModuleManager: Display: Found up-to-date module file ../../../Engine/Plugins/Runtime/Oculus/OculusVR/Binaries/Win64/UE4Editor-OculusHMD.dll (API version 3709383).
LogModuleManager: Display: Found up-to-date module file ../../../Engine/Plugins/Runtime/Oculus/OculusVR/Binaries/Win64/UE4Editor-OculusInput.dll (API version 3709383).
LogModuleManager: Display: Found up-to-date module file ../../../Engine/Plugins/Runtime/Oculus/OculusVR/Binaries/Win64/UE4Editor-OculusEditor.dll (API version 3709383).
LogModuleManager: Display: Found up-to-date module file ../../../Engine/Plugins/Runtime/PhysXVehicles/Binaries/Win64/UE4Editor-PhysXVehicles.dll (API version 3709383).
LogModuleManager: Display: Found up-to-date module file ../../../Engine/Plugins/Runtime/PhysXVehicles/Binaries/Win64/UE4Editor-PhysXVehiclesEditor.dll (API version 3709383).
LogModuleManager: Display: Found up-to-date module file ../../../Engine/Plugins/Runtime/ProceduralMeshComponent/Binaries/Win64/UE4Editor-ProceduralMeshComponent.dll (API version 3709383).
LogModuleManager: Display: Found up-to-date module file ../../../Engine/Plugins/Runtime/ProceduralMeshComponent/Binaries/Win64/UE4Editor-ProceduralMeshComponentEditor.dll (API version 3709383).
LogModuleManager: Display: Found up-to-date module file ../../../Engine/Plugins/Runtime/RuntimePhysXCooking/Binaries/Win64/UE4Editor-RuntimePhysXCooking.dll (API version 3709383).
LogModuleManager: Display: Found up-to-date module file ../../../Engine/Plugins/Runtime/Steam/SteamVR/Binaries/Win64/UE4Editor-SteamVR.dll (API version 3709383).
LogModuleManager: Display: Found up-to-date module file ../../../Engine/Plugins/Runtime/Steam/SteamVR/Binaries/Win64/UE4Editor-SteamVRController.dll (API version 3709383).
LogModuleManager: Display: Found up-to-date module file ../../../Engine/Plugins/Runtime/WindowsMoviePlayer/Binaries/Win64/UE4Editor-WindowsMoviePlayer.dll (API version 3709383).
LogPluginManager: Mounting plugin Paper2D
LogConfig: Warning: Failed to saved backup for config[Paper2D]
LogPluginManager: Mounting plugin LightPropagationVolume
LogPluginManager: Mounting plugin CodeLiteSourceCodeAccess
LogPluginManager: Mounting plugin GitSourceControl
LogPluginManager: Mounting plugin KDevelopSourceCodeAccess
LogPluginManager: Mounting plugin NullSourceCodeAccess
LogPluginManager: Mounting plugin PerforceSourceControl
LogPluginManager: Mounting plugin SubversionSourceControl
LogPluginManager: Mounting plugin UObjectPlugin
LogPluginManager: Mounting plugin VisualStudioCodeSourceCodeAccess
LogPluginManager: Mounting plugin VisualStudioSourceCodeAccess
LogPluginManager: Mounting plugin XCodeSourceCodeAccess
LogPluginManager: Mounting plugin AssetManagerEditor
LogPluginManager: Mounting plugin AudioCapture
LogPluginManager: Mounting plugin FacialAnimation
LogPluginManager: Mounting plugin GameplayTagsEditor
LogPluginManager: Mounting plugin MobileLauncherProfileWizard
LogPluginManager: Mounting plugin PluginBrowser
LogPluginManager: Mounting plugin SpeedTreeImporter
LogPluginManager: Mounting plugin AlembicImporter
LogPluginManager: Mounting plugin CharacterAI
LogPluginManager: Mounting plugin HTML5Networking
LogPluginManager: Mounting plugin MixamoAnimationRetargeting
LogPluginManager: Mounting plugin AndroidMedia
LogPluginManager: Mounting plugin AvfMedia
LogPluginManager: Mounting plugin ImgMedia
LogPluginManager: Mounting plugin MediaCompositing
LogPluginManager: Mounting plugin MediaPlayerEditor
LogPluginManager: Mounting plugin WmfMedia
LogPluginManager: Mounting plugin TcpMessaging
LogPluginManager: Mounting plugin UdpMessaging
LogPluginManager: Mounting plugin ActorSequence
LogPluginManager: Mounting plugin LevelSequenceEditor
LogPluginManager: Mounting plugin MatineeToLevelSequence
LogPluginManager: Mounting plugin OnlineSubsystemGooglePlay
LogPluginManager: Mounting plugin OnlineSubsystemIOS
LogPluginManager: Mounting plugin OnlineSubsystem
LogPluginManager: Mounting plugin OnlineSubsystemNull
LogPluginManager: Mounting plugin OnlineSubsystemUtils
LogPluginManager: Mounting plugin AndroidDeviceProfileSelector
LogPluginManager: Mounting plugin AndroidMoviePlayer
LogPluginManager: Mounting plugin AndroidPermission
LogPluginManager: Mounting plugin ApexDestruction
LogConfig: Warning: Failed to saved backup for config[ApexDestruction]
LogPluginManager: Mounting plugin AppleARKit
LogPluginManager: Mounting plugin AppleMoviePlayer
LogPluginManager: Mounting plugin ArchVisCharacter
LogPluginManager: Mounting plugin CableComponent
LogPluginManager: Mounting plugin CustomMeshComponent
LogPluginManager: Mounting plugin ExampleDeviceProfileSelector
LogPluginManager: Mounting plugin GoogleCloudMessaging
LogPluginManager: Mounting plugin ImmediatePhysics
LogPluginManager: Mounting plugin IOSDeviceProfileSelector
LogPluginManager: Mounting plugin LinuxDeviceProfileSelector
LogPluginManager: Mounting plugin LocationServicesBPLibrary
LogPluginManager: Mounting plugin MobilePatchingUtils
LogPluginManager: Mounting plugin OculusVR
LogPluginManager: Plugin shader directory ../../../Engine/Plugins/Runtime/Oculus/OculusVR/Shaders found
LogPluginManager: Mapping shader source directory ../../../Engine/Plugins/Runtime/Oculus/OculusVR/Shaders to virtual directory /Plugin/OculusVR
LogConfig: Warning: Failed to saved backup for config[OculusVR]
LogPluginManager: Mounting plugin PhysXVehicles
LogConfig: Warning: Failed to saved backup for config[PhysXVehicles]
LogPluginManager: Mounting plugin ProceduralMeshComponent
LogPluginManager: Mounting plugin RuntimePhysXCooking
LogPluginManager: Mounting plugin SteamVR
LogPluginManager: Mounting plugin WindowsMoviePlayer
LogInit: Using libcurl 7.47.1
LogInit:  - built for x86_64-pc-win32
LogInit:  - supports SSL with OpenSSL/1.0.2g
LogInit:  - supports HTTP deflate (compression) using libz 1.2.8
LogInit:  - other features:
LogInit:      CURL_VERSION_SSL
LogInit:      CURL_VERSION_LIBZ
LogInit:      CURL_VERSION_IPV6
LogInit:      CURL_VERSION_ASYNCHDNS
LogInit:      CURL_VERSION_LARGEFILE
LogInit:      CURL_VERSION_IDN
LogInit:  CurlRequestOptions (configurable via config and command line):
LogInit:  - bVerifyPeer = false  - Libcurl will NOT verify peer certificate
LogInit:  - bUseHttpProxy = false  - Libcurl will NOT use HTTP proxy
LogInit:  - bDontReuseConnections = false  - Libcurl will reuse connections
LogInit:  - CertBundlePath = nullptr  - Libcurl will use whatever was configured at build time.
LogInit: Build: ++UE4+Release-4.18-CL-3832480
LogInit: Engine Version: 4.18.3-3832480+++UE4+Release-4.18
LogInit: Compatible Engine Version: 4.18.0-3709383+++UE4+Release-4.18
LogInit: Net CL: 3709383
LogDevObjectVersion: Number of dev versions registered: 16
LogDevObjectVersion:   Dev-Blueprints (B0D832E4-1F89-4F0D-ACCF-7EB736FD4AA2): 10
LogDevObjectVersion:   Dev-Build (E1C64328-A22C-4D53-A36C-8E866417BD8C): 0
LogDevObjectVersion:   Dev-Core (375EC13C-06E4-48FB-B500-84F0262A717E): 2
LogDevObjectVersion:   Dev-Editor (E4B068ED-F494-42E9-A231-DA0B2E46BB41): 20
LogDevObjectVersion:   Dev-Framework (CFFC743F-43B0-4480-9391-14DF171D2073): 30
LogDevObjectVersion:   Dev-Mobile (B02B49B5-BB20-44E9-A304-32B752E40360): 0
LogDevObjectVersion:   Dev-Networking (A4E4105C-59A1-49B5-A7C5-40C4547EDFEE): 0
LogDevObjectVersion:   Dev-Online (39C831C9-5AE6-47DC-9A44-9C173E1C8E7C): 0
LogDevObjectVersion:   Dev-Physics (78F01B33-EBEA-4F98-B9B4-84EACCB95AA2): 0
LogDevObjectVersion:   Dev-Platform (6631380F-2D4D-43E0-8009-CF276956A95A): 0
LogDevObjectVersion:   Dev-Rendering (12F88B9F-8875-4AFC-A67C-D90C383ABD29): 20
LogDevObjectVersion:   Dev-Sequencer (7B5AE74C-D270-4C10-A958-57980B212A5A): 4
LogDevObjectVersion:   Dev-VR (D7296918-1DD6-4BDD-9DE2-64A83CC13884): 0
LogDevObjectVersion:   Dev-LoadTimes (C2A15278-BFE7-4AFE-6C17-90FF531DF755): 1
LogDevObjectVersion:   Private-Geometry (6EACA3D4-40EC-4CC1-B786-8BED09428FC5): 1
LogDevObjectVersion:   Dev-AnimPhys (29E575DD-E0A3-4627-9D10-D276232CDCEA): 12
LogInit: Compiled (64-bit): Jan 12 2018 02:04:55
LogInit: Compiled with Visual C++: 19.00.24215.01
LogInit: Build Configuration: Development
LogInit: Branch Name: ++UE4+Release-4.18
LogInit: Command line:  
LogInit: Base directory: D:/UE_4.18/Engine/Binaries/Win64/
LogInit: Installed Engine Build: 1
LogInit: Presizing for max 8388607 objects, including 0 objects not considered by GC, pre-allocating 0 bytes for permanent pool.
LogInit: Object subsystem initialized
[2018.03.29-14.21.50:248][  0]LogInit: Selected Device Profile: [Windows]
[2018.03.29-14.21.50:248][  0]LogInit: Applying CVar settings loaded from the selected device profile: [Windows]
[2018.03.29-14.21.50:345][  0]LogInit: Computer: DESKTOP-JFBM7G4
[2018.03.29-14.21.50:345][  0]LogInit: User: ickle
[2018.03.29-14.21.50:345][  0]LogInit: CPU Page size=4096, Cores=6
[2018.03.29-14.21.50:345][  0]LogInit: High frequency timer resolution =3.415990 MHz
[2018.03.29-14.21.50:346][  0]LogMemory: Memory total: Physical=31.9GB (32GB approx)
[2018.03.29-14.21.50:346][  0]LogMemory: Platform Memory Stats for Windows
[2018.03.29-14.21.50:346][  0]LogMemory: Process Physical Memory: 277.30 MB used, 277.30 MB peak
[2018.03.29-14.21.50:346][  0]LogMemory: Process Virtual Memory: 274.50 MB used, 274.50 MB peak
[2018.03.29-14.21.50:346][  0]LogMemory: Physical Memory: 6333.55 MB used,  26345.54 MB free, 32679.09 MB total
[2018.03.29-14.21.50:346][  0]LogMemory: Virtual Memory: 692.40 MB used,  26345.54 MB free, 134217728.00 MB total
[2018.03.29-14.21.53:497][  0]LogInit: Using OS detected language (nb-NO).
[2018.03.29-14.21.53:497][  0]LogInit: Using OS detected locale (en-GB).
[2018.03.29-14.21.54:014][  0]LogTextLocalizationManager: No localization for 'nb-NO' exists, so 'en' will be used for the language.
[2018.03.29-14.22.07:130][  0]LogD3D11RHI: D3D11 adapters:
[2018.03.29-14.22.07:240][  0]LogD3D11RHI:    0. 'NVIDIA GeForce GTX 980 Ti' (Feature Level 11_0)
[2018.03.29-14.22.07:240][  0]LogD3D11RHI:       6097/0/16339 MB DedicatedVideo/DedicatedSystem/SharedSystem, Outputs:2, VendorId:0x10de
[2018.03.29-14.22.07:244][  0]LogD3D11RHI:    1. 'Microsoft Basic Render Driver' (Feature Level 11_0)
[2018.03.29-14.22.07:244][  0]LogD3D11RHI:       0/0/16339 MB DedicatedVideo/DedicatedSystem/SharedSystem, Outputs:0, VendorId:0x1414
[2018.03.29-14.22.07:244][  0]LogD3D11RHI: Chosen D3D11 Adapter: 0
[2018.03.29-14.22.07:252][  0]LogD3D11RHI: Creating new Direct3DDevice
[2018.03.29-14.22.07:252][  0]LogD3D11RHI:     GPU DeviceId: 0x17c8 (for the marketing name, search the web for "GPU Device Id")
[2018.03.29-14.22.07:252][  0]LogWindows: EnumDisplayDevices:
[2018.03.29-14.22.07:252][  0]LogWindows:    0. 'NVIDIA GeForce GTX 980 Ti' (P:1 D:1)
[2018.03.29-14.22.07:253][  0]LogWindows:    1. 'NVIDIA GeForce GTX 980 Ti' (P:0 D:1)
[2018.03.29-14.22.07:253][  0]LogWindows:    2. 'NVIDIA GeForce GTX 980 Ti' (P:0 D:0)
[2018.03.29-14.22.07:253][  0]LogWindows:    3. 'NVIDIA GeForce GTX 980 Ti' (P:0 D:0)
[2018.03.29-14.22.07:254][  0]LogWindows: DebugString: GetVideoDriverDetailsInvalid PrimaryIsNotTheChoosenAdapter GetVideoDriverDetailsInvalid PrimaryIsNotTheChoosenAdapter GetVideoDriverDetailsInvalid PrimaryIsNotTheChoosenAdapter GetVideoDriverDetailsInvalid PrimaryIsNotTheChoosenAdapter FoundDriverCount:0 
[2018.03.29-14.22.07:254][  0]LogD3D11RHI:     Adapter Name: NVIDIA GeForce GTX 980 Ti
[2018.03.29-14.22.07:254][  0]LogD3D11RHI:   Driver Version: Unknown (internal:Unknown, unified:Unknown)
[2018.03.29-14.22.07:254][  0]LogD3D11RHI:      Driver Date: Unknown
[2018.03.29-14.22.07:254][  0]LogRHI: Texture pool is 4268 MB (70% of 6097 MB)
[2018.03.29-14.22.07:308][  0]LogD3D11RHI: Async texture creation enabled
[2018.03.29-14.22.07:396][  0]LogD3D11RHI: GPU Timing Frequency: 1000.000000 (Debug: 2 2)
[2018.03.29-14.22.07:573][  0]LogShaderCompilers: Guid format shader working directory is -1 characters bigger than the processId version (../../../../Git/TheCorruptionOfHades/HadesGame/Intermediate/Shaders/WorkingDirectory/24944/).
[2018.03.29-14.22.07:573][  0]LogShaderCompilers: Cleaned the shader compiler working directory 'C:/Users/ickle/AppData/Local/Temp/UnrealShaderWorkingDir/624C6F8D4829689F49119BA8B808D234/'.
[2018.03.29-14.22.07:574][  0]LogShaderCompilers: Display: Using Local Shader Compiler.
[2018.03.29-14.22.20:911][  0]LogTemp: Display: Loaded TP AllDesktopTargetPlatform
[2018.03.29-14.22.20:962][  0]LogTemp: Display: Loaded TP MacClientTargetPlatform
[2018.03.29-14.22.21:004][  0]LogTemp: Display: Loaded TP MacNoEditorTargetPlatform
[2018.03.29-14.22.21:045][  0]LogTemp: Display: Loaded TP MacServerTargetPlatform
[2018.03.29-14.22.21:169][  0]LogTemp: Display: Loaded TP MacTargetPlatform
[2018.03.29-14.22.21:276][  0]LogTemp: Display: Loaded TP WindowsClientTargetPlatform
[2018.03.29-14.22.21:322][  0]LogTemp: Display: Loaded TP WindowsNoEditorTargetPlatform
[2018.03.29-14.22.21:372][  0]LogTemp: Display: Loaded TP WindowsServerTargetPlatform
[2018.03.29-14.22.21:412][  0]LogTemp: Display: Loaded TP WindowsTargetPlatform
[2018.03.29-14.22.21:455][  0]LogTemp: Display: Loaded TP Android_ASTCTargetPlatform
[2018.03.29-14.22.21:504][  0]LogTemp: Display: Loaded TP Android_ATCTargetPlatform
[2018.03.29-14.22.21:544][  0]LogTemp: Display: Loaded TP Android_DXTTargetPlatform
[2018.03.29-14.22.21:585][  0]LogTemp: Display: Loaded TP Android_ETC1TargetPlatform
[2018.03.29-14.22.21:631][  0]LogTemp: Display: Loaded TP Android_ETC2TargetPlatform
[2018.03.29-14.22.21:713][  0]LogTemp: Display: Loaded TP Android_MultiTargetPlatform
[2018.03.29-14.22.21:713][  0]LogTemp: Display: Loaded TP Android_PVRTCTargetPlatform
[2018.03.29-14.22.21:806][  0]LogTemp: Display: Loaded TP AndroidTargetPlatform
[2018.03.29-14.22.21:853][  0]LogTemp: Display: Loaded TP HTML5TargetPlatform
[2018.03.29-14.22.22:302][  0]LogTemp: Display: Loaded TP IOSTargetPlatform
[2018.03.29-14.22.22:368][  0]LogTemp: Display: Loaded TP TVOSTargetPlatform
[2018.03.29-14.22.22:458][  0]LogTemp: Display: Loaded TP LinuxClientTargetPlatform
[2018.03.29-14.22.22:578][  0]LogTemp: Display: Loaded TP LinuxNoEditorTargetPlatform
[2018.03.29-14.22.22:623][  0]LogTemp: Display: Loaded TP LinuxServerTargetPlatform
[2018.03.29-14.22.22:693][  0]LogTemp: Display: Loaded TP LinuxTargetPlatform
[2018.03.29-14.22.22:693][  0]LogTargetPlatformManager: Display: Building Assets For Windows
[2018.03.29-14.22.25:928][  0]LogDerivedDataCache: Display: Max Cache Size: 512 MB
[2018.03.29-14.22.26:496][  0]LogDerivedDataCache: Loaded boot cache 0.57s 78MB C:/Users/ickle/AppData/Local/UnrealEngine/4.18/DerivedDataCache/Boot.ddc.
[2018.03.29-14.22.26:496][  0]LogDerivedDataCache: Display: Loaded Boot cache: C:/Users/ickle/AppData/Local/UnrealEngine/4.18/DerivedDataCache/Boot.ddc
[2018.03.29-14.22.26:496][  0]LogDerivedDataCache: FDerivedDataBackendGraph:  Pak pak cache file ../../../../Git/TheCorruptionOfHades/HadesGame/DerivedDataCache/DDC.ddp not found, will not use a pak cache.
[2018.03.29-14.22.26:496][  0]LogDerivedDataCache: Unable to find inner node Pak for hierarchical cache Hierarchy.
[2018.03.29-14.22.26:496][  0]LogDerivedDataCache: FDerivedDataBackendGraph:  CompressedPak pak cache file ../../../../Git/TheCorruptionOfHades/HadesGame/DerivedDataCache/Compressed.ddp not found, will not use a pak cache.
[2018.03.29-14.22.26:496][  0]LogDerivedDataCache: Unable to find inner node CompressedPak for hierarchical cache Hierarchy.
[2018.03.29-14.22.26:599][  0]LogDerivedDataCache: Display: Pak cache opened for reading ../../../Engine/DerivedDataCache/Compressed.ddp.
[2018.03.29-14.22.26:611][  0]LogDerivedDataCache: Using Local data cache path C:/Users/ickle/AppData/Local/UnrealEngine/Common/DerivedDataCache: Writable
[2018.03.29-14.22.26:622][  0]LogMaterial: Verifying Global Shaders for PCD3D_SM5
[2018.03.29-14.22.26:623][  0]LogSlate: Using Freetype 2.6.0
[2018.03.29-14.22.26:835][  0]LogSlate: SlateFontCache - WITH_FREETYPE: 1, WITH_HARFBUZZ: 1
[2018.03.29-14.22.26:835][  0]LogSlate: SlateFontCache - WITH_FREETYPE: 1, WITH_HARFBUZZ: 1
[2018.03.29-14.22.51:358][  0]LogInit: Selected Device Profile: [Windows]
[2018.03.29-14.22.54:441][  0]LogSimplygon: Simplygon DLL not present - disabling.
[2018.03.29-14.22.54:726][  0]LogMeshReduction: Using SimplygonSwarm for distributed automatic mesh merging
[2018.03.29-14.22.54:834][  0]LogMeshReduction: Using QuadricMeshReduction for automatic static mesh reduction
[2018.03.29-14.22.54:835][  0]LogMeshReduction: No automatic skeletal mesh reduction module available
[2018.03.29-14.22.54:835][  0]LogMeshReduction: No automatic mesh merging module available
[2018.03.29-14.22.54:835][  0]LogMeshMerging: No automatic mesh merging module available
[2018.03.29-14.22.56:159][  0]LogNetVersion: HadesGame_01 , NetCL: 3709383, EngineNetVer: 2, GameNetVer: 0 (Checksum: 1792172541)
[2018.03.29-14.22.58:247][  0]LogAssetRegistry: FAssetRegistry took 0.0284 seconds to start up
[2018.03.29-14.23.09:633][  0]LogAssetRegistry: Error: Failed to open file for write ../../../../Git/TheCorruptionOfHades/HadesGame/Intermediate/AssetRegistryCache/2657c409.bin
[2018.03.29-14.23.09:648][  0]LogAssetRegistry: Error: Failed to open file for write ../../../../Git/TheCorruptionOfHades/HadesGame/Intermediate/AssetRegistryCache/8c0e1344.bin
[2018.03.29-14.23.09:688][  0]LogAssetRegistry: Error: Failed to open file for write ../../../../Git/TheCorruptionOfHades/HadesGame/Intermediate/AssetRegistryCache/2f5244c7.bin
[2018.03.29-14.23.09:728][  0]LogAssetRegistry: Error: Failed to open file for write ../../../../Git/TheCorruptionOfHades/HadesGame/Intermediate/AssetRegistryCache/f0d5030c.bin
[2018.03.29-14.23.09:785][  0]LogAssetRegistry: Error: Failed to open file for write ../../../../Git/TheCorruptionOfHades/HadesGame/Intermediate/AssetRegistryCache/1f683343.bin
[2018.03.29-14.23.09:790][  0]LogPackageLocalizationCache: Processed 7 localized package path(s) for 1 prioritized culture(s) in 0.190569 seconds
[2018.03.29-14.23.09:802][  0]LogUObjectArray: 35870 objects as part of root set at end of initial load.
[2018.03.29-14.23.09:802][  0]LogUObjectAllocator: 7363704 out of 0 bytes used by permanent object pool.
[2018.03.29-14.23.09:802][  0]LogUObjectArray: CloseDisregardForGC: 0/0 objects in disregard for GC pool
[2018.03.29-14.23.09:896][  0]LogInit: WinSock: version 1.1 (2.2), MaxSocks=32767, MaxUdp=65467
[2018.03.29-14.23.52:747][  0]LogAssetRegistry: Error: Failed to open file for write ../../../../Git/TheCorruptionOfHades/HadesGame/Intermediate/CachedAssetRegistry.bin
[2018.03.29-14.23.54:104][  0]LogTcpMessaging: Initializing TcpMessaging bridge
[2018.03.29-14.23.54:150][  0]LogUdpMessaging: Initializing bridge on interface 0.0.0.0:0 to multicast group 230.0.0.1:6666.
[2018.03.29-14.23.56:005][  0]LogConfig: Warning: Failed to saved backup for config[InternationalizationExport]
[2018.03.29-14.23.56:937][  0]LogMaterial: Uniform references updated for custom material expression Custom.
[2018.03.29-14.23.58:211][  0]SourceControl: Source control is disabled
[2018.03.29-14.23.58:211][  0]SourceControl: Source control is disabled
[2018.03.29-14.23.58:254][  0]SourceControl: Source control is disabled
[2018.03.29-14.23.58:297][  0]SourceControl: Source control is disabled
[2018.03.29-14.24.00:967][  0]LogAndroidPermission: UAndroidPermissionCallbackProxy::GetInstance
[2018.03.29-14.24.01:209][  0]LogOcInput: OculusInput pre-init called
[2018.03.29-14.24.01:653][  0]LogEngine: Initializing Engine...
[2018.03.29-14.24.01:655][  0]LogHMD: Failed to initialize OpenVR with code 110
[2018.03.29-14.24.04:263][  0]LogStats: UGameplayTagsManager::ConstructGameplayTagTree: Construct from data asset -  0.000 s
[2018.03.29-14.24.04:263][  0]LogStats: UGameplayTagsManager::ConstructGameplayTagTree: GameplayTagTreeChangedEvent.Broadcast -  0.000 s
[2018.03.29-14.24.04:448][  0]LogAIModule: Creating AISystem for world Untitled
[2018.03.29-14.24.04:489][  0]LogInit: XAudio2 using 'Realtek Digital Output(Optical) (Realtek High Definition Audio)' : 2 channels at 48 kHz using 16 bits per sample (channel mask 0x3)
[2018.03.29-14.24.04:578][  0]LogInit: FAudioDevice initialized.
[2018.03.29-14.24.04:592][  0]LogDerivedDataCache: Error: Could not save memory cache C:/Users/ickle/AppData/Local/UnrealEngine/4.18/DerivedDataCache/Boot.ddc.
[2018.03.29-14.24.04:599][  0]LogInit: Texture streaming: Enabled
[2018.03.29-14.24.04:702][  0]LogEngineSessionManager: EngineSessionManager initialized
[2018.03.29-14.24.04:845][  0]LogInit: Transaction tracking system initialized
[2018.03.29-14.24.05:485][  0]BlueprintLog: New page: Editor Load
[2018.03.29-14.24.09:423][  0]LocalizationService: Localization service is disabled
[2018.03.29-14.24.13:346][  0]LogConsoleResponse: Display: 
[2018.03.29-14.24.18:862][  0]LogCook: Display: Max memory allowance for cook 16384mb min free memory 0mb
[2018.03.29-14.24.18:863][  0]LogCook: Display: Mobile HDR setting 1
[2018.03.29-14.24.18:863][  0]LogGameplayTags: Display: UGameplayTagsManager::DoneAddingNativeTags. DelegateIsBound: 0
[2018.03.29-14.24.19:331][  0]LogFileCache: Scanning file cache for directory 'D:/Git/TheCorruptionOfHades/HadesGame/Content/' took 0.23s
[2018.03.29-14.24.23:604][  0]SourceControl: Source control is disabled
[2018.03.29-14.24.23:604][  0]Cmd: MAP LOAD FILE="../../../../Git/TheCorruptionOfHades/HadesGame/Content/Maps/Map4.umap" TEMPLATE=0 SHOWPROGRESS=1 FEATURELEVEL=3
[2018.03.29-14.24.23:834][  0]LightingResults: New page: Lighting Build
[2018.03.29-14.24.23:901][  0]MapCheck: New page: Map Check
[2018.03.29-14.24.23:901][  0]LightingResults: New page: Lighting Build
[2018.03.29-14.24.55:736][  0]LogBlueprint: Warning: [Compiler EnemyCharacter] InputAction Event references unknown Action 'ResetVR' for  InputAction ResetVR
[2018.03.29-14.24.55:737][  0]LogBlueprint: Warning: [Compiler EnemyCharacter] InputAction Event references unknown Action 'Jump' for  InputAction Jump
[2018.03.29-14.24.55:775][  0]LogBlueprint: Warning: [Compiler ThirdPersonCharacter] InputAction Event references unknown Action 'Target' for  InputAction Target
[2018.03.29-14.24.55:775][  0]LogBlueprint: Warning: [Compiler ThirdPersonCharacter] InputAction Event references unknown Action 'Target' for  InputAction Target
[2018.03.29-14.24.55:776][  0]LogBlueprint: Warning: [Compiler ThirdPersonCharacter] InputAction Event references unknown Action 'HeavyAttack' for  InputAction HeavyAttack
[2018.03.29-14.24.55:776][  0]LogBlueprint: Warning: [Compiler ThirdPersonCharacter] InputAction Event references unknown Action 'Target' for  InputAction Target
[2018.03.29-14.24.55:776][  0]LogBlueprint: Warning: [Compiler ThirdPersonCharacter] InputAction Event references unknown Action 'PauseGame' for  InputAction PauseGame
[2018.03.29-14.24.55:776][  0]LogBlueprint: Warning: [Compiler ThirdPersonCharacter] InputAction Event references unknown Action 'Sprint' for  InputAction Sprint
[2018.03.29-14.24.55:776][  0]LogBlueprint: Warning: [Compiler ThirdPersonCharacter] InputAction Event references unknown Action 'BasicAttack' for  InputAction BasicAttack
[2018.03.29-14.24.55:779][  0]LogBlueprint: Warning: [Compiler ThirdPersonCharacter] InputAction Event references unknown Action 'Jump' for  InputAction Jump
[2018.03.29-14.24.55:782][  0]LogBlueprint: Warning: [Compiler ThirdPersonCharacter] InputAction Event references unknown Action 'ResetVR' for  InputAction ResetVR
[2018.03.29-14.24.55:860][  0]LogBlueprint: Warning: [Compiler EnemyCharacter] [0200.02] Compile of EnemyCharacter successful, but with 2 Warning(s) [in 231 ms] (/Game/ThirdPersonBP/Blueprints/Enemies/EnemyCharacter.EnemyCharacter)
[2018.03.29-14.24.55:860][  0]LogBlueprint: Warning: [Compiler ThirdPersonCharacter] [0200.02] Compile of ThirdPersonCharacter successful, but with 9 Warning(s) [in 231 ms] (/Game/ThirdPersonBP/Blueprints/ThirdPersonCharacter.ThirdPersonCharacter)
[2018.03.29-14.25.08:868][  0]LogLinker: Warning: Asset '../../../../Git/TheCorruptionOfHades/HadesGame/Content/Materials/MF_ExtractDepth.uasset' has been saved with empty engine version. The asset will be loaded but may be incompatible.
[2018.03.29-14.25.08:883][  0]LogLinker: Warning: Asset '../../../../Git/TheCorruptionOfHades/HadesGame/Content/Materials/MF_SampleSceneTextureNeighbourUVs.uasset' has been saved with empty engine version. The asset will be loaded but may be incompatible.
[2018.03.29-14.25.19:458][  0]LogAIModule: Creating AISystem for world Map4
[2018.03.29-14.25.21:694][  0]LogEditorServer: Finished looking for orphan Actors (0.000 secs)
[2018.03.29-14.25.21:792][  0]Cmd: MAP CHECKDEP NOCLEARLOG
[2018.03.29-14.25.21:906][  0]MapCheck: Map check complete: 0 Error(s), 0 Warning(s), took 114.716ms to complete.
[2018.03.29-14.25.21:907][  0]LogFileHelpers: Loading map 'Map4' took 58.303
[2018.03.29-14.25.22:814][  0]LogCollectionManager: Loaded 0 collections in 0.001213 seconds
[2018.03.29-14.25.22:913][  0]LogFileCache: Scanning file cache for directory 'D:/Git/TheCorruptionOfHades/HadesGame/Saved/Collections/' took 0.01s
[2018.03.29-14.25.22:913][  0]LogFileCache: Scanning file cache for directory 'D:/Git/TheCorruptionOfHades/HadesGame/Content/Developers/ickle/Collections/' took 0.01s
[2018.03.29-14.25.22:913][  0]LogFileCache: Scanning file cache for directory 'D:/Git/TheCorruptionOfHades/HadesGame/Content/Collections/' took 0.01s
[2018.03.29-14.25.22:913][  0]LogCollectionManager: Rebuilt the GUID cache for 0 collections in 0.000001 seconds
[2018.03.29-14.25.22:923][  0]LogContentBrowser: Native class hierarchy populated in 0.0102 seconds. Added 2372 classes and 524 folders.
[2018.03.29-14.25.22:974][  0]LogContentBrowser: Native class hierarchy updated for 'WidgetCarousel' in 0.0002 seconds. Added 0 classes and 0 folders.
[2018.03.29-14.25.29:942][  0]LogContentBrowser: Native class hierarchy updated for 'AddContentDialog' in 0.0007 seconds. Added 0 classes and 0 folders.
[2018.03.29-14.25.30:174][  0]LogContentBrowser: Native class hierarchy updated for 'SceneOutliner' in 0.0006 seconds. Added 1 classes and 2 folders.
[2018.03.29-14.25.30:828][  0]LogSlate: Took 0.067876 seconds to synchronously load lazily loaded font '../../../Engine/Content/Slate/Fonts/Roboto-Regular.ttf' (155K)
[2018.03.29-14.25.30:859][  0]LogSlate: Took 0.027145 seconds to synchronously load lazily loaded font '../../../Engine/Content/Slate/Fonts/Roboto-Bold.ttf' (160K)
[2018.03.29-14.25.30:896][  0]LogSlate: Took 0.023608 seconds to synchronously load lazily loaded font '../../../Engine/Content/Editor/Slate/Fonts/FontAwesome.ttf' (139K)
[2018.03.29-14.25.31:217][  0]LogRenderer: Reallocating scene render targets to support 1172x544 Format 10 NumSamples 1 (Frame:1).
[2018.03.29-14.25.31:471][  0]LogContentBrowser: Native class hierarchy updated for 'HierarchicalLODOutliner' in 0.0003 seconds. Added 1 classes and 2 folders.
[2018.03.29-14.25.31:471][  0]LogLoad: (Engine Initialization) Total time: 235.63 seconds
[2018.03.29-14.25.31:471][  0]LogLoad: (Engine Initialization) Total Blueprint compile time: 0.00 seconds
[2018.03.29-14.25.31:471][  0]LogExternalProfiler: No external profilers were discovered.  External profiling features will not be available.
[2018.03.29-14.25.31:899][  0]LogContentStreaming: Texture pool size now 1000 MB
[2018.03.29-14.25.32:305][  0]LogSlate: Took 0.102635 seconds to synchronously load lazily loaded font '../../../Engine/Content/Slate/Fonts/Roboto-Light.ttf' (159K)
[2018.03.29-14.25.33:051][  3]LogSlate: Took 0.000287 seconds to synchronously load lazily loaded font '../../../Engine/Content/Slate/Fonts/Roboto-Light.ttf' (159K)
[2018.03.29-14.25.33:351][  4]LogAssetRegistry: Asset discovery search completed in 155.1259 seconds
[2018.03.29-14.25.33:358][  4]LogCollectionManager: Rebuilt the object cache for 0 collections in 0.000001 seconds (found 0 objects)
[2018.03.29-14.25.33:358][  4]LogCollectionManager: Fixed up redirectors for 0 collections in 0.000132 seconds (updated 0 objects)
[2018.03.29-14.25.37:670][ 17]LogFileCache: Retrieving MD5 hashes for directory 'D:/Git/TheCorruptionOfHades/HadesGame/Content/' took 5.81s
[2018.03.29-14.26.33:692][180]LogStats: FPlatformStackWalk::StackWalkAndDump -  1.684 s
[2018.03.29-14.26.33:692][180]LogOutputDevice: Error: === Handled ensure: ===
[2018.03.29-14.26.33:692][180]LogOutputDevice: Error: 
[2018.03.29-14.26.33:692][180]LogOutputDevice: Error: Ensure condition failed: Ar [File:D:\Build\++UE4+Release-4.18+Compile\Sync\Engine\Source\Developer\DirectoryWatcher\Private\FileCache.cpp] [Line: 521]
[2018.03.29-14.26.33:692][180]LogOutputDevice: Error: Unable to write file-cache for 'D:/Git/TheCorruptionOfHades/HadesGame/Content/' to 'D:/Git/TheCorruptionOfHades/HadesGame/Intermediate/ReimportCache/3688439234.bin'.
[2018.03.29-14.26.33:692][180]LogOutputDevice: Error: Stack: 
[2018.03.29-14.26.33:692][180]LogOutputDevice: Error: [Callstack] 0x0000000077482786 UE4Editor-Core.dll!UnknownFunction []
[2018.03.29-14.26.33:692][180]LogOutputDevice: Error: [Callstack] 0x000000007722123A UE4Editor-Core.dll!UnknownFunction []
[2018.03.29-14.26.33:692][180]LogOutputDevice: Error: [Callstack] 0x000000007723B906 UE4Editor-Core.dll!UnknownFunction []
[2018.03.29-14.26.33:692][180]LogOutputDevice: Error: [Callstack] 0x0000000067C02823 UE4Editor-DirectoryWatcher.dll!UnknownFunction []
[2018.03.29-14.26.33:692][180]LogOutputDevice: Error: [Callstack] 0x000000006B6C6D6E UE4Editor-UnrealEd.dll!UnknownFunction []
[2018.03.29-14.26.33:692][180]LogOutputDevice: Error: [Callstack] 0x000000006B6904C7 UE4Editor-UnrealEd.dll!UnknownFunction []
[2018.03.29-14.26.33:693][180]LogOutputDevice: Error: [Callstack] 0x000000006B6426D9 UE4Editor-UnrealEd.dll!UnknownFunction []
[2018.03.29-14.26.33:693][180]LogOutputDevice: Error: [Callstack] 0x000000006B615AFF UE4Editor-UnrealEd.dll!UnknownFunction []
[2018.03.29-14.26.33:693][180]LogOutputDevice: Error: [Callstack] 0x000000006B6593D6 UE4Editor-UnrealEd.dll!UnknownFunction []
[2018.03.29-14.26.33:693][180]LogOutputDevice: Error: [Callstack] 0x000000006B643971 UE4Editor-UnrealEd.dll!UnknownFunction []
[2018.03.29-14.26.33:693][180]LogOutputDevice: Error: [Callstack] 0x000000006B6C4FD8 UE4Editor-UnrealEd.dll!UnknownFunction []
[2018.03.29-14.26.33:693][180]LogOutputDevice: Error: [Callstack] 0x000000006B6C6BB0 UE4Editor-UnrealEd.dll!UnknownFunction []
[2018.03.29-14.26.33:693][180]LogOutputDevice: Error: [Callstack] 0x000000006B9A7AF5 UE4Editor-UnrealEd.dll!UnknownFunction []
[2018.03.29-14.26.33:693][180]LogOutputDevice: Error: [Callstack] 0x000000006B9A58C6 UE4Editor-UnrealEd.dll!UnknownFunction []
[2018.03.29-14.26.33:693][180]LogOutputDevice: Error: [Callstack] 0x000000006C254AC6 UE4Editor-UnrealEd.dll!UnknownFunction []
[2018.03.29-14.26.33:693][180]LogOutputDevice: Error: [Callstack] 0x0000000057A35A26 UE4Editor.exe!UnknownFunction []
[2018.03.29-14.26.33:693][180]LogOutputDevice: Error: [Callstack] 0x0000000057A45430 UE4Editor.exe!UnknownFunction []
[2018.03.29-14.26.33:693][180]LogOutputDevice: Error: [Callstack] 0x0000000057A454AA UE4Editor.exe!UnknownFunction []
[2018.03.29-14.26.33:693][180]LogOutputDevice: Error: [Callstack] 0x0000000057A52379 UE4Editor.exe!UnknownFunction []
[2018.03.29-14.26.33:693][180]LogOutputDevice: Error: [Callstack] 0x0000000057A53D57 UE4Editor.exe!UnknownFunction []
[2018.03.29-14.26.33:693][180]LogOutputDevice: Error: [Callstack] 0x00000000B6C21FE4 KERNEL32.DLL!UnknownFunction []
[2018.03.29-14.26.33:693][180]LogOutputDevice: Error: [Callstack] 0x00000000B974EFC1 ntdll.dll!UnknownFunction []
[2018.03.29-14.26.33:693][180]LogOutputDevice: Error: 
[2018.03.29-14.26.33:700][180]LogStats:                SubmitErrorReport -  0.000 s
[2018.03.29-14.26.34:239][180]LogStats:                    SendNewReport -  0.539 s
[2018.03.29-14.26.34:239][180]LogStats:             FDebug::EnsureFailed -  2.235 s
[2018.03.29-14.29.51:508][196]LogWindowsTextInputMethodSystem: Display: IME system now deactivated.
[2018.03.29-14.29.51:686][197]Cmd: QUIT_EDITOR
[2018.03.29-14.29.51:707][197]LogExit: Preparing to exit.
[2018.03.29-14.29.52:307][197]LogDirectoryWatcher: A directory notification for 'D:/Git/TheCorruptionOfHades/HadesGame/Content/' was aborted.
[2018.03.29-14.29.52:398][197]LogExit: Editor shut down
[2018.03.29-14.29.52:402][197]LogExit: Transaction tracking system shut down
[2018.03.29-14.29.52:765][197]LogDirectoryWatcher: A directory notification for '../../../Engine/Content/' was aborted.
[2018.03.29-14.29.52:765][197]LogDirectoryWatcher: A directory notification for '../../../../Git/TheCorruptionOfHades/HadesGame/Content/' was aborted.
[2018.03.29-14.29.52:765][197]LogDirectoryWatcher: A directory notification for '../../../Engine/Plugins/2D/Paper2D/Content/' was aborted.
[2018.03.29-14.29.52:765][197]LogDirectoryWatcher: A directory notification for '../../../Engine/Plugins/Media/MediaCompositing/Content/' was aborted.
[2018.03.29-14.29.52:765][197]LogDirectoryWatcher: A directory notification for '../../../Engine/Plugins/Runtime/AppleARKit/Content/' was aborted.
[2018.03.29-14.29.52:765][197]LogDirectoryWatcher: A directory notification for '../../../Engine/Plugins/Runtime/Oculus/OculusVR/Content/' was aborted.
[2018.03.29-14.29.52:765][197]LogDirectoryWatcher: A directory notification for '../../../Engine/Plugins/Runtime/Steam/SteamVR/Content/' was aborted.
[2018.03.29-14.29.52:887][197]LogExit: Object subsystem successfully closed.
[2018.03.29-14.29.52:919][197]LogD3D11RHI: Shutdown
[2018.03.29-14.29.52:920][197]LogD3D11RHI: CleanupD3DDevice
[2018.03.29-14.29.52:922][197]LogD3D11RHI: ~FD3D11DynamicRHI
[2018.03.29-14.29.52:932][197]LogModuleManager: Shutting down and abandoning module HierarchicalLODOutliner (554)
[2018.03.29-14.29.52:932][197]LogModuleManager: Shutting down and abandoning module SceneOutliner (552)
[2018.03.29-14.29.52:932][197]LogModuleManager: Shutting down and abandoning module AddContentDialog (550)
[2018.03.29-14.29.52:932][197]LogDirectoryWatcher: A directory notification for 'D:/UE_4.18/FeaturePacks/' was aborted.
[2018.03.29-14.29.52:933][197]LogModuleManager: Shutting down and abandoning module WidgetCarousel (549)
[2018.03.29-14.29.52:933][197]LogModuleManager: Shutting down and abandoning module EditorWidgets (546)
[2018.03.29-14.29.52:933][197]LogModuleManager: Shutting down and abandoning module CollectionManager (544)
[2018.03.29-14.29.52:933][197]LogDirectoryWatcher: A directory notification for 'D:/Git/TheCorruptionOfHades/HadesGame/Content/Collections/' was aborted.
[2018.03.29-14.29.52:933][197]LogDirectoryWatcher: A directory notification for 'D:/Git/TheCorruptionOfHades/HadesGame/Content/Developers/ickle/Collections/' was aborted.
[2018.03.29-14.29.52:933][197]LogDirectoryWatcher: A directory notification for 'D:/Git/TheCorruptionOfHades/HadesGame/Saved/Collections/' was aborted.
[2018.03.29-14.29.52:933][197]LogModuleManager: Shutting down and abandoning module StatsViewer (542)
[2018.03.29-14.29.52:933][197]LogModuleManager: Shutting down and abandoning module FoliageEdit (540)
[2018.03.29-14.29.52:933][197]LogModuleManager: Shutting down and abandoning module LandscapeEditor (538)
[2018.03.29-14.29.52:934][197]LogModuleManager: Shutting down and abandoning module MeshPaintMode (536)
[2018.03.29-14.29.52:934][197]LogModuleManager: Shutting down and abandoning module SceneDepthPickerMode (534)
[2018.03.29-14.29.52:934][197]LogModuleManager: Shutting down and abandoning module ActorPickerMode (532)
[2018.03.29-14.29.52:934][197]LogModuleManager: Shutting down and abandoning module GeometryMode (530)
[2018.03.29-14.29.52:934][197]LogModuleManager: Shutting down and abandoning module TextureAlignMode (528)
[2018.03.29-14.29.52:934][197]LogModuleManager: Shutting down and abandoning module BspMode (526)
[2018.03.29-14.29.52:934][197]LogModuleManager: Shutting down and abandoning module PIEPreviewDeviceProfileSelector (524)
[2018.03.29-14.29.52:934][197]LogModuleManager: Shutting down and abandoning module HardwareSurvey (522)
[2018.03.29-14.29.52:934][197]LogModuleManager: Shutting down and abandoning module SequenceRecorderSections (520)
[2018.03.29-14.29.52:934][197]LogModuleManager: Shutting down and abandoning module AutomationWorker (518)
[2018.03.29-14.29.52:934][197]LogModuleManager: Shutting down and abandoning module MatineeToLevelSequence (516)
[2018.03.29-14.29.52:934][197]LogModuleManager: Shutting down and abandoning module LevelSequenceEditor (514)
[2018.03.29-14.29.52:934][197]LogModuleManager: Shutting down and abandoning module PlacementMode (513)
[2018.03.29-14.29.52:934][197]LogModuleManager: Shutting down and abandoning module WmfMediaFactory (510)
[2018.03.29-14.29.52:934][197]LogModuleManager: Shutting down and abandoning module WmfMediaEditor (508)
[2018.03.29-14.29.52:934][197]LogModuleManager: Shutting down and abandoning module OpenExrWrapper (506)
[2018.03.29-14.29.52:934][197]LogModuleManager: Shutting down and abandoning module ImgMediaFactory (504)
[2018.03.29-14.29.52:934][197]LogModuleManager: Shutting down and abandoning module ImgMediaEditor (502)
[2018.03.29-14.29.52:934][197]LogModuleManager: Shutting down and abandoning module AvfMediaFactory (500)
[2018.03.29-14.29.52:934][197]LogModuleManager: Shutting down and abandoning module AvfMediaEditor (498)
[2018.03.29-14.29.52:934][197]LogModuleManager: Shutting down and abandoning module AndroidMediaFactory (496)
[2018.03.29-14.29.52:934][197]LogModuleManager: Shutting down and abandoning module AndroidMediaEditor (494)
[2018.03.29-14.29.52:934][197]LogModuleManager: Shutting down and abandoning module CharacterAI (492)
[2018.03.29-14.29.52:934][197]LogModuleManager: Shutting down and abandoning module AudioCapture (490)
[2018.03.29-14.29.52:934][197]LogModuleManager: Shutting down and abandoning module SequenceRecorder (489)
[2018.03.29-14.29.52:934][197]LogModuleManager: Shutting down and abandoning module SmartSnapping (486)
[2018.03.29-14.29.52:934][197]LogModuleManager: Shutting down and abandoning module SessionServices (484)
[2018.03.29-14.29.52:934][197]LogModuleManager: Shutting down and abandoning module ViewportSnapping (482)
[2018.03.29-14.29.52:935][197]LogModuleManager: Shutting down and abandoning module ViewportInteraction (480)
[2018.03.29-14.29.52:935][197]LogModuleManager: Shutting down and abandoning module ClothPainter (478)
[2018.03.29-14.29.52:935][197]LogModuleManager: Shutting down and abandoning module SkeletalMeshEditor (477)
[2018.03.29-14.29.52:935][197]LogModuleManager: Shutting down and abandoning module LogVisualizer (474)
[2018.03.29-14.29.52:935][197]LogModuleManager: Shutting down and abandoning module IntroTutorials (472)
[2018.03.29-14.29.52:935][197]LogModuleManager: Shutting down and abandoning module GameProjectGeneration (471)
[2018.03.29-14.29.52:935][197]LogModuleManager: Shutting down and abandoning module IOSPlatformEditor (468)
[2018.03.29-14.29.52:935][197]LogModuleManager: Shutting down and abandoning module HTML5PlatformEditor (466)
[2018.03.29-14.29.52:935][197]LogModuleManager: Shutting down and abandoning module AndroidPlatformEditor (464)
[2018.03.29-14.29.52:935][197]LogModuleManager: Shutting down and abandoning module AndroidDeviceDetection (463)
[2018.03.29-14.29.53:141][197]LogModuleManager: Shutting down and abandoning module WindowsPlatformEditor (460)
[2018.03.29-14.29.53:141][197]LogModuleManager: Shutting down and abandoning module IOSRuntimeSettings (458)
[2018.03.29-14.29.53:141][197]LogModuleManager: Shutting down and abandoning module AndroidRuntimeSettings (456)
[2018.03.29-14.29.53:141][197]LogModuleManager: Shutting down and abandoning module InputBindingEditor (454)
[2018.03.29-14.29.53:141][197]LogModuleManager: Shutting down and abandoning module MergeActors (452)
[2018.03.29-14.29.53:141][197]LogModuleManager: Shutting down and abandoning module SizeMap (450)
[2018.03.29-14.29.53:141][197]LogModuleManager: Shutting down and abandoning module TreeMap (448)
[2018.03.29-14.29.53:142][197]LogModuleManager: Shutting down and abandoning module ReferenceViewer (446)
[2018.03.29-14.29.53:142][197]LogModuleManager: Shutting down and abandoning module LocalizationDashboard (444)
[2018.03.29-14.29.53:142][197]LogModuleManager: Shutting down and abandoning module LocalizationService (443)
[2018.03.29-14.29.53:142][197]LogModuleManager: Shutting down and abandoning module HardwareTargeting (440)
[2018.03.29-14.29.53:142][197]LogModuleManager: Shutting down and abandoning module DeviceProfileEditor (438)
[2018.03.29-14.29.53:142][197]LogModuleManager: Shutting down and abandoning module UndoHistory (436)
[2018.03.29-14.29.53:142][197]LogModuleManager: Shutting down and abandoning module XmlParser (434)
[2018.03.29-14.29.53:142][197]LogModuleManager: Shutting down and abandoning module Blutility (432)
[2018.03.29-14.29.53:142][197]LogModuleManager: Shutting down and abandoning module ProjectSettingsViewer (430)
[2018.03.29-14.29.53:142][197]LogModuleManager: Shutting down and abandoning module ProjectTargetPlatformEditor (429)
[2018.03.29-14.29.53:142][197]LogModuleManager: Shutting down and abandoning module EditorSettingsViewer (426)
[2018.03.29-14.29.53:142][197]LogModuleManager: Shutting down and abandoning module SettingsEditor (424)
[2018.03.29-14.29.53:142][197]LogModuleManager: Shutting down and abandoning module ProjectLauncher (422)
[2018.03.29-14.29.53:142][197]LogModuleManager: Shutting down and abandoning module SessionFrontend (420)
[2018.03.29-14.29.53:142][197]LogModuleManager: Shutting down and abandoning module ProfilerClient (418)
[2018.03.29-14.29.53:142][197]LogModuleManager: Shutting down and abandoning module DeviceManager (416)
[2018.03.29-14.29.53:142][197]LogModuleManager: Shutting down and abandoning module TargetDeviceServices (415)
[2018.03.29-14.29.53:195][197]LogModuleManager: Shutting down and abandoning module AutomationController (412)
[2018.03.29-14.29.53:195][197]LogModuleManager: Shutting down and abandoning module AutomationWindow (410)
[2018.03.29-14.29.53:195][197]LogModuleManager: Shutting down and abandoning module Layers (408)
[2018.03.29-14.29.53:195][197]LogModuleManager: Shutting down and abandoning module ComponentVisualizers (406)
[2018.03.29-14.29.53:195][197]LogModuleManager: Shutting down and abandoning module DetailCustomizations (404)
[2018.03.29-14.29.53:195][197]LogModuleManager: Shutting down and abandoning module PackagesDialog (402)
[2018.03.29-14.29.53:195][197]LogModuleManager: Shutting down and abandoning module Persona (400)
[2018.03.29-14.29.53:195][197]LogModuleManager: Shutting down and abandoning module AdvancedPreviewScene (399)
[2018.03.29-14.29.53:195][197]LogModuleManager: Shutting down and abandoning module AnimGraph (397)
[2018.03.29-14.29.53:195][197]LogModuleManager: Shutting down and abandoning module Kismet (394)
[2018.03.29-14.29.53:207][197]LogModuleManager: Shutting down and abandoning module ClassViewer (392)
[2018.03.29-14.29.53:207][197]LogModuleManager: Shutting down and abandoning module Toolbox (390)
[2018.03.29-14.29.53:207][197]LogModuleManager: Shutting down and abandoning module ModuleUI (388)
[2018.03.29-14.29.53:207][197]LogModuleManager: Shutting down and abandoning module MovieSceneTools (386)
[2018.03.29-14.29.53:207][197]LogModuleManager: Shutting down and abandoning module OutputLog (384)
[2018.03.29-14.29.53:207][197]LogModuleManager: Shutting down and abandoning module GammaUI (382)
[2018.03.29-14.29.53:207][197]LogModuleManager: Shutting down and abandoning module Documentation (380)
[2018.03.29-14.29.53:208][197]LogModuleManager: Shutting down and abandoning module MovieSceneTracks (378)
[2018.03.29-14.29.53:208][197]LogModuleManager: Shutting down and abandoning module MovieScene (376)
[2018.03.29-14.29.53:208][197]LogModuleManager: Shutting down and abandoning module StreamingPauseRendering (374)
[2018.03.29-14.29.53:208][197]LogModuleManager: Shutting down and abandoning module LauncherPlatform (372)
[2018.03.29-14.29.53:208][197]LogModuleManager: Shutting down and abandoning module AnalyticsET (370)
[2018.03.29-14.29.53:208][197]LogModuleManager: Shutting down and abandoning module PortalServices (368)
[2018.03.29-14.29.53:208][197]LogModuleManager: Shutting down and abandoning module PortalRpc (366)
[2018.03.29-14.29.53:208][197]LogModuleManager: Shutting down and abandoning module MessagingRpc (364)
[2018.03.29-14.29.53:208][197]LogModuleManager: Shutting down and abandoning module AIModule (362)
[2018.03.29-14.29.53:208][197]LogModuleManager: Shutting down and abandoning module GameplayDebugger (361)
[2018.03.29-14.29.53:208][197]LogModuleManager: Shutting down and abandoning module AITestSuite (359)
[2018.03.29-14.29.53:208][197]LogModuleManager: Shutting down and abandoning module DesktopPlatform (356)
[2018.03.29-14.29.53:208][197]LogModuleManager: Shutting down and abandoning module ProfilerService (354)
[2018.03.29-14.29.53:369][197]LogModuleManager: Shutting down and abandoning module TaskGraph (352)
[2018.03.29-14.29.53:370][197]LogModuleManager: Shutting down and abandoning module SteamVRController (350)
[2018.03.29-14.29.53:370][197]LogModuleManager: Shutting down and abandoning module ProceduralMeshComponentEditor (348)
[2018.03.29-14.29.53:370][197]LogModuleManager: Shutting down and abandoning module ProceduralMeshComponent (346)
[2018.03.29-14.29.53:370][197]LogModuleManager: Shutting down and abandoning module OculusInput (344)
[2018.03.29-14.29.53:370][197]LogModuleManager: Shutting down and abandoning module MobilePatchingUtils (342)
[2018.03.29-14.29.53:370][197]LogModuleManager: Shutting down and abandoning module CustomMeshComponent (340)
[2018.03.29-14.29.53:370][197]LogModuleManager: Shutting down and abandoning module CableComponent (338)
[2018.03.29-14.29.53:370][197]LogModuleManager: Shutting down and abandoning module ArchVisCharacter (336)
[2018.03.29-14.29.53:370][197]LogModuleManager: Shutting down and abandoning module AndroidPermission (334)
[2018.03.29-14.29.53:370][197]LogModuleManager: Shutting down and abandoning module ActorSequence (330)
[2018.03.29-14.29.53:370][197]LogModuleManager: Shutting down and abandoning module MediaPlayerEditor (328)
[2018.03.29-14.29.53:370][197]LogModuleManager: Shutting down and abandoning module MediaCompositingEditor (326)
[2018.03.29-14.29.53:370][197]LogModuleManager: Shutting down and abandoning module MediaCompositing (324)
[2018.03.29-14.29.53:370][197]LogModuleManager: Shutting down and abandoning module MixamoAnimationRetargeting (322)
[2018.03.29-14.29.53:370][197]LogModuleManager: Shutting down and abandoning module HTML5Networking (320)
[2018.03.29-14.29.53:370][197]LogModuleManager: Shutting down and abandoning module AlembicImporter (318)
[2018.03.29-14.29.53:370][197]LogModuleManager: Shutting down and abandoning module AlembicLibrary (317)
[2018.03.29-14.29.53:370][197]LogModuleManager: Shutting down and abandoning module GeometryCache (316)
[2018.03.29-14.29.53:370][197]LogModuleManager: Shutting down and abandoning module GeometryCacheEd (315)
[2018.03.29-14.29.53:370][197]LogModuleManager: Shutting down and abandoning module SpeedTreeImporter (310)
[2018.03.29-14.29.53:370][197]LogModuleManager: Shutting down and abandoning module PluginBrowser (308)
[2018.03.29-14.29.53:370][197]LogModuleManager: Shutting down and abandoning module MobileLauncherProfileWizard (306)
[2018.03.29-14.29.53:370][197]LogModuleManager: Shutting down and abandoning module VisualStudioSourceCodeAccess (304)
[2018.03.29-14.29.53:370][197]LogModuleManager: Shutting down and abandoning module VisualStudioCodeSourceCodeAccess (302)
[2018.03.29-14.29.53:370][197]LogModuleManager: Shutting down and abandoning module UObjectPlugin (300)
[2018.03.29-14.29.53:370][197]LogModuleManager: Shutting down and abandoning module SubversionSourceControl (298)
[2018.03.29-14.29.53:370][197]LogModuleManager: Shutting down and abandoning module PerforceSourceControl (296)
[2018.03.29-14.29.53:370][197]LogModuleManager: Shutting down and abandoning module GitSourceControl (294)
[2018.03.29-14.29.53:370][197]LogModuleManager: Shutting down and abandoning module SourceControl (293)
[2018.03.29-14.29.53:371][197]LogModuleManager: Shutting down and abandoning module LightPropagationVolumeEditor (290)
[2018.03.29-14.29.53:371][197]LogModuleManager: Shutting down and abandoning module PaperTiledImporter (288)
[2018.03.29-14.29.53:371][197]LogModuleManager: Shutting down and abandoning module PaperSpriteSheetImporter (286)
[2018.03.29-14.29.53:371][197]LogModuleManager: Shutting down and abandoning module Paper2DEditor (284)
[2018.03.29-14.29.53:371][197]LogModuleManager: Shutting down and abandoning module MeshPaint (283)
[2018.03.29-14.29.53:371][197]LogModuleManager: Shutting down and abandoning module LevelEditor (281)
[2018.03.29-14.29.53:372][197]LogModuleManager: Shutting down and abandoning module PixelInspectorModule (280)
[2018.03.29-14.29.53:372][197]LogModuleManager: Shutting down and abandoning module MainFrame (278)
[2018.03.29-14.29.53:372][197]LogModuleManager: Shutting down and abandoning module HotReload (277)
[2018.03.29-14.29.53:372][197]LogDirectoryWatcher: A directory notification for 'D:/Git/TheCorruptionOfHades/HadesGame/Binaries/Win64' was aborted.
[2018.03.29-14.29.53:372][197]LogModuleManager: Shutting down and abandoning module RuntimePhysXCooking (272)
[2018.03.29-14.29.53:372][197]LogModuleManager: Shutting down and abandoning module PhysXVehiclesEditor (270)
[2018.03.29-14.29.53:372][197]LogModuleManager: Shutting down and abandoning module PhysXVehicles (268)
[2018.03.29-14.29.53:372][197]LogModuleManager: Shutting down and abandoning module OculusEditor (266)
[2018.03.29-14.29.53:372][197]LogModuleManager: Shutting down and abandoning module LocationServicesBPLibrary (264)
[2018.03.29-14.29.53:372][197]LogModuleManager: Shutting down and abandoning module ImmediatePhysicsEditor (262)
[2018.03.29-14.29.53:372][197]LogModuleManager: Shutting down and abandoning module ImmediatePhysics (260)
[2018.03.29-14.29.53:372][197]LogModuleManager: Shutting down and abandoning module ApexDestructionEditor (258)
[2018.03.29-14.29.53:372][197]LogModuleManager: Shutting down and abandoning module ApexDestruction (256)
[2018.03.29-14.29.53:372][197]LogModuleManager: Shutting down and abandoning module UdpMessaging (254)
[2018.03.29-14.29.53:473][197]LogModuleManager: Shutting down and abandoning module TcpMessaging (252)
[2018.03.29-14.29.53:573][197]LogModuleManager: Shutting down and abandoning module GameplayTagsEditor (250)
[2018.03.29-14.29.53:573][197]LogModuleManager: Shutting down and abandoning module FacialAnimationEditor (248)
[2018.03.29-14.29.53:573][197]LogModuleManager: Shutting down and abandoning module FacialAnimation (246)
[2018.03.29-14.29.53:573][197]LogModuleManager: Shutting down and abandoning module AssetManagerEditor (244)
[2018.03.29-14.29.53:573][197]LogModuleManager: Shutting down and abandoning module GraphEditor (243)
[2018.03.29-14.29.53:573][197]LogModuleManager: Shutting down and abandoning module ContentBrowser (241)
[2018.03.29-14.29.53:574][197]LogModuleManager: Shutting down and abandoning module LightPropagationVolumeRuntime (238)
[2018.03.29-14.29.53:574][197]LogModuleManager: Shutting down and abandoning module Paper2D (236)
[2018.03.29-14.29.53:574][197]LogModuleManager: Shutting down and abandoning module WindowsMoviePlayer (234)
[2018.03.29-14.29.53:575][197]LogModuleManager: Shutting down and abandoning module WmfMedia (232)
[2018.03.29-14.29.53:576][197]LogModuleManager: Shutting down and abandoning module ImgMedia (230)
[2018.03.29-14.29.53:576][197]LogModuleManager: Shutting down and abandoning module PacketHandler (228)
[2018.03.29-14.29.53:576][197]LogModuleManager: Shutting down and abandoning module ClothingSystemEditor (226)
[2018.03.29-14.29.53:576][197]LogModuleManager: Shutting down and abandoning module ClothingSystemRuntime (224)
[2018.03.29-14.29.53:576][197]LogModuleManager: Shutting down and abandoning module MediaAssets (222)
[2018.03.29-14.29.53:576][197]LogModuleManager: Shutting down and abandoning module Media (221)
[2018.03.29-14.29.53:582][197]LogModuleManager: Shutting down and abandoning module Overlay (218)
[2018.03.29-14.29.53:582][197]LogModuleManager: Shutting down and abandoning module OverlayEditor (217)
[2018.03.29-14.29.53:582][197]LogModuleManager: Shutting down and abandoning module VREditor (214)
[2018.03.29-14.29.53:582][197]LogModuleManager: Shutting down and abandoning module StringTableEditor (212)
[2018.03.29-14.29.53:582][197]LogModuleManager: Shutting down and abandoning module GameplayTasksEditor (210)
[2018.03.29-14.29.53:582][197]LogModuleManager: Shutting down and abandoning module BehaviorTreeEditor (208)
[2018.03.29-14.29.53:582][197]LogModuleManager: Shutting down and abandoning module FunctionalTesting (206)
[2018.03.29-14.29.53:582][197]LogModuleManager: Shutting down and abandoning module CollisionAnalyzer (204)
[2018.03.29-14.29.53:582][197]LogModuleManager: Shutting down and abandoning module WorkspaceMenuStructure (203)
[2018.03.29-14.29.53:582][197]LogModuleManager: Shutting down and abandoning module UMG (200)
[2018.03.29-14.29.53:582][197]LogModuleManager: Shutting down and abandoning module UMGEditor (199)
[2018.03.29-14.29.53:582][197]LogModuleManager: Shutting down and abandoning module Sequencer (198)
[2018.03.29-14.29.53:583][197]LogModuleManager: Shutting down and abandoning module MessageLog (195)
[2018.03.29-14.29.53:583][197]LogModuleManager: Shutting down and abandoning module SlateReflector (190)
[2018.03.29-14.29.53:583][197]LogModuleManager: Shutting down and abandoning module Slate (188)
[2018.03.29-14.29.53:583][197]LogModuleManager: Shutting down and abandoning module EditorStyle (186)
[2018.03.29-14.29.53:584][197]LogModuleManager: Shutting down and abandoning module MRMesh (184)
[2018.03.29-14.29.53:584][197]LogModuleManager: Shutting down and abandoning module SourceCodeAccess (182)
[2018.03.29-14.29.53:584][197]LogModuleManager: Shutting down and abandoning module HeadMountedDisplay (180)
[2018.03.29-14.29.53:584][197]LogModuleManager: Shutting down and abandoning module XAudio2 (178)
[2018.03.29-14.29.53:584][197]LogModuleManager: Shutting down and abandoning module Networking (176)
[2018.03.29-14.29.53:584][197]LogModuleManager: Shutting down and abandoning module Core (172)
[2018.03.29-14.29.53:584][197]LogModuleManager: Shutting down and abandoning module LevelSequence (168)
[2018.03.29-14.29.53:584][197]LogModuleManager: Shutting down and abandoning module DirectoryWatcher (166)
[2018.03.29-14.29.53:585][197]LogModuleManager: Shutting down and abandoning module KismetCompiler (164)
[2018.03.29-14.29.53:585][197]LogModuleManager: Shutting down and abandoning module MeshUtilities (162)
[2018.03.29-14.29.53:585][197]LogModuleManager: Shutting down and abandoning module MeshMergeUtilities (161)
[2018.03.29-14.29.53:585][197]LogModuleManager: Shutting down and abandoning module MeshReductionInterface (160)
[2018.03.29-14.29.53:585][197]LogModuleManager: Shutting down and abandoning module SimplygonSwarm (159)
[2018.03.29-14.29.53:585][197]LogModuleManager: Shutting down and abandoning module SimplygonMeshReduction (157)
[2018.03.29-14.29.53:585][197]LogModuleManager: Shutting down and abandoning module QuadricMeshReduction (155)
[2018.03.29-14.29.53:585][197]LogModuleManager: Shutting down and abandoning module MaterialBaking (151)
[2018.03.29-14.29.53:585][197]LogModuleManager: Shutting down and abandoning module DerivedDataCache (148)
[2018.03.29-14.29.53:597][197]LogDerivedDataCache: Shutdown
[2018.03.29-14.29.53:597][197]LogModuleManager: Shutting down and abandoning module TargetPlatform (146)
[2018.03.29-14.29.53:597][197]LogModuleManager: Shutting down and abandoning module VulkanShaderFormat (145)
[2018.03.29-14.29.53:597][197]LogModuleManager: Shutting down and abandoning module ShaderFormatVectorVM (143)
[2018.03.29-14.29.53:597][197]LogModuleManager: Shutting down and abandoning module ShaderFormatOpenGL (141)
[2018.03.29-14.29.53:597][197]LogModuleManager: Shutting down and abandoning module ShaderFormatD3D (139)
[2018.03.29-14.29.53:597][197]LogModuleManager: Shutting down and abandoning module MetalShaderFormat (137)
[2018.03.29-14.29.53:597][197]LogModuleManager: Shutting down and abandoning module TextureFormatUncompressed (135)
[2018.03.29-14.29.53:597][197]LogModuleManager: Shutting down and abandoning module TextureFormatPVR (133)
[2018.03.29-14.29.53:597][197]LogModuleManager: Shutting down and abandoning module TextureFormatDXT (131)
[2018.03.29-14.29.53:597][197]LogModuleManager: Shutting down and abandoning module TextureFormatIntelISPCTexComp (129)
[2018.03.29-14.29.53:597][197]LogModuleManager: Shutting down and abandoning module TextureFormatASTC (127)
[2018.03.29-14.29.53:597][197]LogModuleManager: Shutting down and abandoning module ImageWrapper (126)
[2018.03.29-14.29.53:597][197]LogModuleManager: Shutting down and abandoning module TextureFormatAndroid (123)
[2018.03.29-14.29.53:597][197]LogModuleManager: Shutting down and abandoning module AudioFormatOpus (121)
[2018.03.29-14.29.53:597][197]LogModuleManager: Shutting down and abandoning module AudioFormatOgg (119)
[2018.03.29-14.29.53:597][197]LogModuleManager: Shutting down and abandoning module AudioFormatADPCM (117)
[2018.03.29-14.29.53:597][197]LogModuleManager: Shutting down and abandoning module LinuxTargetPlatform (115)
[2018.03.29-14.29.53:598][197]LogModuleManager: Shutting down and abandoning module LinuxServerTargetPlatform (113)
[2018.03.29-14.29.53:598][197]LogModuleManager: Shutting down and abandoning module LinuxNoEditorTargetPlatform (111)
[2018.03.29-14.29.53:598][197]LogModuleManager: Shutting down and abandoning module LinuxClientTargetPlatform (109)
[2018.03.29-14.29.53:598][197]LogModuleManager: Shutting down and abandoning module TVOSTargetPlatform (107)
[2018.03.29-14.29.53:598][197]LogModuleManager: Shutting down and abandoning module Messaging (105)
[2018.03.29-14.29.53:598][197]LogModuleManager: Shutting down and abandoning module IOSTargetPlatform (103)
[2018.03.29-14.29.53:598][197]LogModuleManager: Shutting down and abandoning module HTML5TargetPlatform (101)
[2018.03.29-14.29.53:598][197]LogModuleManager: Shutting down and abandoning module AndroidTargetPlatform (99)
[2018.03.29-14.29.53:598][197]LogModuleManager: Shutting down and abandoning module Android_PVRTCTargetPlatform (97)
[2018.03.29-14.29.53:598][197]LogModuleManager: Shutting down and abandoning module Android_MultiTargetPlatform (95)
[2018.03.29-14.29.53:598][197]LogModuleManager: Shutting down and abandoning module Android_ETC2TargetPlatform (93)
[2018.03.29-14.29.53:598][197]LogModuleManager: Shutting down and abandoning module Android_ETC1TargetPlatform (91)
[2018.03.29-14.29.53:598][197]LogModuleManager: Shutting down and abandoning module Android_DXTTargetPlatform (89)
[2018.03.29-14.29.53:598][197]LogModuleManager: Shutting down and abandoning module Android_ATCTargetPlatform (87)
[2018.03.29-14.29.53:598][197]LogModuleManager: Shutting down and abandoning module Android_ASTCTargetPlatform (85)
[2018.03.29-14.29.53:598][197]LogModuleManager: Shutting down and abandoning module WindowsTargetPlatform (83)
[2018.03.29-14.29.53:598][197]LogModuleManager: Shutting down and abandoning module WindowsServerTargetPlatform (81)
[2018.03.29-14.29.53:598][197]LogModuleManager: Shutting down and abandoning module WindowsNoEditorTargetPlatform (79)
[2018.03.29-14.29.53:598][197]LogModuleManager: Shutting down and abandoning module WindowsClientTargetPlatform (77)
[2018.03.29-14.29.53:598][197]LogModuleManager: Shutting down and abandoning module MacTargetPlatform (75)
[2018.03.29-14.29.53:598][197]LogModuleManager: Shutting down and abandoning module MacServerTargetPlatform (73)
[2018.03.29-14.29.53:598][197]LogModuleManager: Shutting down and abandoning module MacNoEditorTargetPlatform (71)
[2018.03.29-14.29.53:598][197]LogModuleManager: Shutting down and abandoning module MacClientTargetPlatform (69)
[2018.03.29-14.29.53:598][197]LogModuleManager: Shutting down and abandoning module AllDesktopTargetPlatform (67)
[2018.03.29-14.29.53:598][197]LogModuleManager: Shutting down and abandoning module InputCore (64)
[2018.03.29-14.29.53:598][197]LogModuleManager: Shutting down and abandoning module Settings (62)
[2018.03.29-14.29.53:598][197]LogModuleManager: Shutting down and abandoning module PhysXCooking (60)
[2018.03.29-14.29.53:598][197]LogModuleManager: Shutting down and abandoning module SteamVR (58)
[2018.03.29-14.29.53:598][197]LogModuleManager: Shutting down and abandoning module OculusHMD (56)
[2018.03.29-14.29.53:598][197]LogModuleManager: Shutting down and abandoning module ExampleDeviceProfileSelector (54)
[2018.03.29-14.29.53:598][197]LogModuleManager: Shutting down and abandoning module AppleARKit (52)
[2018.03.29-14.29.53:598][197]LogModuleManager: Shutting down and abandoning module AugmentedReality (51)
[2018.03.29-14.29.53:598][197]LogModuleManager: Shutting down and abandoning module OnlineBlueprintSupport (48)
[2018.03.29-14.29.53:598][197]LogModuleManager: Shutting down and abandoning module OnlineSubsystem (44)
[2018.03.29-14.29.53:598][197]LogModuleManager: Shutting down and abandoning module XMPP (43)
[2018.03.29-14.29.53:598][197]LogModuleManager: Shutting down and abandoning module HTTP (41)
[2018.03.29-14.29.53:598][197]LogHttp: Display: Http module shutting down, but needs to wait on 1 outstanding Http requests:
[2018.03.29-14.29.53:598][197]LogHttp: Display: 	verb=[POST] url=[https://datarouter.ol.epicgames.com/datarouter/api/v1/public/data?SessionID=%7B3E39496D-4620-ADDB-27C8-1DAE23856F50%7D&AppID=UEEditor.Rocket.Release&AppVersion=4.18.3-3832480%2B%2B%2BUE4%2BRelease-4.18&UserID=32ebdd9b416db7e57598d4b7799896d1%7C44ee715628ff44798ee51605e722e43f%7C028612ea-cec5-41cf-8940-089e5df20176&AppEnvironment=datacollector-binary&UploadType=eteventstream] status=Processing
[2018.03.29-14.29.53:624][197]LogModuleManager: Shutting down and abandoning module SSL (40)
[2018.03.29-14.29.53:626][197]LogModuleManager: Shutting down and abandoning module AnimationModifiers (36)
[2018.03.29-14.29.53:626][197]LogModuleManager: Shutting down and abandoning module PropertyEditor (35)
[2018.03.29-14.29.53:626][197]LogModuleManager: Shutting down and abandoning module AudioEditor (32)
[2018.03.29-14.29.53:626][197]LogModuleManager: Shutting down and abandoning module TextureCompressor (30)
[2018.03.29-14.29.53:627][197]LogModuleManager: Shutting down and abandoning module ShaderCore (28)
[2018.03.29-14.29.53:627][197]LogModuleManager: Shutting down and abandoning module Landscape (26)
[2018.03.29-14.29.53:627][197]LogModuleManager: Shutting down and abandoning module SlateRHIRenderer (24)
[2018.03.29-14.29.53:628][197]LogModuleManager: Shutting down and abandoning module OpenGLDrv (22)
[2018.03.29-14.29.53:628][197]LogModuleManager: Shutting down and abandoning module D3D11RHI (20)
[2018.03.29-14.29.53:628][197]LogModuleManager: Shutting down and abandoning module AnimGraphRuntime (18)
[2018.03.29-14.29.53:628][197]LogModuleManager: Shutting down and abandoning module Renderer (16)
[2018.03.29-14.29.53:628][197]LogModuleManager: Shutting down and abandoning module Engine (14)
[2018.03.29-14.29.53:628][197]LogModuleManager: Shutting down and abandoning module CoreUObject (12)
[2018.03.29-14.29.53:628][197]LogModuleManager: Shutting down and abandoning module NetworkFile (10)
[2018.03.29-14.29.53:628][197]LogModuleManager: Shutting down and abandoning module CookedIterativeFile (8)
[2018.03.29-14.29.53:628][197]LogModuleManager: Shutting down and abandoning module StreamingFile (6)
[2018.03.29-14.29.53:628][197]LogModuleManager: Shutting down and abandoning module SandboxFile (4)
[2018.03.29-14.29.53:628][197]LogModuleManager: Shutting down and abandoning module PakFile (2)
[2018.03.29-14.29.53:632][197]LogExit: Exiting.
[2018.03.29-14.29.53:652][197]Log file closed, 03/29/18 16:29:53
