Log file open, 05/11/18 17:55:04
LogWindows: Failed to load 'aqProf.dll' (GetLastError=126)
LogWindows: File 'aqProf.dll' does not exist
LogWindows: Failed to load 'VSPerf140.dll' (GetLastError=126)
LogWindows: File 'VSPerf140.dll' does not exist
LogWindows: Failed to load 'VtuneApi.dll' (GetLastError=126)
LogWindows: File 'VtuneApi.dll' does not exist
LogWindows: Failed to load 'VtuneApi32e.dll' (GetLastError=126)
LogWindows: File 'VtuneApi32e.dll' does not exist
LogInit: Display: Running engine for game: HadesGame_01
LogPlatformFile: Not using cached read wrapper
LogInit: Display: RandInit(-1102635776) SRandInit(-1102635776).
LogInit: Read version file with build ID '3709383'
LogInit: Overriding engine version to CL 3832480, compatible CL 3709383
LogInit: Registered custom module enumerator with build ID '3709383'
LogInit: Warning: Passing commandline switches using / instead of - has been deprecated and will be removed in future versions of Unreal Engine.
LogTaskGraph: Started task graph with 5 named threads and 17 total threads with 3 sets of task threads.
LogStats: Stats thread started at 0.201531
LogD3D11RHI: Aftermath initialized
LogInit: Warning: Passing commandline switches using / instead of - has been deprecated and will be removed in future versions of Unreal Engine.
LogModuleManager: Display: Found up-to-date module file ../../../Engine/Plugins/Runtime/ApexDestruction/Binaries/Win64/UE4Editor-ApexDestruction.dll (API version 3709383).
LogModuleManager: Display: Found up-to-date module file ../../../Engine/Plugins/Runtime/ApexDestruction/Binaries/Win64/UE4Editor-ApexDestructionEditor.dll (API version 3709383).
LogModuleManager: Display: Found up-to-date module file ../../../Engine/Plugins/Marketplace/MixamoAnimationRetargeting/MixamoAnimationRetargeting/Binaries/Win64/UE4Editor-MixamoAnimationRetargeting.dll (API version 3709383).
LogModuleManager: Display: Found up-to-date module file ../../../Engine/Plugins/2D/Paper2D/Binaries/Win64/UE4Editor-Paper2D.dll (API version 3709383).
LogModuleManager: Display: Found up-to-date module file ../../../Engine/Plugins/2D/Paper2D/Binaries/Win64/UE4Editor-Paper2DEditor.dll (API version 3709383).
LogModuleManager: Display: Found up-to-date module file ../../../Engine/Plugins/2D/Paper2D/Binaries/Win64/UE4Editor-PaperSpriteSheetImporter.dll (API version 3709383).
LogModuleManager: Display: Found up-to-date module file ../../../Engine/Plugins/2D/Paper2D/Binaries/Win64/UE4Editor-PaperTiledImporter.dll (API version 3709383).
LogModuleManager: Display: Found up-to-date module file ../../../Engine/Plugins/2D/Paper2D/Binaries/Win64/UE4Editor-SmartSnapping.dll (API version 3709383).
LogModuleManager: Display: Found up-to-date module file ../../../Engine/Plugins/Blendables/LightPropagationVolume/Binaries/Win64/UE4Editor-LightPropagationVolumeRuntime.dll (API version 3709383).
LogModuleManager: Display: Found up-to-date module file ../../../Engine/Plugins/Blendables/LightPropagationVolume/Binaries/Win64/UE4Editor-LightPropagationVolumeEditor.dll (API version 3709383).
LogModuleManager: Display: Found up-to-date module file ../../../Engine/Plugins/Developer/GitSourceControl/Binaries/Win64/UE4Editor-GitSourceControl.dll (API version 3709383).
LogModuleManager: Display: Found up-to-date module file ../../../Engine/Plugins/Developer/PerforceSourceControl/Binaries/Win64/UE4Editor-PerforceSourceControl.dll (API version 3709383).
LogModuleManager: Display: Found up-to-date module file ../../../Engine/Plugins/Developer/SubversionSourceControl/Binaries/Win64/UE4Editor-SubversionSourceControl.dll (API version 3709383).
LogModuleManager: Display: Found up-to-date module file ../../../Engine/Plugins/Developer/UObjectPlugin/Binaries/Win64/UE4Editor-UObjectPlugin.dll (API version 3709383).
LogModuleManager: Display: Found up-to-date module file ../../../Engine/Plugins/Developer/VisualStudioCodeSourceCodeAccess/Binaries/Win64/UE4Editor-VisualStudioCodeSourceCodeAccess.dll (API version 3709383).
LogModuleManager: Display: Found up-to-date module file ../../../Engine/Plugins/Developer/VisualStudioSourceCodeAccess/Binaries/Win64/UE4Editor-VisualStudioSourceCodeAccess.dll (API version 3709383).
LogModuleManager: Display: Found up-to-date module file ../../../Engine/Plugins/Editor/AssetManagerEditor/Binaries/Win64/UE4Editor-AssetManagerEditor.dll (API version 3709383).
LogModuleManager: Display: Found up-to-date module file ../../../Engine/Plugins/Editor/AudioCapture/Binaries/Win64/UE4Editor-AudioCapture.dll (API version 3709383).
LogModuleManager: Display: Found up-to-date module file ../../../Engine/Plugins/Editor/FacialAnimation/Binaries/Win64/UE4Editor-FacialAnimation.dll (API version 3709383).
LogModuleManager: Display: Found up-to-date module file ../../../Engine/Plugins/Editor/FacialAnimation/Binaries/Win64/UE4Editor-FacialAnimationEditor.dll (API version 3709383).
LogModuleManager: Display: Found up-to-date module file ../../../Engine/Plugins/Editor/GameplayTagsEditor/Binaries/Win64/UE4Editor-GameplayTagsEditor.dll (API version 3709383).
LogModuleManager: Display: Found up-to-date module file ../../../Engine/Plugins/Editor/MobileLauncherProfileWizard/Binaries/Win64/UE4Editor-MobileLauncherProfileWizard.dll (API version 3709383).
LogModuleManager: Display: Found up-to-date module file ../../../Engine/Plugins/Editor/PluginBrowser/Binaries/Win64/UE4Editor-PluginBrowser.dll (API version 3709383).
LogModuleManager: Display: Found up-to-date module file ../../../Engine/Plugins/Editor/SpeedTreeImporter/Binaries/Win64/UE4Editor-SpeedTreeImporter.dll (API version 3709383).
LogModuleManager: Display: Found up-to-date module file ../../../Engine/Plugins/Experimental/AlembicImporter/Binaries/Win64/UE4Editor-AlembicImporter.dll (API version 3709383).
LogModuleManager: Display: Found up-to-date module file ../../../Engine/Plugins/Experimental/AlembicImporter/Binaries/Win64/UE4Editor-AlembicLibrary.dll (API version 3709383).
LogModuleManager: Display: Found up-to-date module file ../../../Engine/Plugins/Experimental/CharacterAI/Binaries/Win64/UE4Editor-CharacterAI.dll (API version 3709383).
LogModuleManager: Display: Found up-to-date module file ../../../Engine/Plugins/Experimental/HTML5Networking/Binaries/Win64/UE4Editor-HTML5Networking.dll (API version 3709383).
LogModuleManager: Display: Found up-to-date module file ../../../Engine/Plugins/Media/AndroidMedia/Binaries/Win64/UE4Editor-AndroidMediaEditor.dll (API version 3709383).
LogModuleManager: Display: Found up-to-date module file ../../../Engine/Plugins/Media/AndroidMedia/Binaries/Win64/UE4Editor-AndroidMediaFactory.dll (API version 3709383).
LogModuleManager: Display: Found up-to-date module file ../../../Engine/Plugins/Media/AvfMedia/Binaries/Win64/UE4Editor-AvfMediaEditor.dll (API version 3709383).
LogModuleManager: Display: Found up-to-date module file ../../../Engine/Plugins/Media/AvfMedia/Binaries/Win64/UE4Editor-AvfMediaFactory.dll (API version 3709383).
LogModuleManager: Display: Found up-to-date module file ../../../Engine/Plugins/Media/AvfMedia/Binaries/Win64/UE4Editor-AvfMediaFactory.dll (API version 3709383).
LogModuleManager: Display: Found up-to-date module file ../../../Engine/Plugins/Media/ImgMedia/Binaries/Win64/UE4Editor-ImgMedia.dll (API version 3709383).
LogModuleManager: Display: Found up-to-date module file ../../../Engine/Plugins/Media/ImgMedia/Binaries/Win64/UE4Editor-ImgMediaEditor.dll (API version 3709383).
LogModuleManager: Display: Found up-to-date module file ../../../Engine/Plugins/Media/ImgMedia/Binaries/Win64/UE4Editor-ImgMediaFactory.dll (API version 3709383).
LogModuleManager: Display: Found up-to-date module file ../../../Engine/Plugins/Media/ImgMedia/Binaries/Win64/UE4Editor-ImgMediaFactory.dll (API version 3709383).
LogModuleManager: Display: Found up-to-date module file ../../../Engine/Plugins/Media/ImgMedia/Binaries/Win64/UE4Editor-OpenExrWrapper.dll (API version 3709383).
LogModuleManager: Display: Found up-to-date module file ../../../Engine/Plugins/Media/MediaCompositing/Binaries/Win64/UE4Editor-MediaCompositing.dll (API version 3709383).
LogModuleManager: Display: Found up-to-date module file ../../../Engine/Plugins/Media/MediaCompositing/Binaries/Win64/UE4Editor-MediaCompositingEditor.dll (API version 3709383).
LogModuleManager: Display: Found up-to-date module file ../../../Engine/Plugins/Media/MediaPlayerEditor/Binaries/Win64/UE4Editor-MediaPlayerEditor.dll (API version 3709383).
LogModuleManager: Display: Found up-to-date module file ../../../Engine/Plugins/Media/WmfMedia/Binaries/Win64/UE4Editor-WmfMedia.dll (API version 3709383).
LogModuleManager: Display: Found up-to-date module file ../../../Engine/Plugins/Media/WmfMedia/Binaries/Win64/UE4Editor-WmfMediaEditor.dll (API version 3709383).
LogModuleManager: Display: Found up-to-date module file ../../../Engine/Plugins/Media/WmfMedia/Binaries/Win64/UE4Editor-WmfMediaFactory.dll (API version 3709383).
LogModuleManager: Display: Found up-to-date module file ../../../Engine/Plugins/Media/WmfMedia/Binaries/Win64/UE4Editor-WmfMediaFactory.dll (API version 3709383).
LogModuleManager: Display: Found up-to-date module file ../../../Engine/Plugins/Messaging/TcpMessaging/Binaries/Win64/UE4Editor-TcpMessaging.dll (API version 3709383).
LogModuleManager: Display: Found up-to-date module file ../../../Engine/Plugins/Messaging/UdpMessaging/Binaries/Win64/UE4Editor-UdpMessaging.dll (API version 3709383).
LogModuleManager: Display: Found up-to-date module file ../../../Engine/Plugins/MovieScene/ActorSequence/Binaries/Win64/UE4Editor-ActorSequence.dll (API version 3709383).
LogModuleManager: Display: Found up-to-date module file ../../../Engine/Plugins/MovieScene/LevelSequenceEditor/Binaries/Win64/UE4Editor-LevelSequenceEditor.dll (API version 3709383).
LogModuleManager: Display: Found up-to-date module file ../../../Engine/Plugins/MovieScene/MatineeToLevelSequence/Binaries/Win64/UE4Editor-MatineeToLevelSequence.dll (API version 3709383).
LogModuleManager: Display: Found up-to-date module file ../../../Engine/Plugins/Online/OnlineSubsystem/Binaries/Win64/UE4Editor-OnlineSubsystem.dll (API version 3709383).
LogModuleManager: Display: Found up-to-date module file ../../../Engine/Plugins/Runtime/AndroidPermission/Binaries/Win64/UE4Editor-AndroidPermission.dll (API version 3709383).
LogModuleManager: Display: Found up-to-date module file ../../../Engine/Plugins/Online/OnlineSubsystemNull/Binaries/Win64/UE4Editor-OnlineSubsystemNull.dll (API version 3709383).
LogModuleManager: Display: Found up-to-date module file ../../../Engine/Plugins/Online/OnlineSubsystemUtils/Binaries/Win64/UE4Editor-OnlineSubsystemUtils.dll (API version 3709383).
LogModuleManager: Display: Found up-to-date module file ../../../Engine/Plugins/Online/OnlineSubsystemUtils/Binaries/Win64/UE4Editor-OnlineBlueprintSupport.dll (API version 3709383).
LogModuleManager: Display: Found up-to-date module file ../../../Engine/Plugins/Runtime/AndroidDeviceProfileSelector/Binaries/Win64/UE4Editor-AndroidDeviceProfileSelector.dll (API version 3709383).
LogModuleManager: Display: Found up-to-date module file ../../../Engine/Plugins/Runtime/AppleARKit/Binaries/Win64/UE4Editor-AppleARKit.dll (API version 3709383).
LogModuleManager: Display: Found up-to-date module file ../../../Engine/Plugins/Runtime/ArchVisCharacter/Binaries/Win64/UE4Editor-ArchVisCharacter.dll (API version 3709383).
LogModuleManager: Display: Found up-to-date module file ../../../Engine/Plugins/Runtime/CableComponent/Binaries/Win64/UE4Editor-CableComponent.dll (API version 3709383).
LogModuleManager: Display: Found up-to-date module file ../../../Engine/Plugins/Runtime/CustomMeshComponent/Binaries/Win64/UE4Editor-CustomMeshComponent.dll (API version 3709383).
LogModuleManager: Display: Found up-to-date module file ../../../Engine/Plugins/Runtime/ExampleDeviceProfileSelector/Binaries/Win64/UE4Editor-ExampleDeviceProfileSelector.dll (API version 3709383).
LogModuleManager: Display: Found up-to-date module file ../../../Engine/Plugins/Runtime/ImmediatePhysics/Binaries/Win64/UE4Editor-ImmediatePhysics.dll (API version 3709383).
LogModuleManager: Display: Found up-to-date module file ../../../Engine/Plugins/Runtime/ImmediatePhysics/Binaries/Win64/UE4Editor-ImmediatePhysicsEditor.dll (API version 3709383).
LogModuleManager: Display: Found up-to-date module file ../../../Engine/Plugins/Runtime/LocationServicesBPLibrary/Binaries/Win64/UE4Editor-LocationServicesBPLibrary.dll (API version 3709383).
LogModuleManager: Display: Found up-to-date module file ../../../Engine/Plugins/Runtime/MobilePatchingUtils/Binaries/Win64/UE4Editor-MobilePatchingUtils.dll (API version 3709383).
LogModuleManager: Display: Found up-to-date module file ../../../Engine/Plugins/Runtime/PhysXVehicles/Binaries/Win64/UE4Editor-PhysXVehicles.dll (API version 3709383).
LogModuleManager: Display: Found up-to-date module file ../../../Engine/Plugins/Runtime/PhysXVehicles/Binaries/Win64/UE4Editor-PhysXVehiclesEditor.dll (API version 3709383).
LogModuleManager: Display: Found up-to-date module file ../../../Engine/Plugins/Runtime/ProceduralMeshComponent/Binaries/Win64/UE4Editor-ProceduralMeshComponent.dll (API version 3709383).
LogModuleManager: Display: Found up-to-date module file ../../../Engine/Plugins/Runtime/ProceduralMeshComponent/Binaries/Win64/UE4Editor-ProceduralMeshComponentEditor.dll (API version 3709383).
LogModuleManager: Display: Found up-to-date module file ../../../Engine/Plugins/Runtime/RuntimePhysXCooking/Binaries/Win64/UE4Editor-RuntimePhysXCooking.dll (API version 3709383).
LogModuleManager: Display: Found up-to-date module file ../../../Engine/Plugins/Runtime/WindowsMoviePlayer/Binaries/Win64/UE4Editor-WindowsMoviePlayer.dll (API version 3709383).
LogPluginManager: Mounting plugin Paper2D
LogPluginManager: Mounting plugin LightPropagationVolume
LogPluginManager: Mounting plugin CodeLiteSourceCodeAccess
LogPluginManager: Mounting plugin GitSourceControl
LogPluginManager: Mounting plugin KDevelopSourceCodeAccess
LogPluginManager: Mounting plugin NullSourceCodeAccess
LogPluginManager: Mounting plugin PerforceSourceControl
LogPluginManager: Mounting plugin SubversionSourceControl
LogPluginManager: Mounting plugin UObjectPlugin
LogPluginManager: Mounting plugin VisualStudioCodeSourceCodeAccess
LogPluginManager: Mounting plugin VisualStudioSourceCodeAccess
LogPluginManager: Mounting plugin XCodeSourceCodeAccess
LogPluginManager: Mounting plugin AssetManagerEditor
LogPluginManager: Mounting plugin AudioCapture
LogPluginManager: Mounting plugin FacialAnimation
LogPluginManager: Mounting plugin GameplayTagsEditor
LogPluginManager: Mounting plugin MobileLauncherProfileWizard
LogPluginManager: Mounting plugin PluginBrowser
LogPluginManager: Mounting plugin SpeedTreeImporter
LogPluginManager: Mounting plugin AlembicImporter
LogPluginManager: Mounting plugin CharacterAI
LogPluginManager: Mounting plugin HTML5Networking
LogPluginManager: Mounting plugin MixamoAnimationRetargeting
LogPluginManager: Mounting plugin AndroidMedia
LogPluginManager: Mounting plugin AvfMedia
LogPluginManager: Mounting plugin ImgMedia
LogPluginManager: Mounting plugin MediaCompositing
LogPluginManager: Mounting plugin MediaPlayerEditor
LogPluginManager: Mounting plugin WmfMedia
LogPluginManager: Mounting plugin TcpMessaging
LogPluginManager: Mounting plugin UdpMessaging
LogPluginManager: Mounting plugin ActorSequence
LogPluginManager: Mounting plugin LevelSequenceEditor
LogPluginManager: Mounting plugin MatineeToLevelSequence
LogPluginManager: Mounting plugin OnlineSubsystemGooglePlay
LogPluginManager: Mounting plugin OnlineSubsystemIOS
LogPluginManager: Mounting plugin OnlineSubsystem
LogPluginManager: Mounting plugin OnlineSubsystemNull
LogPluginManager: Mounting plugin OnlineSubsystemUtils
LogPluginManager: Mounting plugin AndroidDeviceProfileSelector
LogPluginManager: Mounting plugin AndroidMoviePlayer
LogPluginManager: Mounting plugin AndroidPermission
LogPluginManager: Mounting plugin ApexDestruction
LogPluginManager: Mounting plugin AppleARKit
LogPluginManager: Mounting plugin AppleMoviePlayer
LogPluginManager: Mounting plugin ArchVisCharacter
LogPluginManager: Mounting plugin CableComponent
LogPluginManager: Mounting plugin CustomMeshComponent
LogPluginManager: Mounting plugin ExampleDeviceProfileSelector
LogPluginManager: Mounting plugin GoogleCloudMessaging
LogPluginManager: Mounting plugin ImmediatePhysics
LogPluginManager: Mounting plugin IOSDeviceProfileSelector
LogPluginManager: Mounting plugin LinuxDeviceProfileSelector
LogPluginManager: Mounting plugin LocationServicesBPLibrary
LogPluginManager: Mounting plugin MobilePatchingUtils
LogPluginManager: Mounting plugin PhysXVehicles
LogPluginManager: Mounting plugin ProceduralMeshComponent
LogPluginManager: Mounting plugin RuntimePhysXCooking
LogPluginManager: Mounting plugin WindowsMoviePlayer
LogInit: Using libcurl 7.47.1
LogInit:  - built for x86_64-pc-win32
LogInit:  - supports SSL with OpenSSL/1.0.2g
LogInit:  - supports HTTP deflate (compression) using libz 1.2.8
LogInit:  - other features:
LogInit:      CURL_VERSION_SSL
LogInit:      CURL_VERSION_LIBZ
LogInit:      CURL_VERSION_IPV6
LogInit:      CURL_VERSION_ASYNCHDNS
LogInit:      CURL_VERSION_LARGEFILE
LogInit:      CURL_VERSION_IDN
LogInit:  CurlRequestOptions (configurable via config and command line):
LogInit:  - bVerifyPeer = false  - Libcurl will NOT verify peer certificate
LogInit:  - bUseHttpProxy = false  - Libcurl will NOT use HTTP proxy
LogInit:  - bDontReuseConnections = false  - Libcurl will reuse connections
LogInit:  - CertBundlePath = nullptr  - Libcurl will use whatever was configured at build time.
LogInit: Build: ++UE4+Release-4.18-CL-3832480
LogInit: Engine Version: 4.18.3-3832480+++UE4+Release-4.18
LogInit: Compatible Engine Version: 4.18.0-3709383+++UE4+Release-4.18
LogInit: Net CL: 3709383
LogDevObjectVersion: Number of dev versions registered: 16
LogDevObjectVersion:   Dev-Blueprints (B0D832E4-1F89-4F0D-ACCF-7EB736FD4AA2): 10
LogDevObjectVersion:   Dev-Build (E1C64328-A22C-4D53-A36C-8E866417BD8C): 0
LogDevObjectVersion:   Dev-Core (375EC13C-06E4-48FB-B500-84F0262A717E): 2
LogDevObjectVersion:   Dev-Editor (E4B068ED-F494-42E9-A231-DA0B2E46BB41): 20
LogDevObjectVersion:   Dev-Framework (CFFC743F-43B0-4480-9391-14DF171D2073): 30
LogDevObjectVersion:   Dev-Mobile (B02B49B5-BB20-44E9-A304-32B752E40360): 0
LogDevObjectVersion:   Dev-Networking (A4E4105C-59A1-49B5-A7C5-40C4547EDFEE): 0
LogDevObjectVersion:   Dev-Online (39C831C9-5AE6-47DC-9A44-9C173E1C8E7C): 0
LogDevObjectVersion:   Dev-Physics (78F01B33-EBEA-4F98-B9B4-84EACCB95AA2): 0
LogDevObjectVersion:   Dev-Platform (6631380F-2D4D-43E0-8009-CF276956A95A): 0
LogDevObjectVersion:   Dev-Rendering (12F88B9F-8875-4AFC-A67C-D90C383ABD29): 20
LogDevObjectVersion:   Dev-Sequencer (7B5AE74C-D270-4C10-A958-57980B212A5A): 4
LogDevObjectVersion:   Dev-VR (D7296918-1DD6-4BDD-9DE2-64A83CC13884): 0
LogDevObjectVersion:   Dev-LoadTimes (C2A15278-BFE7-4AFE-6C17-90FF531DF755): 1
LogDevObjectVersion:   Private-Geometry (6EACA3D4-40EC-4CC1-B786-8BED09428FC5): 1
LogDevObjectVersion:   Dev-AnimPhys (29E575DD-E0A3-4627-9D10-D276232CDCEA): 12
LogInit: Compiled (64-bit): Jan 12 2018 02:04:55
LogInit: Compiled with Visual C++: 19.00.24215.01
LogInit: Build Configuration: Development
LogInit: Branch Name: ++UE4+Release-4.18
LogInit: Command line:  /Game/Maps/Map4 -game -PIEVIACONSOLE -ResX=1280 -ResY=720  -Multiprocess -messaging -SessionName="Play in Standalone Game" -windowed 
LogInit: Base directory: D:/UE_4.18/Engine/Binaries/Win64/
LogInit: Installed Engine Build: 1
LogInit: Presizing for max 8388607 objects, including 0 objects not considered by GC, pre-allocating 0 bytes for permanent pool.
LogInit: Object subsystem initialized
[2018.05.11-15.55.05:648][  0]LogInit: Selected Device Profile: [Windows]
[2018.05.11-15.55.05:648][  0]LogInit: Applying CVar settings loaded from the selected device profile: [Windows]
[2018.05.11-15.55.05:652][  0]LogInit: Computer: DESKTOP-JFBM7G4
[2018.05.11-15.55.05:652][  0]LogInit: User: ickle
[2018.05.11-15.55.05:652][  0]LogInit: CPU Page size=4096, Cores=6
[2018.05.11-15.55.05:652][  0]LogInit: High frequency timer resolution =3.415991 MHz
[2018.05.11-15.55.05:653][  0]LogMemory: Memory total: Physical=31.9GB (32GB approx)
[2018.05.11-15.55.05:653][  0]LogMemory: Platform Memory Stats for Windows
[2018.05.11-15.55.05:653][  0]LogMemory: Process Physical Memory: 274.71 MB used, 274.71 MB peak
[2018.05.11-15.55.05:653][  0]LogMemory: Process Virtual Memory: 269.95 MB used, 269.95 MB peak
[2018.05.11-15.55.05:653][  0]LogMemory: Physical Memory: 13418.18 MB used,  19260.91 MB free, 32679.09 MB total
[2018.05.11-15.55.05:653][  0]LogMemory: Virtual Memory: 683.33 MB used,  19260.91 MB free, 134217728.00 MB total
[2018.05.11-15.55.05:764][  0]LogInit: Using OS detected language (nb-NO).
[2018.05.11-15.55.05:764][  0]LogInit: Using OS detected locale (en-GB).
[2018.05.11-15.55.05:766][  0]LogTextLocalizationManager: No localization for 'nb-NO' exists, so 'en' will be used for the language.
[2018.05.11-15.55.06:212][  0]LogD3D11RHI: D3D11 adapters:
[2018.05.11-15.55.06:259][  0]LogD3D11RHI:    0. 'NVIDIA GeForce GTX 980 Ti' (Feature Level 11_0)
[2018.05.11-15.55.06:259][  0]LogD3D11RHI:       6097/0/16339 MB DedicatedVideo/DedicatedSystem/SharedSystem, Outputs:2, VendorId:0x10de
[2018.05.11-15.55.06:261][  0]LogD3D11RHI:    1. 'Microsoft Basic Render Driver' (Feature Level 11_0)
[2018.05.11-15.55.06:261][  0]LogD3D11RHI:       0/0/16339 MB DedicatedVideo/DedicatedSystem/SharedSystem, Outputs:0, VendorId:0x1414
[2018.05.11-15.55.06:261][  0]LogD3D11RHI: Chosen D3D11 Adapter: 0
[2018.05.11-15.55.06:268][  0]LogD3D11RHI: Creating new Direct3DDevice
[2018.05.11-15.55.06:268][  0]LogD3D11RHI:     GPU DeviceId: 0x17c8 (for the marketing name, search the web for "GPU Device Id")
[2018.05.11-15.55.06:268][  0]LogWindows: EnumDisplayDevices:
[2018.05.11-15.55.06:268][  0]LogWindows:    0. 'NVIDIA GeForce GTX 980 Ti' (P:1 D:1)
[2018.05.11-15.55.06:268][  0]LogWindows:    1. 'NVIDIA GeForce GTX 980 Ti' (P:0 D:1)
[2018.05.11-15.55.06:268][  0]LogWindows:    2. 'NVIDIA GeForce GTX 980 Ti' (P:0 D:0)
[2018.05.11-15.55.06:268][  0]LogWindows:    3. 'NVIDIA GeForce GTX 980 Ti' (P:0 D:0)
[2018.05.11-15.55.06:269][  0]LogWindows: DebugString: GetVideoDriverDetailsInvalid PrimaryIsNotTheChoosenAdapter GetVideoDriverDetailsInvalid PrimaryIsNotTheChoosenAdapter GetVideoDriverDetailsInvalid PrimaryIsNotTheChoosenAdapter GetVideoDriverDetailsInvalid PrimaryIsNotTheChoosenAdapter FoundDriverCount:0 
[2018.05.11-15.55.06:269][  0]LogD3D11RHI:     Adapter Name: NVIDIA GeForce GTX 980 Ti
[2018.05.11-15.55.06:269][  0]LogD3D11RHI:   Driver Version: Unknown (internal:Unknown, unified:Unknown)
[2018.05.11-15.55.06:269][  0]LogD3D11RHI:      Driver Date: Unknown
[2018.05.11-15.55.06:269][  0]LogRHI: Texture pool is 4268 MB (70% of 6097 MB)
[2018.05.11-15.55.06:304][  0]LogD3D11RHI: Async texture creation enabled
[2018.05.11-15.55.06:359][  0]LogD3D11RHI: GPU Timing Frequency: 1000.000000 (Debug: 2 2)
[2018.05.11-15.55.06:450][  0]LogShaderCompilers: Guid format shader working directory is -1 characters bigger than the processId version (../../../../Git/TheCorruptionOfHades/HadesGame/Intermediate/Shaders/WorkingDirectory/16360/).
[2018.05.11-15.55.06:450][  0]LogShaderCompilers: Cleaned the shader compiler working directory 'C:/Users/ickle/AppData/Local/Temp/UnrealShaderWorkingDir/607A00FB4CF161D2DB5799B35D5A4BCF/'.
[2018.05.11-15.55.06:450][  0]LogShaderCompilers: Display: Using Local Shader Compiler.
[2018.05.11-15.55.07:334][  0]LogTemp: Display: Loaded TP WindowsClientTargetPlatform
[2018.05.11-15.55.07:385][  0]LogTemp: Display: Loaded TP WindowsNoEditorTargetPlatform
[2018.05.11-15.55.07:423][  0]LogTemp: Display: Loaded TP WindowsServerTargetPlatform
[2018.05.11-15.55.07:461][  0]LogTemp: Display: Loaded TP WindowsTargetPlatform
[2018.05.11-15.55.07:461][  0]LogTargetPlatformManager: Display: Building Assets For Windows
[2018.05.11-15.55.07:781][  0]LogDerivedDataCache: Display: Max Cache Size: 512 MB
[2018.05.11-15.55.07:861][  0]LogDerivedDataCache: Loaded boot cache 0.08s 80MB C:/Users/ickle/AppData/Local/UnrealEngine/4.18/DerivedDataCache/Boot.ddc.
[2018.05.11-15.55.07:861][  0]LogDerivedDataCache: Display: Loaded Boot cache: C:/Users/ickle/AppData/Local/UnrealEngine/4.18/DerivedDataCache/Boot.ddc
[2018.05.11-15.55.07:861][  0]LogDerivedDataCache: FDerivedDataBackendGraph:  Pak pak cache file ../../../../Git/TheCorruptionOfHades/HadesGame/DerivedDataCache/DDC.ddp not found, will not use a pak cache.
[2018.05.11-15.55.07:861][  0]LogDerivedDataCache: Unable to find inner node Pak for hierarchical cache Hierarchy.
[2018.05.11-15.55.07:861][  0]LogDerivedDataCache: FDerivedDataBackendGraph:  CompressedPak pak cache file ../../../../Git/TheCorruptionOfHades/HadesGame/DerivedDataCache/Compressed.ddp not found, will not use a pak cache.
[2018.05.11-15.55.07:861][  0]LogDerivedDataCache: Unable to find inner node CompressedPak for hierarchical cache Hierarchy.
[2018.05.11-15.55.07:877][  0]LogDerivedDataCache: Display: Pak cache opened for reading ../../../Engine/DerivedDataCache/Compressed.ddp.
[2018.05.11-15.55.07:889][  0]LogDerivedDataCache: Using Local data cache path C:/Users/ickle/AppData/Local/UnrealEngine/Common/DerivedDataCache: Writable
[2018.05.11-15.55.07:899][  0]LogMaterial: Verifying Global Shaders for PCD3D_SM5
[2018.05.11-15.55.07:900][  0]LogSlate: Using Freetype 2.6.0
[2018.05.11-15.55.07:900][  0]LogSlate: SlateFontCache - WITH_FREETYPE: 1, WITH_HARFBUZZ: 1
[2018.05.11-15.55.07:900][  0]LogSlate: SlateFontCache - WITH_FREETYPE: 1, WITH_HARFBUZZ: 1
[2018.05.11-15.55.08:166][  0]LogAssetRegistry: FAssetRegistry took 0.0039 seconds to start up
[2018.05.11-15.55.08:170][  0]LogPackageLocalizationCache: Processed 5 localized package path(s) for 1 prioritized culture(s) in 0.003921 seconds
[2018.05.11-15.55.08:262][  0]LogInit: Selected Device Profile: [Windows]
[2018.05.11-15.55.08:523][  0]LogSimplygon: Simplygon DLL not present - disabling.
[2018.05.11-15.55.08:552][  0]LogMeshReduction: Using SimplygonSwarm for distributed automatic mesh merging
[2018.05.11-15.55.08:552][  0]LogMeshReduction: Using QuadricMeshReduction for automatic static mesh reduction
[2018.05.11-15.55.08:552][  0]LogMeshReduction: No automatic skeletal mesh reduction module available
[2018.05.11-15.55.08:552][  0]LogMeshReduction: No automatic mesh merging module available
[2018.05.11-15.55.08:552][  0]LogMeshMerging: No automatic mesh merging module available
[2018.05.11-15.55.08:579][  0]LogNetVersion: HadesGame_01 , NetCL: 3709383, EngineNetVer: 2, GameNetVer: 0 (Checksum: 1792172541)
[2018.05.11-15.55.08:744][  0]LogInit: Warning: Passing commandline switches using / instead of - has been deprecated and will be removed in future versions of Unreal Engine.
[2018.05.11-15.55.08:744][  0]LogInit: Warning: Passing commandline switches using / instead of - has been deprecated and will be removed in future versions of Unreal Engine.
[2018.05.11-15.55.08:744][  0]LogInit: Warning: Passing commandline switches using / instead of - has been deprecated and will be removed in future versions of Unreal Engine.
[2018.05.11-15.55.08:997][  0]LogInit: WinSock: version 1.1 (2.2), MaxSocks=32767, MaxUdp=65467
[2018.05.11-15.55.09:958][  0]LogMoviePlayer: Initializing movie player
[2018.05.11-15.55.10:034][  0]LogWindowsTextInputMethodSystem: Display: IME system now deactivated.
[2018.05.11-15.55.10:277][  0]LogCollectionManager: Loaded 0 collections in 0.000838 seconds
[2018.05.11-15.55.10:323][  0]LogFileCache: Scanning file cache for directory 'D:/Git/TheCorruptionOfHades/HadesGame/Saved/Collections/' took 0.01s
[2018.05.11-15.55.10:323][  0]LogFileCache: Scanning file cache for directory 'D:/Git/TheCorruptionOfHades/HadesGame/Content/Developers/ickle/Collections/' took 0.01s
[2018.05.11-15.55.10:323][  0]LogFileCache: Scanning file cache for directory 'D:/Git/TheCorruptionOfHades/HadesGame/Content/Collections/' took 0.01s
[2018.05.11-15.55.10:323][  0]LogCollectionManager: Rebuilt the object cache for 0 collections in 0.000000 seconds (found 0 objects)
[2018.05.11-15.55.10:323][  0]LogCollectionManager: Fixed up redirectors for 0 collections in 0.000070 seconds (updated 0 objects)
[2018.05.11-15.55.10:453][  0]LogTcpMessaging: Initializing TcpMessaging bridge
[2018.05.11-15.55.10:496][  0]LogUdpMessaging: Initializing bridge on interface 0.0.0.0:0 to multicast group 230.0.0.1:6666.
[2018.05.11-15.55.10:943][  0]LogInit: Warning: Passing commandline switches using / instead of - has been deprecated and will be removed in future versions of Unreal Engine.
[2018.05.11-15.55.10:943][  0]SourceControl: Source control is disabled
[2018.05.11-15.55.10:943][  0]SourceControl: Source control is disabled
[2018.05.11-15.55.10:979][  0]SourceControl: Source control is disabled
[2018.05.11-15.55.11:262][  0]LogAndroidPermission: UAndroidPermissionCallbackProxy::GetInstance
[2018.05.11-15.55.11:462][  0]LogUObjectArray: 38830 objects as part of root set at end of initial load.
[2018.05.11-15.55.11:462][  0]LogUObjectAllocator: 8329336 out of 0 bytes used by permanent object pool.
[2018.05.11-15.55.11:462][  0]LogUObjectArray: CloseDisregardForGC: 0/0 objects in disregard for GC pool
[2018.05.11-15.55.11:546][  0]LogEngine: Initializing Engine...
[2018.05.11-15.55.11:722][  0]LogStats: UGameplayTagsManager::ConstructGameplayTagTree: Construct from data asset -  0.000 s
[2018.05.11-15.55.11:722][  0]LogStats: UGameplayTagsManager::ConstructGameplayTagTree: GameplayTagTreeChangedEvent.Broadcast -  0.000 s
[2018.05.11-15.55.11:748][  0]LogInit: XAudio2 using 'Realtek Digital Output(Optical) (Realtek High Definition Audio)' : 2 channels at 48 kHz using 16 bits per sample (channel mask 0x3)
[2018.05.11-15.55.11:764][  0]LogInit: FAudioDevice initialized.
[2018.05.11-15.55.11:784][  0]LogInit: Texture streaming: Enabled
[2018.05.11-15.55.11:797][  0]LogMaterial: Uniform references updated for custom material expression Custom.
[2018.05.11-15.55.13:807][  0]LogBlueprint: Warning: [Compiler Hud_SkillListHorizontal] Get : 'Skill_List' variable not found. Base class was probably changed. /Game/CloseCombat/Blueprints/Hud/Hud_SkillListHorizontal.Hud_SkillListHorizontal
[2018.05.11-15.55.13:807][  0]LogBlueprint: Warning: [Compiler Hud_SkillListHorizontal] Get : 'Skill_List' variable not found. Base class was probably changed. /Game/CloseCombat/Blueprints/Hud/Hud_SkillListHorizontal.Hud_SkillListHorizontal
[2018.05.11-15.55.13:914][  0]LogBlueprint: Warning: [Compiler ThirdPersonCharacter] Get : 'Start' variable not found. Base class was probably changed. /Game/ThirdPersonBP/Blueprints/ThirdPersonCharacter.ThirdPersonCharacter
[2018.05.11-15.55.14:266][  0]LogBlueprint: Warning: [Compiler EnemyCharacter] InputAction Event references unknown Action 'ResetVR' for  InputAction ResetVR
[2018.05.11-15.55.14:267][  0]LogBlueprint: Warning: [Compiler EnemyCharacter] InputAction Event references unknown Action 'Jump' for  InputAction Jump
[2018.05.11-15.55.14:435][  0]LogBlueprint: Warning: [Compiler Pawn_CloseCombat] InputAction Event references unknown Action 'Skill_4' for  InputAction Skill_4
[2018.05.11-15.55.14:437][  0]LogBlueprint: Warning: [Compiler Pawn_CloseCombat] InputAction Event references unknown Action 'Skill_2' for  InputAction Skill_2
[2018.05.11-15.55.14:535][  0]LogBlueprint: Warning: [Compiler ThirdPersonCharacter] InputAction Event references unknown Action 'Target' for  InputAction Target
[2018.05.11-15.55.14:535][  0]LogBlueprint: Warning: [Compiler ThirdPersonCharacter] InputAction Event references unknown Action 'Target' for  InputAction Target
[2018.05.11-15.55.14:536][  0]LogBlueprint: Warning: [Compiler ThirdPersonCharacter] InputAction Event references unknown Action 'HeavyAttack' for  InputAction HeavyAttack
[2018.05.11-15.55.14:536][  0]LogBlueprint: Warning: [Compiler ThirdPersonCharacter] InputAction Event references unknown Action 'Target' for  InputAction Target
[2018.05.11-15.55.14:536][  0]LogBlueprint: Warning: [Compiler ThirdPersonCharacter] InputAction Event references unknown Action 'Sprint' for  InputAction Sprint
[2018.05.11-15.55.14:536][  0]LogBlueprint: Warning: [Compiler ThirdPersonCharacter] InputAction Event references unknown Action 'BasicAttack' for  InputAction BasicAttack
[2018.05.11-15.55.14:537][  0]LogBlueprint: Warning: [Compiler ThirdPersonCharacter] InputAction Event references unknown Action 'Jump' for  InputAction Jump
[2018.05.11-15.55.14:541][  0]LogBlueprint: Warning: [Compiler ThirdPersonCharacter] InputAction Event references unknown Action 'ResetVR' for  InputAction ResetVR
[2018.05.11-15.55.15:172][  0]LogBlueprint: Warning: [Compiler EnemyCharacter] [0011.24] Compile of EnemyCharacter successful, but with 2 Warning(s) [in 1,520 ms] (/Game/ThirdPersonBP/Blueprints/Enemies/EnemyCharacter.EnemyCharacter)
[2018.05.11-15.55.15:172][  0]LogBlueprint: Warning: [Compiler Hud_SkillListHorizontal] [0011.24] Compile of Hud_SkillListHorizontal successful, but with 2 Warning(s) [in 1,521 ms] (/Game/CloseCombat/Blueprints/Hud/Hud_SkillListHorizontal.Hud_SkillListHorizontal)
[2018.05.11-15.55.15:172][  0]LogBlueprint: Warning: [Compiler Pawn_CloseCombat] [0011.24] Compile of Pawn_CloseCombat successful, but with 2 Warning(s) [in 1,520 ms] (/Game/CloseCombat/Blueprints/Player/Pawn_CloseCombat.Pawn_CloseCombat)
[2018.05.11-15.55.15:172][  0]LogBlueprint: Warning: [Compiler ThirdPersonCharacter] [0011.24] Compile of ThirdPersonCharacter successful, but with 9 Warning(s) [in 1,520 ms] (/Game/ThirdPersonBP/Blueprints/ThirdPersonCharacter.ThirdPersonCharacter)
[2018.05.11-15.55.16:767][  0]LogInit: Warning: Passing commandline switches using / instead of - has been deprecated and will be removed in future versions of Unreal Engine.
[2018.05.11-15.55.16:798][  0]LogInit: Display: Game Engine Initialized.
[2018.05.11-15.55.16:798][  0]LogGameplayTags: Display: UGameplayTagsManager::DoneAddingNativeTags. DelegateIsBound: 0
[2018.05.11-15.55.16:915][  0]LogInit: Display: Starting Game.
[2018.05.11-15.55.16:915][  0]LogNet: Browse: /Game/Maps/Map4?Name=Player
[2018.05.11-15.55.16:915][  0]LogLoad: LoadMap: /Game/Maps/Map4?Name=Player
[2018.05.11-15.55.20:739][  0]LogSkeletalMesh: Warning: Section 6 for LOD 0 in skeletal mesh ZeusPhysicsFBX has clothing associated but has 5 influences. Clothing only supports a maximum of 4 influences - reduce influences on chunk and reimport mesh.
[2018.05.11-15.55.20:739][  0]LogSkeletalMesh: Warning: Section 7 for LOD 0 in skeletal mesh ZeusPhysicsFBX has clothing associated but has 5 influences. Clothing only supports a maximum of 4 influences - reduce influences on chunk and reimport mesh.
[2018.05.11-15.55.21:261][  0]LogAIModule: Creating AISystem for world Map4
[2018.05.11-15.55.21:268][  0]LogLoad: Game class is 'CloseCombat_SwordsmanGamemode_C'
[2018.05.11-15.55.21:396][  0]LogAnimation: Warning: FBoneReference::Initialize BoneIndex for Bone 'spine_02' does not exist in Skeleton 'Enemy_03_Skeleton'
[2018.05.11-15.55.21:396][  0]LogAnimation: Warning: FBoneReference::Initialize BoneIndex for Bone 'hand_l' does not exist in Skeleton 'Enemy_03_Skeleton'
[2018.05.11-15.55.21:396][  0]LogAnimation: Warning: FBoneReference::Initialize BoneIndex for Bone 'hand_r' does not exist in Skeleton 'Enemy_03_Skeleton'
[2018.05.11-15.55.21:396][  0]LogAnimation: Warning: FBoneReference::Initialize BoneIndex for Bone 'hand_L' does not exist in Skeleton 'Enemy_03_Skeleton'
[2018.05.11-15.55.21:397][  0]LogAnimation: Warning: FBoneReference::Initialize BoneIndex for Bone 'spine_02' does not exist in Skeleton 'Enemy_03_Skeleton'
[2018.05.11-15.55.21:397][  0]LogAnimation: Warning: FBoneReference::Initialize BoneIndex for Bone 'hand_l' does not exist in Skeleton 'Enemy_03_Skeleton'
[2018.05.11-15.55.21:397][  0]LogAnimation: Warning: FBoneReference::Initialize BoneIndex for Bone 'hand_r' does not exist in Skeleton 'Enemy_03_Skeleton'
[2018.05.11-15.55.21:397][  0]LogAnimation: Warning: FBoneReference::Initialize BoneIndex for Bone 'hand_L' does not exist in Skeleton 'Enemy_03_Skeleton'
[2018.05.11-15.55.21:398][  0]LogAnimation: Warning: FBoneReference::Initialize BoneIndex for Bone 'spine_02' does not exist in Skeleton 'Enemy_03_Skeleton'
[2018.05.11-15.55.21:398][  0]LogAnimation: Warning: FBoneReference::Initialize BoneIndex for Bone 'hand_l' does not exist in Skeleton 'Enemy_03_Skeleton'
[2018.05.11-15.55.21:398][  0]LogAnimation: Warning: FBoneReference::Initialize BoneIndex for Bone 'hand_r' does not exist in Skeleton 'Enemy_03_Skeleton'
[2018.05.11-15.55.21:398][  0]LogAnimation: Warning: FBoneReference::Initialize BoneIndex for Bone 'hand_L' does not exist in Skeleton 'Enemy_03_Skeleton'
[2018.05.11-15.55.21:399][  0]LogAnimation: Warning: FBoneReference::Initialize BoneIndex for Bone 'spine_02' does not exist in Skeleton 'Enemy_03_Skeleton'
[2018.05.11-15.55.21:399][  0]LogAnimation: Warning: FBoneReference::Initialize BoneIndex for Bone 'hand_l' does not exist in Skeleton 'Enemy_03_Skeleton'
[2018.05.11-15.55.21:399][  0]LogAnimation: Warning: FBoneReference::Initialize BoneIndex for Bone 'hand_r' does not exist in Skeleton 'Enemy_03_Skeleton'
[2018.05.11-15.55.21:399][  0]LogAnimation: Warning: FBoneReference::Initialize BoneIndex for Bone 'hand_L' does not exist in Skeleton 'Enemy_03_Skeleton'
[2018.05.11-15.55.21:399][  0]LogAnimation: Warning: FBoneReference::Initialize BoneIndex for Bone 'spine_02' does not exist in Skeleton 'Enemy_03_Skeleton'
[2018.05.11-15.55.21:399][  0]LogAnimation: Warning: FBoneReference::Initialize BoneIndex for Bone 'hand_l' does not exist in Skeleton 'Enemy_03_Skeleton'
[2018.05.11-15.55.21:399][  0]LogAnimation: Warning: FBoneReference::Initialize BoneIndex for Bone 'hand_r' does not exist in Skeleton 'Enemy_03_Skeleton'
[2018.05.11-15.55.21:399][  0]LogAnimation: Warning: FBoneReference::Initialize BoneIndex for Bone 'hand_L' does not exist in Skeleton 'Enemy_03_Skeleton'
[2018.05.11-15.55.21:400][  0]LogAnimation: Warning: FBoneReference::Initialize BoneIndex for Bone 'spine_02' does not exist in Skeleton 'Enemy_03_Skeleton'
[2018.05.11-15.55.21:400][  0]LogAnimation: Warning: FBoneReference::Initialize BoneIndex for Bone 'hand_l' does not exist in Skeleton 'Enemy_03_Skeleton'
[2018.05.11-15.55.21:400][  0]LogAnimation: Warning: FBoneReference::Initialize BoneIndex for Bone 'hand_r' does not exist in Skeleton 'Enemy_03_Skeleton'
[2018.05.11-15.55.21:400][  0]LogAnimation: Warning: FBoneReference::Initialize BoneIndex for Bone 'hand_L' does not exist in Skeleton 'Enemy_03_Skeleton'
[2018.05.11-15.55.21:401][  0]LogAnimation: Warning: FBoneReference::Initialize BoneIndex for Bone 'spine_02' does not exist in Skeleton 'Enemy_03_Skeleton'
[2018.05.11-15.55.21:401][  0]LogAnimation: Warning: FBoneReference::Initialize BoneIndex for Bone 'hand_l' does not exist in Skeleton 'Enemy_03_Skeleton'
[2018.05.11-15.55.21:401][  0]LogAnimation: Warning: FBoneReference::Initialize BoneIndex for Bone 'hand_r' does not exist in Skeleton 'Enemy_03_Skeleton'
[2018.05.11-15.55.21:401][  0]LogAnimation: Warning: FBoneReference::Initialize BoneIndex for Bone 'hand_L' does not exist in Skeleton 'Enemy_03_Skeleton'
[2018.05.11-15.55.21:402][  0]LogAnimation: Warning: FBoneReference::Initialize BoneIndex for Bone 'spine_02' does not exist in Skeleton 'Enemy_03_Skeleton'
[2018.05.11-15.55.21:402][  0]LogAnimation: Warning: FBoneReference::Initialize BoneIndex for Bone 'hand_l' does not exist in Skeleton 'Enemy_03_Skeleton'
[2018.05.11-15.55.21:402][  0]LogAnimation: Warning: FBoneReference::Initialize BoneIndex for Bone 'hand_r' does not exist in Skeleton 'Enemy_03_Skeleton'
[2018.05.11-15.55.21:402][  0]LogAnimation: Warning: FBoneReference::Initialize BoneIndex for Bone 'hand_L' does not exist in Skeleton 'Enemy_03_Skeleton'
[2018.05.11-15.55.21:403][  0]LogAnimation: Warning: FBoneReference::Initialize BoneIndex for Bone 'spine_02' does not exist in Skeleton 'Enemy_03_Skeleton'
[2018.05.11-15.55.21:403][  0]LogAnimation: Warning: FBoneReference::Initialize BoneIndex for Bone 'hand_l' does not exist in Skeleton 'Enemy_03_Skeleton'
[2018.05.11-15.55.21:403][  0]LogAnimation: Warning: FBoneReference::Initialize BoneIndex for Bone 'hand_r' does not exist in Skeleton 'Enemy_03_Skeleton'
[2018.05.11-15.55.21:403][  0]LogAnimation: Warning: FBoneReference::Initialize BoneIndex for Bone 'hand_L' does not exist in Skeleton 'Enemy_03_Skeleton'
[2018.05.11-15.55.21:404][  0]LogAnimation: Warning: FBoneReference::Initialize BoneIndex for Bone 'spine_02' does not exist in Skeleton 'Enemy_03_Skeleton'
[2018.05.11-15.55.21:404][  0]LogAnimation: Warning: FBoneReference::Initialize BoneIndex for Bone 'hand_l' does not exist in Skeleton 'Enemy_03_Skeleton'
[2018.05.11-15.55.21:404][  0]LogAnimation: Warning: FBoneReference::Initialize BoneIndex for Bone 'hand_r' does not exist in Skeleton 'Enemy_03_Skeleton'
[2018.05.11-15.55.21:404][  0]LogAnimation: Warning: FBoneReference::Initialize BoneIndex for Bone 'hand_L' does not exist in Skeleton 'Enemy_03_Skeleton'
[2018.05.11-15.55.21:404][  0]LogAnimation: Warning: FBoneReference::Initialize BoneIndex for Bone 'spine_02' does not exist in Skeleton 'Enemy_03_Skeleton'
[2018.05.11-15.55.21:404][  0]LogAnimation: Warning: FBoneReference::Initialize BoneIndex for Bone 'hand_l' does not exist in Skeleton 'Enemy_03_Skeleton'
[2018.05.11-15.55.21:404][  0]LogAnimation: Warning: FBoneReference::Initialize BoneIndex for Bone 'hand_r' does not exist in Skeleton 'Enemy_03_Skeleton'
[2018.05.11-15.55.21:404][  0]LogAnimation: Warning: FBoneReference::Initialize BoneIndex for Bone 'hand_L' does not exist in Skeleton 'Enemy_03_Skeleton'
[2018.05.11-15.55.21:405][  0]LogAnimation: Warning: FBoneReference::Initialize BoneIndex for Bone 'spine_02' does not exist in Skeleton 'Enemy_03_Skeleton'
[2018.05.11-15.55.21:405][  0]LogAnimation: Warning: FBoneReference::Initialize BoneIndex for Bone 'hand_l' does not exist in Skeleton 'Enemy_03_Skeleton'
[2018.05.11-15.55.21:405][  0]LogAnimation: Warning: FBoneReference::Initialize BoneIndex for Bone 'hand_r' does not exist in Skeleton 'Enemy_03_Skeleton'
[2018.05.11-15.55.21:405][  0]LogAnimation: Warning: FBoneReference::Initialize BoneIndex for Bone 'hand_L' does not exist in Skeleton 'Enemy_03_Skeleton'
[2018.05.11-15.55.21:406][  0]LogAnimation: Warning: FBoneReference::Initialize BoneIndex for Bone 'spine_02' does not exist in Skeleton 'Enemy_03_Skeleton'
[2018.05.11-15.55.21:406][  0]LogAnimation: Warning: FBoneReference::Initialize BoneIndex for Bone 'hand_l' does not exist in Skeleton 'Enemy_03_Skeleton'
[2018.05.11-15.55.21:406][  0]LogAnimation: Warning: FBoneReference::Initialize BoneIndex for Bone 'hand_r' does not exist in Skeleton 'Enemy_03_Skeleton'
[2018.05.11-15.55.21:406][  0]LogAnimation: Warning: FBoneReference::Initialize BoneIndex for Bone 'hand_L' does not exist in Skeleton 'Enemy_03_Skeleton'
[2018.05.11-15.55.21:407][  0]LogAnimation: Warning: FBoneReference::Initialize BoneIndex for Bone 'spine_02' does not exist in Skeleton 'Enemy_03_Skeleton'
[2018.05.11-15.55.21:407][  0]LogAnimation: Warning: FBoneReference::Initialize BoneIndex for Bone 'hand_l' does not exist in Skeleton 'Enemy_03_Skeleton'
[2018.05.11-15.55.21:407][  0]LogAnimation: Warning: FBoneReference::Initialize BoneIndex for Bone 'hand_r' does not exist in Skeleton 'Enemy_03_Skeleton'
[2018.05.11-15.55.21:407][  0]LogAnimation: Warning: FBoneReference::Initialize BoneIndex for Bone 'hand_L' does not exist in Skeleton 'Enemy_03_Skeleton'
[2018.05.11-15.55.21:408][  0]LogAnimation: Warning: FBoneReference::Initialize BoneIndex for Bone 'spine_02' does not exist in Skeleton 'Enemy_03_Skeleton'
[2018.05.11-15.55.21:408][  0]LogAnimation: Warning: FBoneReference::Initialize BoneIndex for Bone 'hand_l' does not exist in Skeleton 'Enemy_03_Skeleton'
[2018.05.11-15.55.21:408][  0]LogAnimation: Warning: FBoneReference::Initialize BoneIndex for Bone 'hand_r' does not exist in Skeleton 'Enemy_03_Skeleton'
[2018.05.11-15.55.21:408][  0]LogAnimation: Warning: FBoneReference::Initialize BoneIndex for Bone 'hand_L' does not exist in Skeleton 'Enemy_03_Skeleton'
[2018.05.11-15.55.21:409][  0]LogAnimation: Warning: FBoneReference::Initialize BoneIndex for Bone 'spine_02' does not exist in Skeleton 'Enemy_03_Skeleton'
[2018.05.11-15.55.21:409][  0]LogAnimation: Warning: FBoneReference::Initialize BoneIndex for Bone 'hand_l' does not exist in Skeleton 'Enemy_03_Skeleton'
[2018.05.11-15.55.21:409][  0]LogAnimation: Warning: FBoneReference::Initialize BoneIndex for Bone 'hand_r' does not exist in Skeleton 'Enemy_03_Skeleton'
[2018.05.11-15.55.21:409][  0]LogAnimation: Warning: FBoneReference::Initialize BoneIndex for Bone 'hand_L' does not exist in Skeleton 'Enemy_03_Skeleton'
[2018.05.11-15.55.21:409][  0]LogAnimation: Warning: FBoneReference::Initialize BoneIndex for Bone 'spine_02' does not exist in Skeleton 'Enemy_03_Skeleton'
[2018.05.11-15.55.21:409][  0]LogAnimation: Warning: FBoneReference::Initialize BoneIndex for Bone 'hand_l' does not exist in Skeleton 'Enemy_03_Skeleton'
[2018.05.11-15.55.21:409][  0]LogAnimation: Warning: FBoneReference::Initialize BoneIndex for Bone 'hand_r' does not exist in Skeleton 'Enemy_03_Skeleton'
[2018.05.11-15.55.21:409][  0]LogAnimation: Warning: FBoneReference::Initialize BoneIndex for Bone 'hand_L' does not exist in Skeleton 'Enemy_03_Skeleton'
[2018.05.11-15.55.21:410][  0]LogAnimation: Warning: FBoneReference::Initialize BoneIndex for Bone 'spine_02' does not exist in Skeleton 'Enemy_03_Skeleton'
[2018.05.11-15.55.21:410][  0]LogAnimation: Warning: FBoneReference::Initialize BoneIndex for Bone 'hand_l' does not exist in Skeleton 'Enemy_03_Skeleton'
[2018.05.11-15.55.21:410][  0]LogAnimation: Warning: FBoneReference::Initialize BoneIndex for Bone 'hand_r' does not exist in Skeleton 'Enemy_03_Skeleton'
[2018.05.11-15.55.21:410][  0]LogAnimation: Warning: FBoneReference::Initialize BoneIndex for Bone 'hand_L' does not exist in Skeleton 'Enemy_03_Skeleton'
[2018.05.11-15.55.21:411][  0]LogAnimation: Warning: FBoneReference::Initialize BoneIndex for Bone 'spine_02' does not exist in Skeleton 'Enemy_03_Skeleton'
[2018.05.11-15.55.21:411][  0]LogAnimation: Warning: FBoneReference::Initialize BoneIndex for Bone 'hand_l' does not exist in Skeleton 'Enemy_03_Skeleton'
[2018.05.11-15.55.21:411][  0]LogAnimation: Warning: FBoneReference::Initialize BoneIndex for Bone 'hand_r' does not exist in Skeleton 'Enemy_03_Skeleton'
[2018.05.11-15.55.21:411][  0]LogAnimation: Warning: FBoneReference::Initialize BoneIndex for Bone 'hand_L' does not exist in Skeleton 'Enemy_03_Skeleton'
[2018.05.11-15.55.21:411][  0]LogAnimation: Warning: FBoneReference::Initialize BoneIndex for Bone 'spine_02' does not exist in Skeleton 'Enemy_03_Skeleton'
[2018.05.11-15.55.21:411][  0]LogAnimation: Warning: FBoneReference::Initialize BoneIndex for Bone 'hand_l' does not exist in Skeleton 'Enemy_03_Skeleton'
[2018.05.11-15.55.21:411][  0]LogAnimation: Warning: FBoneReference::Initialize BoneIndex for Bone 'hand_r' does not exist in Skeleton 'Enemy_03_Skeleton'
[2018.05.11-15.55.21:411][  0]LogAnimation: Warning: FBoneReference::Initialize BoneIndex for Bone 'hand_L' does not exist in Skeleton 'Enemy_03_Skeleton'
[2018.05.11-15.55.21:412][  0]LogAnimation: Warning: FBoneReference::Initialize BoneIndex for Bone 'spine_02' does not exist in Skeleton 'Enemy_03_Skeleton'
[2018.05.11-15.55.21:412][  0]LogAnimation: Warning: FBoneReference::Initialize BoneIndex for Bone 'hand_l' does not exist in Skeleton 'Enemy_03_Skeleton'
[2018.05.11-15.55.21:412][  0]LogAnimation: Warning: FBoneReference::Initialize BoneIndex for Bone 'hand_r' does not exist in Skeleton 'Enemy_03_Skeleton'
[2018.05.11-15.55.21:412][  0]LogAnimation: Warning: FBoneReference::Initialize BoneIndex for Bone 'hand_L' does not exist in Skeleton 'Enemy_03_Skeleton'
[2018.05.11-15.55.21:413][  0]LogAnimation: Warning: FBoneReference::Initialize BoneIndex for Bone 'spine_02' does not exist in Skeleton 'Enemy_03_Skeleton'
[2018.05.11-15.55.21:413][  0]LogAnimation: Warning: FBoneReference::Initialize BoneIndex for Bone 'hand_l' does not exist in Skeleton 'Enemy_03_Skeleton'
[2018.05.11-15.55.21:413][  0]LogAnimation: Warning: FBoneReference::Initialize BoneIndex for Bone 'hand_r' does not exist in Skeleton 'Enemy_03_Skeleton'
[2018.05.11-15.55.21:413][  0]LogAnimation: Warning: FBoneReference::Initialize BoneIndex for Bone 'hand_L' does not exist in Skeleton 'Enemy_03_Skeleton'
[2018.05.11-15.55.21:413][  0]LogAnimation: Warning: FBoneReference::Initialize BoneIndex for Bone 'spine_02' does not exist in Skeleton 'Enemy_03_Skeleton'
[2018.05.11-15.55.21:413][  0]LogAnimation: Warning: FBoneReference::Initialize BoneIndex for Bone 'hand_l' does not exist in Skeleton 'Enemy_03_Skeleton'
[2018.05.11-15.55.21:413][  0]LogAnimation: Warning: FBoneReference::Initialize BoneIndex for Bone 'hand_r' does not exist in Skeleton 'Enemy_03_Skeleton'
[2018.05.11-15.55.21:413][  0]LogAnimation: Warning: FBoneReference::Initialize BoneIndex for Bone 'hand_L' does not exist in Skeleton 'Enemy_03_Skeleton'
[2018.05.11-15.55.21:729][  0]LogBlueprintUserMessages: [Portal_Zeus_174] PortalType: Zeus
[2018.05.11-15.55.21:731][  0]LogBlueprintUserMessages: [Portal_Zeus2] PortalType: Poseidon
[2018.05.11-15.55.21:733][  0]LogBlueprintUserMessages: [Portal_Zeus3] PortalType: Hades
[2018.05.11-15.55.21:762][  0]LogWorld: Bringing World /Game/Maps/Map4.Map4 up for play (max tick rate 0) at 2018.05.11-17.55.21
[2018.05.11-15.55.21:795][  0]LogWorld: Bringing up level for play took: 0.525284
[2018.05.11-15.55.21:797][  0]LogAnimation: Warning: FBoneReference::Initialize BoneIndex for Bone 'hand_l' does not exist in Skeleton 'Thea_Skeleton'
[2018.05.11-15.55.21:797][  0]LogAnimation: Warning: FBoneReference::Initialize BoneIndex for Bone 'hand_r' does not exist in Skeleton 'Thea_Skeleton'
[2018.05.11-15.55.21:797][  0]LogAnimation: Warning: FBoneReference::Initialize BoneIndex for Bone 'hand_L' does not exist in Skeleton 'Thea_Skeleton'
[2018.05.11-15.55.21:811][  0]LogBlueprintUserMessages: [Pawn_CloseCombat_C_0] Zone:InvalidSpawn
[2018.05.11-15.55.21:825][  0]LogEngine: Onscreen warngins/messages are now ENABLED
[2018.05.11-15.55.21:827][  0]LogLoad: Took 4.911546 seconds to LoadMap(/Game/Maps/Map4)
[2018.05.11-15.55.22:080][  0]LogRenderer: Reallocating scene render targets to support 1280x720 Format 10 NumSamples 1 (Frame:1).
[2018.05.11-15.55.22:080][  0]LogLoad: (Engine Initialization) Total time: 18.15 seconds
[2018.05.11-15.55.22:080][  0]LogLoad: (Engine Initialization) Total Blueprint compile time: 0.00 seconds
[2018.05.11-15.55.22:080][  0]LogExternalProfiler: No external profilers were discovered.  External profiling features will not be available.
[2018.05.11-15.55.22:100][  0]LogContentStreaming: Texture pool size now 1000 MB
[2018.05.11-15.55.22:225][  1]PIE: Warning: Mobility of /Game/Maps/Map4.Map4:PersistentLevel.Pickup02_Poseidon_BP_446 : StaticMeshComponent0 has to be 'Movable' if you'd like to move it with RotatingMovementComponent. 
[2018.05.11-15.55.22:225][  1]PIE: Warning: Mobility of /Game/Maps/Map4.Map4:PersistentLevel.Pickup02_Poseidon_BP2 : StaticMeshComponent0 has to be 'Movable' if you'd like to move it with RotatingMovementComponent. 
[2018.05.11-15.55.22:225][  1]PIE: Warning: Mobility of /Game/Maps/Map4.Map4:PersistentLevel.Pickup02_Poseidon_BP3 : StaticMeshComponent0 has to be 'Movable' if you'd like to move it with RotatingMovementComponent. 
[2018.05.11-15.55.22:225][  1]PIE: Warning: Mobility of /Game/Maps/Map4.Map4:PersistentLevel.Pickup02_Poseidon_BP4 : StaticMeshComponent0 has to be 'Movable' if you'd like to move it with RotatingMovementComponent. 
[2018.05.11-15.55.22:225][  1]PIE: Warning: Mobility of /Game/Maps/Map4.Map4:PersistentLevel.Pickup02_Poseidon_BP5 : StaticMeshComponent0 has to be 'Movable' if you'd like to move it with RotatingMovementComponent. 
[2018.05.11-15.55.22:225][  1]PIE: Warning: Mobility of /Game/Maps/Map4.Map4:PersistentLevel.Pickup02_Poseidon_BP6 : StaticMeshComponent0 has to be 'Movable' if you'd like to move it with RotatingMovementComponent. 
[2018.05.11-15.55.22:229][  1]LogBlueprintUserMessages: [Pawn_CloseCombat_C_0] EndCombat
[2018.05.11-15.55.22:229][  1]LogAnimation: Warning: FBoneReference::Initialize BoneIndex for Bone 'hand_l' does not exist in Skeleton 'Thea_Skeleton'
[2018.05.11-15.55.22:229][  1]LogAnimation: Warning: FBoneReference::Initialize BoneIndex for Bone 'hand_r' does not exist in Skeleton 'Thea_Skeleton'
[2018.05.11-15.55.22:229][  1]LogAnimation: Warning: FBoneReference::Initialize BoneIndex for Bone 'hand_L' does not exist in Skeleton 'Thea_Skeleton'
[2018.05.11-15.55.22:229][  1]LogBlueprintUserMessages: [Pawn_CloseCombat_C_0] EndCombat
[2018.05.11-15.55.22:229][  1]LogBlueprintUserMessages: [Pawn_CloseCombat_C_0] EndCombat
[2018.05.11-15.55.22:229][  1]LogBlueprintUserMessages: [Pawn_CloseCombat_C_0] EndCombat
[2018.05.11-15.55.22:230][  1]LogBlueprintUserMessages: [Pawn_CloseCombat_C_0] EndCombat
[2018.05.11-15.55.22:230][  1]LogBlueprintUserMessages: [Pawn_CloseCombat_C_0] EndCombat
[2018.05.11-15.55.22:230][  1]LogBlueprintUserMessages: [Pawn_CloseCombat_C_0] EndCombat
[2018.05.11-15.55.22:230][  1]LogBlueprintUserMessages: [Pawn_CloseCombat_C_0] EndCombat
[2018.05.11-15.55.22:230][  1]LogBlueprintUserMessages: [Pawn_CloseCombat_C_0] EndCombat
[2018.05.11-15.55.22:230][  1]LogBlueprintUserMessages: [Pawn_CloseCombat_C_0] EndCombat
[2018.05.11-15.55.22:230][  1]LogBlueprintUserMessages: [Pawn_CloseCombat_C_0] EndCombat
[2018.05.11-15.55.22:230][  1]LogBlueprintUserMessages: [Pawn_CloseCombat_C_0] EndCombat
[2018.05.11-15.55.22:230][  1]LogBlueprintUserMessages: [Pawn_CloseCombat_C_0] EndCombat
[2018.05.11-15.55.22:230][  1]LogBlueprintUserMessages: [Pawn_CloseCombat_C_0] EndCombat
[2018.05.11-15.55.22:230][  1]LogBlueprintUserMessages: [Pawn_CloseCombat_C_0] EndCombat
[2018.05.11-15.55.22:231][  1]LogBlueprintUserMessages: [Pawn_CloseCombat_C_0] EndCombat
[2018.05.11-15.55.22:231][  1]LogBlueprintUserMessages: [Pawn_CloseCombat_C_0] EndCombat
[2018.05.11-15.55.22:231][  1]LogBlueprintUserMessages: [Pawn_CloseCombat_C_0] EndCombat
[2018.05.11-15.55.22:231][  1]LogBlueprintUserMessages: [Pawn_CloseCombat_C_0] EndCombat
[2018.05.11-15.55.22:231][  1]LogBlueprintUserMessages: [Pawn_CloseCombat_C_0] EndCombat
[2018.05.11-15.55.22:231][  1]LogBlueprintUserMessages: [Pawn_CloseCombat_C_0] EndCombat
[2018.05.11-15.55.22:231][  1]LogBlueprintUserMessages: [Pawn_CloseCombat_C_0] EndCombat
[2018.05.11-15.55.22:231][  1]LogBlueprintUserMessages: [Pawn_CloseCombat_C_0] EndCombat
[2018.05.11-15.55.25:162][182]LogBlueprintUserMessages: [Pawn_CloseCombat_C_0] ON
[2018.05.11-15.55.36:034][854]LogRenderer: Reallocating scene render targets to support 1920x1080 Format 10 NumSamples 1 (Frame:856).
[2018.05.11-15.55.42:312][242]r.SetRes = "1920x1080f"
[2018.05.11-15.55.55:664][  1]r.PostProcessAAQuality = "0"
[2018.05.11-15.56.08:521][729]LogRenderer: Reallocating scene render targets to support 1280x720 Format 10 NumSamples 1 (Frame:2733).
[2018.05.11-15.56.15:521][145]LogWindowsTextInputMethodSystem: Display: IME system now deactivated.
[2018.05.11-15.56.15:524][145]LogWindowsTextInputMethodSystem: Display: IME system now deactivated.
[2018.05.11-15.56.15:526][145]LogEngine: All Windows Closed
[2018.05.11-15.56.15:526][145]LogWindows: FPlatformMisc::RequestExit(0)
[2018.05.11-15.56.15:578][146]LogExit: Preparing to exit.
[2018.05.11-15.56.15:578][146]LogMoviePlayer: Shutting down movie player
[2018.05.11-15.56.16:706][146]LogExit: Game engine shut down
[2018.05.11-15.56.16:878][146]LogExit: Object subsystem successfully closed.
[2018.05.11-15.56.16:917][146]LogD3D11RHI: Shutdown
[2018.05.11-15.56.16:917][146]LogD3D11RHI: CleanupD3DDevice
[2018.05.11-15.56.16:925][146]LogD3D11RHI: ~FD3D11DynamicRHI
[2018.05.11-15.56.16:933][146]LogModuleManager: Shutting down and abandoning module SequenceRecorderSections (308)
[2018.05.11-15.56.16:933][146]LogModuleManager: Shutting down and abandoning module SequenceRecorder (306)
[2018.05.11-15.56.16:933][146]LogModuleManager: Shutting down and abandoning module AutomationController (304)
[2018.05.11-15.56.16:933][146]LogModuleManager: Shutting down and abandoning module AutomationWorker (302)
[2018.05.11-15.56.16:933][146]LogModuleManager: Shutting down and abandoning module AIModule (300)
[2018.05.11-15.56.16:933][146]LogModuleManager: Shutting down and abandoning module GameplayDebugger (299)
[2018.05.11-15.56.16:933][146]LogModuleManager: Shutting down and abandoning module AITestSuite (297)
[2018.05.11-15.56.16:933][146]LogModuleManager: Shutting down and abandoning module WmfMediaFactory (294)
[2018.05.11-15.56.16:933][146]LogModuleManager: Shutting down and abandoning module OpenExrWrapper (292)
[2018.05.11-15.56.16:933][146]LogModuleManager: Shutting down and abandoning module ImgMediaFactory (290)
[2018.05.11-15.56.16:933][146]LogModuleManager: Shutting down and abandoning module AvfMediaFactory (288)
[2018.05.11-15.56.16:933][146]LogModuleManager: Shutting down and abandoning module CharacterAI (286)
[2018.05.11-15.56.16:933][146]LogModuleManager: Shutting down and abandoning module SessionServices (284)
[2018.05.11-15.56.16:933][146]LogModuleManager: Shutting down and abandoning module MovieSceneCapture (282)
[2018.05.11-15.56.16:933][146]LogModuleManager: Shutting down and abandoning module MovieSceneTracks (280)
[2018.05.11-15.56.16:933][146]LogModuleManager: Shutting down and abandoning module MovieScene (278)
[2018.05.11-15.56.16:933][146]LogModuleManager: Shutting down and abandoning module GeometryCache (276)
[2018.05.11-15.56.16:933][146]LogModuleManager: Shutting down and abandoning module GeometryCacheEd (275)
[2018.05.11-15.56.16:933][146]LogModuleManager: Shutting down and abandoning module StreamingPauseRendering (272)
[2018.05.11-15.56.16:933][146]LogModuleManager: Shutting down and abandoning module PortalServices (270)
[2018.05.11-15.56.16:933][146]LogModuleManager: Shutting down and abandoning module PortalRpc (268)
[2018.05.11-15.56.16:933][146]LogModuleManager: Shutting down and abandoning module MessagingRpc (266)
[2018.05.11-15.56.16:933][146]LogModuleManager: Shutting down and abandoning module ProfilerService (264)
[2018.05.11-15.56.17:121][146]LogModuleManager: Shutting down and abandoning module TaskGraph (262)
[2018.05.11-15.56.17:121][146]LogModuleManager: Shutting down and abandoning module ProceduralMeshComponent (260)
[2018.05.11-15.56.17:121][146]LogModuleManager: Shutting down and abandoning module MobilePatchingUtils (258)
[2018.05.11-15.56.17:121][146]LogModuleManager: Shutting down and abandoning module CustomMeshComponent (256)
[2018.05.11-15.56.17:121][146]LogModuleManager: Shutting down and abandoning module CableComponent (254)
[2018.05.11-15.56.17:121][146]LogModuleManager: Shutting down and abandoning module ArchVisCharacter (252)
[2018.05.11-15.56.17:121][146]LogModuleManager: Shutting down and abandoning module AndroidPermission (250)
[2018.05.11-15.56.17:121][146]LogModuleManager: Shutting down and abandoning module ActorSequence (246)
[2018.05.11-15.56.17:121][146]LogModuleManager: Shutting down and abandoning module MediaCompositing (244)
[2018.05.11-15.56.17:121][146]LogModuleManager: Shutting down and abandoning module HTML5Networking (242)
[2018.05.11-15.56.17:121][146]LogModuleManager: Shutting down and abandoning module VisualStudioSourceCodeAccess (240)
[2018.05.11-15.56.17:122][146]LogModuleManager: Shutting down and abandoning module HotReload (239)
[2018.05.11-15.56.17:122][146]LogDirectoryWatcher: A directory notification for 'D:/Git/TheCorruptionOfHades/HadesGame/Binaries/Win64' was aborted.
[2018.05.11-15.56.17:122][146]LogModuleManager: Shutting down and abandoning module VisualStudioCodeSourceCodeAccess (236)
[2018.05.11-15.56.17:122][146]LogModuleManager: Shutting down and abandoning module UObjectPlugin (234)
[2018.05.11-15.56.17:122][146]LogModuleManager: Shutting down and abandoning module SubversionSourceControl (232)
[2018.05.11-15.56.17:122][146]LogModuleManager: Shutting down and abandoning module PerforceSourceControl (230)
[2018.05.11-15.56.17:122][146]LogModuleManager: Shutting down and abandoning module SourceControl (229)
[2018.05.11-15.56.17:122][146]LogModuleManager: Shutting down and abandoning module RuntimePhysXCooking (226)
[2018.05.11-15.56.17:122][146]LogModuleManager: Shutting down and abandoning module PhysXVehiclesEditor (224)
[2018.05.11-15.56.17:122][146]LogModuleManager: Shutting down and abandoning module PhysXVehicles (222)
[2018.05.11-15.56.17:122][146]LogModuleManager: Shutting down and abandoning module LocationServicesBPLibrary (220)
[2018.05.11-15.56.17:122][146]LogModuleManager: Shutting down and abandoning module ImmediatePhysicsEditor (218)
[2018.05.11-15.56.17:122][146]LogModuleManager: Shutting down and abandoning module ImmediatePhysics (216)
[2018.05.11-15.56.17:123][146]LogModuleManager: Shutting down and abandoning module ApexDestructionEditor (214)
[2018.05.11-15.56.17:123][146]LogModuleManager: Shutting down and abandoning module ApexDestruction (212)
[2018.05.11-15.56.17:123][146]LogModuleManager: Shutting down and abandoning module UdpMessaging (210)
[2018.05.11-15.56.17:223][146]LogModuleManager: Shutting down and abandoning module TcpMessaging (208)
[2018.05.11-15.56.17:482][146]LogModuleManager: Shutting down and abandoning module GameplayTagsEditor (206)
[2018.05.11-15.56.17:482][146]LogModuleManager: Shutting down and abandoning module FacialAnimation (204)
[2018.05.11-15.56.17:482][146]LogModuleManager: Shutting down and abandoning module AssetManagerEditor (202)
[2018.05.11-15.56.17:482][146]LogModuleManager: Shutting down and abandoning module GraphEditor (201)
[2018.05.11-15.56.17:482][146]LogModuleManager: Shutting down and abandoning module ContentBrowser (199)
[2018.05.11-15.56.17:482][146]LogModuleManager: Shutting down and abandoning module CollectionManager (198)
[2018.05.11-15.56.17:482][146]LogDirectoryWatcher: A directory notification for 'D:/Git/TheCorruptionOfHades/HadesGame/Content/Collections/' was aborted.
[2018.05.11-15.56.17:482][146]LogDirectoryWatcher: A directory notification for 'D:/Git/TheCorruptionOfHades/HadesGame/Content/Developers/ickle/Collections/' was aborted.
[2018.05.11-15.56.17:483][146]LogDirectoryWatcher: A directory notification for 'D:/Git/TheCorruptionOfHades/HadesGame/Saved/Collections/' was aborted.
[2018.05.11-15.56.17:483][146]LogModuleManager: Shutting down and abandoning module DirectoryWatcher (197)
[2018.05.11-15.56.17:483][146]LogModuleManager: Shutting down and abandoning module LightPropagationVolumeRuntime (192)
[2018.05.11-15.56.17:483][146]LogModuleManager: Shutting down and abandoning module Paper2D (190)
[2018.05.11-15.56.17:483][146]LogModuleManager: Shutting down and abandoning module WindowsMoviePlayer (188)
[2018.05.11-15.56.17:483][146]LogModuleManager: Shutting down and abandoning module WmfMedia (186)
[2018.05.11-15.56.17:484][146]LogModuleManager: Shutting down and abandoning module ImgMedia (184)
[2018.05.11-15.56.17:484][146]LogModuleManager: Shutting down and abandoning module PacketHandler (182)
[2018.05.11-15.56.17:484][146]LogModuleManager: Shutting down and abandoning module ClothingSystemEditor (180)
[2018.05.11-15.56.17:484][146]LogModuleManager: Shutting down and abandoning module ClothingSystemRuntime (178)
[2018.05.11-15.56.17:484][146]LogModuleManager: Shutting down and abandoning module MediaAssets (176)
[2018.05.11-15.56.17:484][146]LogModuleManager: Shutting down and abandoning module Media (175)
[2018.05.11-15.56.17:489][146]LogModuleManager: Shutting down and abandoning module Overlay (172)
[2018.05.11-15.56.17:489][146]LogModuleManager: Shutting down and abandoning module OverlayEditor (171)
[2018.05.11-15.56.17:489][146]LogModuleManager: Shutting down and abandoning module VREditor (168)
[2018.05.11-15.56.17:489][146]LogModuleManager: Shutting down and abandoning module StringTableEditor (166)
[2018.05.11-15.56.17:489][146]LogModuleManager: Shutting down and abandoning module GameplayTasksEditor (164)
[2018.05.11-15.56.17:489][146]LogModuleManager: Shutting down and abandoning module BehaviorTreeEditor (162)
[2018.05.11-15.56.17:490][146]LogModuleManager: Shutting down and abandoning module FunctionalTesting (160)
[2018.05.11-15.56.17:490][146]LogModuleManager: Shutting down and abandoning module CollisionAnalyzer (158)
[2018.05.11-15.56.17:490][146]LogModuleManager: Shutting down and abandoning module WorkspaceMenuStructure (157)
[2018.05.11-15.56.17:490][146]LogModuleManager: Shutting down and abandoning module UMG (154)
[2018.05.11-15.56.17:490][146]LogModuleManager: Shutting down and abandoning module UMGEditor (153)
[2018.05.11-15.56.17:490][146]LogModuleManager: Shutting down and abandoning module Sequencer (152)
[2018.05.11-15.56.17:490][146]LogModuleManager: Shutting down and abandoning module MessageLog (149)
[2018.05.11-15.56.17:490][146]LogModuleManager: Shutting down and abandoning module SlateReflector (144)
[2018.05.11-15.56.17:490][146]LogModuleManager: Shutting down and abandoning module Slate (142)
[2018.05.11-15.56.17:490][146]LogModuleManager: Shutting down and abandoning module EditorStyle (140)
[2018.05.11-15.56.17:491][146]LogModuleManager: Shutting down and abandoning module MRMesh (138)
[2018.05.11-15.56.17:491][146]LogModuleManager: Shutting down and abandoning module Messaging (136)
[2018.05.11-15.56.17:491][146]LogModuleManager: Shutting down and abandoning module SourceCodeAccess (134)
[2018.05.11-15.56.17:491][146]LogModuleManager: Shutting down and abandoning module HeadMountedDisplay (132)
[2018.05.11-15.56.17:491][146]LogModuleManager: Shutting down and abandoning module XAudio2 (130)
[2018.05.11-15.56.17:492][146]LogModuleManager: Shutting down and abandoning module Networking (128)
[2018.05.11-15.56.17:492][146]LogModuleManager: Shutting down and abandoning module Core (124)
[2018.05.11-15.56.17:492][146]LogModuleManager: Shutting down and abandoning module LevelSequence (122)
[2018.05.11-15.56.17:492][146]LogModuleManager: Shutting down and abandoning module KismetCompiler (120)
[2018.05.11-15.56.17:492][146]LogModuleManager: Shutting down and abandoning module MeshUtilities (118)
[2018.05.11-15.56.17:492][146]LogModuleManager: Shutting down and abandoning module MeshMergeUtilities (117)
[2018.05.11-15.56.17:492][146]LogModuleManager: Shutting down and abandoning module MeshReductionInterface (116)
[2018.05.11-15.56.17:492][146]LogModuleManager: Shutting down and abandoning module SimplygonSwarm (115)
[2018.05.11-15.56.17:492][146]LogModuleManager: Shutting down and abandoning module SimplygonMeshReduction (113)
[2018.05.11-15.56.17:492][146]LogModuleManager: Shutting down and abandoning module QuadricMeshReduction (111)
[2018.05.11-15.56.17:492][146]LogModuleManager: Shutting down and abandoning module MaterialBaking (107)
[2018.05.11-15.56.17:492][146]LogModuleManager: Shutting down and abandoning module DerivedDataCache (102)
[2018.05.11-15.56.17:942][146]LogDerivedDataCache: Shutdown
[2018.05.11-15.56.17:942][146]LogModuleManager: Shutting down and abandoning module TargetPlatform (100)
[2018.05.11-15.56.17:942][146]LogModuleManager: Shutting down and abandoning module VulkanShaderFormat (99)
[2018.05.11-15.56.17:942][146]LogModuleManager: Shutting down and abandoning module ShaderFormatVectorVM (97)
[2018.05.11-15.56.17:942][146]LogModuleManager: Shutting down and abandoning module ShaderFormatOpenGL (95)
[2018.05.11-15.56.17:942][146]LogModuleManager: Shutting down and abandoning module ShaderFormatD3D (93)
[2018.05.11-15.56.17:942][146]LogModuleManager: Shutting down and abandoning module MetalShaderFormat (91)
[2018.05.11-15.56.17:942][146]LogModuleManager: Shutting down and abandoning module TextureFormatUncompressed (89)
[2018.05.11-15.56.17:942][146]LogModuleManager: Shutting down and abandoning module TextureFormatPVR (87)
[2018.05.11-15.56.17:942][146]LogModuleManager: Shutting down and abandoning module TextureFormatDXT (85)
[2018.05.11-15.56.17:942][146]LogModuleManager: Shutting down and abandoning module TextureFormatIntelISPCTexComp (83)
[2018.05.11-15.56.17:942][146]LogModuleManager: Shutting down and abandoning module TextureFormatASTC (81)
[2018.05.11-15.56.17:942][146]LogModuleManager: Shutting down and abandoning module ImageWrapper (80)
[2018.05.11-15.56.17:942][146]LogModuleManager: Shutting down and abandoning module TextureFormatAndroid (77)
[2018.05.11-15.56.17:942][146]LogModuleManager: Shutting down and abandoning module AudioFormatOpus (75)
[2018.05.11-15.56.17:942][146]LogModuleManager: Shutting down and abandoning module AudioFormatOgg (73)
[2018.05.11-15.56.17:942][146]LogModuleManager: Shutting down and abandoning module AudioFormatADPCM (71)
[2018.05.11-15.56.17:942][146]LogModuleManager: Shutting down and abandoning module WindowsTargetPlatform (69)
[2018.05.11-15.56.17:942][146]LogModuleManager: Shutting down and abandoning module WindowsServerTargetPlatform (67)
[2018.05.11-15.56.17:942][146]LogModuleManager: Shutting down and abandoning module WindowsNoEditorTargetPlatform (65)
[2018.05.11-15.56.17:942][146]LogModuleManager: Shutting down and abandoning module WindowsClientTargetPlatform (63)
[2018.05.11-15.56.17:942][146]LogModuleManager: Shutting down and abandoning module InputCore (60)
[2018.05.11-15.56.17:942][146]LogModuleManager: Shutting down and abandoning module Settings (58)
[2018.05.11-15.56.17:942][146]LogModuleManager: Shutting down and abandoning module PhysXCooking (56)
[2018.05.11-15.56.17:942][146]LogModuleManager: Shutting down and abandoning module ExampleDeviceProfileSelector (54)
[2018.05.11-15.56.17:942][146]LogModuleManager: Shutting down and abandoning module AppleARKit (52)
[2018.05.11-15.56.17:942][146]LogModuleManager: Shutting down and abandoning module AugmentedReality (51)
[2018.05.11-15.56.17:942][146]LogModuleManager: Shutting down and abandoning module OnlineBlueprintSupport (48)
[2018.05.11-15.56.17:942][146]LogModuleManager: Shutting down and abandoning module OnlineSubsystem (44)
[2018.05.11-15.56.17:942][146]LogModuleManager: Shutting down and abandoning module XMPP (43)
[2018.05.11-15.56.17:942][146]LogModuleManager: Shutting down and abandoning module HTTP (41)
[2018.05.11-15.56.17:968][146]LogModuleManager: Shutting down and abandoning module SSL (40)
[2018.05.11-15.56.17:970][146]LogModuleManager: Shutting down and abandoning module AnimationModifiers (36)
[2018.05.11-15.56.17:970][146]LogModuleManager: Shutting down and abandoning module PropertyEditor (35)
[2018.05.11-15.56.17:970][146]LogModuleManager: Shutting down and abandoning module AudioEditor (32)
[2018.05.11-15.56.17:970][146]LogModuleManager: Shutting down and abandoning module TextureCompressor (30)
[2018.05.11-15.56.17:970][146]LogModuleManager: Shutting down and abandoning module ShaderCore (28)
[2018.05.11-15.56.17:970][146]LogModuleManager: Shutting down and abandoning module Landscape (26)
[2018.05.11-15.56.17:970][146]LogModuleManager: Shutting down and abandoning module SlateRHIRenderer (24)
[2018.05.11-15.56.17:971][146]LogModuleManager: Shutting down and abandoning module OpenGLDrv (22)
[2018.05.11-15.56.17:971][146]LogModuleManager: Shutting down and abandoning module D3D11RHI (20)
[2018.05.11-15.56.17:971][146]LogModuleManager: Shutting down and abandoning module AnimGraphRuntime (18)
[2018.05.11-15.56.17:971][146]LogModuleManager: Shutting down and abandoning module Renderer (16)
[2018.05.11-15.56.17:971][146]LogModuleManager: Shutting down and abandoning module Engine (14)
[2018.05.11-15.56.17:971][146]LogModuleManager: Shutting down and abandoning module CoreUObject (12)
[2018.05.11-15.56.17:971][146]LogModuleManager: Shutting down and abandoning module NetworkFile (10)
[2018.05.11-15.56.17:971][146]LogModuleManager: Shutting down and abandoning module CookedIterativeFile (8)
[2018.05.11-15.56.17:971][146]LogModuleManager: Shutting down and abandoning module StreamingFile (6)
[2018.05.11-15.56.17:971][146]LogModuleManager: Shutting down and abandoning module SandboxFile (4)
[2018.05.11-15.56.17:971][146]LogModuleManager: Shutting down and abandoning module PakFile (2)
[2018.05.11-15.56.17:974][146]LogExit: Exiting.
[2018.05.11-15.56.17:977][146]Log file closed, 05/11/18 17:56:17
